/usr/local/go/bin/kubectl logs -f `/usr/local/go/bin/kubectl get pods -n oracle-database-operator-system|grep ords|cut -d ' ' -f 1` -n oracle-database-operator-system
** Copyright (c) 2022 Oracle and/or its affiliates.
**
** The Universal Permissive License (UPL), Version 1.0
**
** Subject to the condition set forth below, permission is hereby granted to any
** person obtaining a copy of this software, associated documentation and/or data
** (collectively the "Software"), free of charge and under any and all copyright
** rights in the Software, and any and all patent rights owned or freely
** licensable by each licensor hereunder covering either (i) the unmodified
** Software as contributed to or provided by such licensor, or (ii) the Larger
** Works (as defined below), to deal in both
**
** (a) the Software, and
** (b) any piece of software and/or hardware listed in the lrgrwrks.txt file if
** one is included with the Software (each a "Larger Work" to which the Software
** is contributed by such licensors),
**
** without restriction, including without limitation the rights to copy, create
** derivative works of, display, perform, and distribute the Software and make,
** use, sell, offer for sale, import, export, have made, and have sold the
** Software and the Larger Work(s), and to sublicense the foregoing rights on
** either these or other terms.
**
** This license is subject to the following condition:
** The above copyright notice and either this complete permission notice or at
** a minimum a reference to the UPL must be included in all copies or
** substantial portions of the Software.
**
** THE SOFTWARE IS PROVIDED "AS IS", WITHOUT WARRANTY OF ANY KIND, EXPRESS OR
** IMPLIED, INCLUDING BUT NOT LIMITED TO THE WARRANTIES OF MERCHANTABILITY,
** FITNESS FOR A PARTICULAR PURPOSE AND NONINFRINGEMENT. IN NO EVENT SHALL THE
** AUTHORS OR COPYRIGHT HOLDERS BE LIABLE FOR ANY CLAIM, DAMAGES OR OTHER
** LIABILITY, WHETHER IN AN ACTION OF CONTRACT, TORT OR OTHERWISE, ARISING FROM,
** OUT OF OR IN CONNECTION WITH THE SOFTWARE OR THE USE OR OTHER DEALINGS IN THE
** SOFTWARE.
ORDSVERSIN:23.4.0-8
NOT_INSTALLED=2
 SETUP 
====================================================
CONFIG=/etc/ords/config
Picked up _JAVA_OPTIONS: -Xms1126M -Xmx1126M

ORDS: Release 23.4 Production on Tue Aug 20 07:21:16 2024

Copyright (c) 2010, 2024, Oracle.

Configuration:
  /etc/ords/config/

The setting named: db.connectionType was set to: customurl in configuration: default
Picked up _JAVA_OPTIONS: -Xms1126M -Xmx1126M

ORDS: Release 23.4 Production on Tue Aug 20 07:21:18 2024

Copyright (c) 2010, 2024, Oracle.

Configuration:
  /etc/ords/config/

The setting named: db.customURL was set to: jdbc:oracle:thin:@(DESCRIPTION=(CONNECT_TIMEOUT=90)(RETRY_COUNT=30)(RETRY_DELAY=10)(TRANSPORT_CONNECT_TIMEOUT=70)(LOAD_BALLANCE=ON)(ADDRESS=(PROTOCOL=TCP)(HOST=scan12.testrac.com)(PORT=1521)(IP=V4_ONLY))(LOAD_BALLANCE=ON)(ADDRESS=(PROTOCOL=TCP)(HOST=scan34.testrac.com)(PORT=1521)(IP=V4_ONLY))(CONNECT_DATA=(SERVER=DEDICATED)(SERVICE_NAME=TESTORDS))) in configuration: default
Picked up _JAVA_OPTIONS: -Xms1126M -Xmx1126M

ORDS: Release 23.4 Production on Tue Aug 20 07:21:20 2024

Copyright (c) 2010, 2024, Oracle.

Configuration:
  /etc/ords/config/

The setting named: security.requestValidationFunction was set to: false in configuration: default
Picked up _JAVA_OPTIONS: -Xms1126M -Xmx1126M

ORDS: Release 23.4 Production on Tue Aug 20 07:21:22 2024

Copyright (c) 2010, 2024, Oracle.

Configuration:
  /etc/ords/config/

The setting named: jdbc.MaxLimit was set to: 100 in configuration: default
Picked up _JAVA_OPTIONS: -Xms1126M -Xmx1126M

ORDS: Release 23.4 Production on Tue Aug 20 07:21:24 2024

Copyright (c) 2010, 2024, Oracle.

Configuration:
  /etc/ords/config/

The setting named: jdbc.InitialLimit was set to: 50 in configuration: default
Picked up _JAVA_OPTIONS: -Xms1126M -Xmx1126M

ORDS: Release 23.4 Production on Tue Aug 20 07:21:25 2024

Copyright (c) 2010, 2024, Oracle.

Configuration:
  /etc/ords/config/

The global setting named: error.externalPath was set to: /opt/oracle/ords/error
Picked up _JAVA_OPTIONS: -Xms1126M -Xmx1126M

ORDS: Release 23.4 Production on Tue Aug 20 07:21:27 2024

Copyright (c) 2010, 2024, Oracle.

Configuration:
  /etc/ords/config/

The global setting named: standalone.access.log was set to: /home/oracle
Picked up _JAVA_OPTIONS: -Xms1126M -Xmx1126M

ORDS: Release 23.4 Production on Tue Aug 20 07:21:29 2024

Copyright (c) 2010, 2024, Oracle.

Configuration:
  /etc/ords/config/

The global setting named: standalone.https.port was set to: 8888
Picked up _JAVA_OPTIONS: -Xms1126M -Xmx1126M

ORDS: Release 23.4 Production on Tue Aug 20 07:21:31 2024

Copyright (c) 2010, 2024, Oracle.

Configuration:
  /etc/ords/config/

The global setting named: standalone.https.cert was set to: /opt/oracle/ords//secrets/tls.crt
Picked up _JAVA_OPTIONS: -Xms1126M -Xmx1126M

ORDS: Release 23.4 Production on Tue Aug 20 07:21:33 2024

Copyright (c) 2010, 2024, Oracle.

Configuration:
  /etc/ords/config/

The global setting named: standalone.https.cert.key was set to: /opt/oracle/ords//secrets/tls.key
Picked up _JAVA_OPTIONS: -Xms1126M -Xmx1126M

ORDS: Release 23.4 Production on Tue Aug 20 07:21:35 2024

Copyright (c) 2010, 2024, Oracle.

Configuration:
  /etc/ords/config/

The setting named: restEnabledSql.active was set to: true in configuration: default
Picked up _JAVA_OPTIONS: -Xms1126M -Xmx1126M

ORDS: Release 23.4 Production on Tue Aug 20 07:21:37 2024

Copyright (c) 2010, 2024, Oracle.

Configuration:
  /etc/ords/config/

The global setting named: security.verifySSL was set to: true
Picked up _JAVA_OPTIONS: -Xms1126M -Xmx1126M

ORDS: Release 23.4 Production on Tue Aug 20 07:21:39 2024

Copyright (c) 2010, 2024, Oracle.

Configuration:
  /etc/ords/config/

The global setting named: database.api.enabled was set to: true
Picked up _JAVA_OPTIONS: -Xms1126M -Xmx1126M

ORDS: Release 23.4 Production on Tue Aug 20 07:21:41 2024

Copyright (c) 2010, 2024, Oracle.

Configuration:
  /etc/ords/config/

The setting named: plsql.gateway.mode was set to: disabled in configuration: default
Picked up _JAVA_OPTIONS: -Xms1126M -Xmx1126M

ORDS: Release 23.4 Production on Tue Aug 20 07:21:43 2024

Copyright (c) 2010, 2024, Oracle.

Configuration:
  /etc/ords/config/

The global setting named: database.api.management.services.disabled was set to: false
Picked up _JAVA_OPTIONS: -Xms1126M -Xmx1126M

ORDS: Release 23.4 Production on Tue Aug 20 07:21:45 2024

Copyright (c) 2010, 2024, Oracle.

Configuration:
  /etc/ords/config/

The setting named: misc.pagination.maxRows was set to: 1000 in configuration: default
Picked up _JAVA_OPTIONS: -Xms1126M -Xmx1126M

ORDS: Release 23.4 Production on Tue Aug 20 07:21:47 2024

Copyright (c) 2010, 2024, Oracle.

Configuration:
  /etc/ords/config/

The setting named: db.cdb.adminUser was set to: C##DBAPI_CDB_ADMIN AS SYSDBA in configuration: default
Picked up _JAVA_OPTIONS: -Xms1126M -Xmx1126M

ORDS: Release 23.4 Production on Tue Aug 20 07:21:49 2024

Copyright (c) 2010, 2024, Oracle.

Configuration:
  /etc/ords/config/

The setting named: db.cdb.adminUser.password was set to: ****** in configuration: default
Picked up _JAVA_OPTIONS: -Xms1126M -Xmx1126M

ORDS: Release 23.4 Production on Tue Aug 20 07:21:51 2024

Copyright (c) 2010, 2024, Oracle.

Configuration:
  /etc/ords/config/

Created user welcome in file /etc/ords/config/global/credentials
Picked up _JAVA_OPTIONS: -Xms1126M -Xmx1126M

ORDS: Release 23.4 Production on Tue Aug 20 07:21:53 2024

Copyright (c) 2010, 2024, Oracle.

Configuration:
  /etc/ords/config/

Oracle REST Data Services - Non-Interactive Install

Retrieving information...
Completed verifying Oracle REST Data Services schema version 23.4.0.r3461619.
Connecting to database user: ORDS_PUBLIC_USER url: jdbc:oracle:thin:@(DESCRIPTION=(CONNECT_TIMEOUT=90)(RETRY_COUNT=30)(RETRY_DELAY=10)(TRANSPORT_CONNECT_TIMEOUT=70)(LOAD_BALLANCE=ON)(ADDRESS=(PROTOCOL=TCP)(HOST=scan12.testrac.com)(PORT=1521)(IP=V4_ONLY))(LOAD_BALLANCE=ON)(ADDRESS=(PROTOCOL=TCP)(HOST=scan34.testrac.com)(PORT=1521)(IP=V4_ONLY))(CONNECT_DATA=(SERVER=DEDICATED)(SERVICE_NAME=TESTORDS)))
The setting named: db.serviceNameSuffix was set to:  in configuration: default
The setting named: db.username was set to: ORDS_PUBLIC_USER in configuration: default
The setting named: db.password was set to: ****** in configuration: default
The setting named: security.requestValidationFunction was set to: ords_util.authorize_plsql_gateway in configuration: default
2024-08-20T07:21:57.563Z INFO        Oracle REST Data Services schema version 23.4.0.r3461619 is installed.
2024-08-20T07:21:57.565Z INFO        To run in standalone mode, use the ords serve command:
2024-08-20T07:21:57.565Z INFO        ords --config /etc/ords/config serve
2024-08-20T07:21:57.565Z INFO        Visit the ORDS Documentation to access tutorials, developer guides and more to help you get started with the new ORDS Command Line Interface (http://oracle.com/rest).
Picked up _JAVA_OPTIONS: -Xms1126M -Xmx1126M

ORDS: Release 23.4 Production on Tue Aug 20 07:21:59 2024

Copyright (c) 2010, 2024, Oracle.

Configuration:
  /etc/ords/config/

2024-08-20T07:21:59.739Z INFO        HTTP and HTTP/2 cleartext listening on host: 0.0.0.0 port: 8080
2024-08-20T07:21:59.741Z INFO        HTTPS and HTTPS/2 listening on host: 0.0.0.0 port: 8888
2024-08-20T07:21:59.765Z INFO        Disabling document root because the specified folder does not exist: /etc/ords/config/global/doc_root
2024-08-20T07:21:59.765Z INFO        Default forwarding from / to contextRoot configured.
2024-08-20T07:22:05.313Z INFO        Configuration properties for: |default|lo|
db.serviceNameSuffix=
java.specification.version=22
conf.use.wallet=true
database.api.management.services.disabled=false
sun.jnu.encoding=UTF-8
user.region=US
java.class.path=/opt/oracle/ords/ords.war
java.vm.vendor=Oracle Corporation
standalone.https.cert.key=/opt/oracle/ords//secrets/tls.key
sun.arch.data.model=64
nashorn.args=--no-deprecation-warning
java.vendor.url=https://java.oracle.com/
resource.templates.enabled=false
user.timezone=UTC
java.vm.specification.version=22
os.name=Linux
sun.java.launcher=SUN_STANDARD
user.country=US
sun.boot.library.path=/usr/java/jdk-22/lib
sun.java.command=/opt/oracle/ords/ords.war --config /etc/ords/config serve --port 8888 --secure
jdk.debug=release
sun.cpu.endian=little
user.home=/home/oracle
oracle.dbtools.launcher.executable.jar.path=/opt/oracle/ords/ords.war
user.language=en
db.cdb.adminUser.password=******
java.specification.vendor=Oracle Corporation
java.version.date=2024-07-16
database.api.enabled=true
java.home=/usr/java/jdk-22
db.username=ORDS_PUBLIC_USER
file.separator=/
java.vm.compressedOopsMode=32-bit
line.separator=

restEnabledSql.active=true
java.specification.name=Java Platform API Specification
java.vm.specification.vendor=Oracle Corporation
java.awt.headless=true
standalone.https.cert=/opt/oracle/ords//secrets/tls.crt
db.password=******
sun.management.compiler=HotSpot 64-Bit Tiered Compilers
security.requestValidationFunction=ords_util.authorize_plsql_gateway
misc.pagination.maxRows=1000
java.runtime.version=22.0.2+9-70
user.name=oracle
error.externalPath=/opt/oracle/ords/error
stdout.encoding=UTF-8
path.separator=:
db.cdb.adminUser=C##DBAPI_CDB_ADMIN AS SYSDBA
os.version=5.4.17-2136.329.3.1.el7uek.x86_64
java.runtime.name=Java(TM) SE Runtime Environment
file.encoding=UTF-8
plsql.gateway.mode=disabled
security.verifySSL=true
standalone.https.port=8888
java.vm.name=Java HotSpot(TM) 64-Bit Server VM
java.vendor.url.bug=https://bugreport.java.com/bugreport/
java.io.tmpdir=/tmp
oracle.dbtools.cmdline.ShellCommand=ords
java.version=22.0.2
user.dir=/home/oracle
os.arch=amd64
java.vm.specification.name=Java Virtual Machine Specification
jdbc.MaxLimit=100
oracle.dbtools.cmdline.home=/opt/oracle/ords
native.encoding=UTF-8
java.library.path=/usr/java/packages/lib:/usr/lib64:/lib64:/lib:/usr/lib
java.vendor=Oracle Corporation
java.vm.info=mixed mode, sharing
stderr.encoding=UTF-8
java.vm.version=22.0.2+9-70
sun.io.unicode.encoding=UnicodeLittle
jdbc.InitialLimit=50
db.connectionType=customurl
java.class.version=66.0
db.customURL=jdbc:oracle:thin:@(DESCRIPTION=(CONNECT_TIMEOUT=90)(RETRY_COUNT=30)(RETRY_DELAY=10)(TRANSPORT_CONNECT_TIMEOUT=70)(LOAD_BALLANCE=ON)(ADDRESS=(PROTOCOL=TCP)(HOST=scan12.testrac.com)(PORT=1521)(IP=V4_ONLY))(LOAD_BALLANCE=ON)(ADDRESS=(PROTOCOL=TCP)(HOST=scan34.testrac.com)(PORT=1521)(IP=V4_ONLY))(CONNECT_DATA=(SERVER=DEDICATED)(SERVICE_NAME=TESTORDS)))
standalone.access.log=/home/oracle

2024-08-20T07:22:09.268Z INFO        

Mapped local pools from /etc/ords/config/databases:
  /ords/                              => default                        => VALID     


2024-08-20T07:22:09.414Z INFO        Oracle REST Data Services initialized
Oracle REST Data Services version : 23.4.0.r3461619
Oracle REST Data Services server info: jetty/10.0.18
Oracle REST Data Services java info: Java HotSpot(TM) 64-Bit Server VM 22.0.2+9-70

