/usr/bin/openssl genrsa -out ca.key 2048
Generating RSA private key, 2048 bit long modulus
......................................................................................................................................................................................+++
...................................+++
e is 65537 (0x10001)
/usr/bin/openssl req -new -x509 -days 365 -key ca.key -subj "/C=CN/ST=GD/L=SZ/O=oracle, Inc./CN=oracle Root CA" -out ca.crt
/usr/bin/openssl req -newkey rsa:2048 -nodes -keyout tls.key -subj "/C=CN/ST=GD/L=SZ/O=oracle, Inc./CN=cdb-dev-ords" -out server.csr
Generating a 2048 bit RSA private key
...................................+++
........................................+++
writing new private key to 'tls.key'
-----
/usr/bin/echo "subjectAltName=DNS:cdb-dev-ords,DNS:www.example.com" > extfile.txt
/usr/bin/openssl x509 -req -extfile extfile.txt -days 365 -in server.csr -CA ca.crt -CAkey ca.key -CAcreateserial -out tls.crt
Signature ok
subject=/C=CN/ST=GD/L=SZ/O=oracle, Inc./CN=cdb-dev-ords
Getting CA Private Key
/usr/bin/kubectl create secret tls db-tls --key="tls.key" --cert="tls.crt"  -n oracle-database-operator-system
secret/db-tls created
/usr/bin/kubectl create secret generic db-ca --from-file="ca.crt" -n oracle-database-operator-system
secret/db-ca created

