Picked up _JAVA_OPTIONS: -Xms1126M -Xmx1126M
NOT_INSTALLED=2
 SETUP
====================================================
CONFIG=/etc/ords/config
+ export ORDS_LOGS=/tmp
+ ORDS_LOGS=/tmp
+ '[' -f /opt/oracle/ords//secrets/webserver_user ']'
++ cat /opt/oracle/ords//secrets/webserver_user
+ WEBSERVER_USER=....
+ '[' -f /opt/oracle/ords//secrets/webserver_pwd ']'
++ cat /opt/oracle/ords//secrets/webserver_pwd
+ WEBSERVER_PASSWORD=....
+ '[' -f /opt/oracle/ords//secrets/cdbadmin_user ']'
++ cat /opt/oracle/ords//secrets/cdbadmin_user
+ CDBADMIN_USER=....
+ '[' -f /opt/oracle/ords//secrets/cdbadmin_pwd ']'
++ cat /opt/oracle/ords//secrets/cdbadmin_pwd
+ CDBADMIN_PWD=....
+ '[' -f /opt/oracle/ords//secrets/sysadmin_pwd ']'
++ cat /opt/oracle/ords//secrets/sysadmin_pwd
+ SYSDBA_PASSWORD=.....
+ '[' -f /opt/oracle/ords//secrets/sysadmin_pwd ']'
++ cat /opt/oracle/ords//secrets/ords_pwd
+ ORDS_PASSWORD=....
+ setupHTTPS
+ rm -rf /home/oracle/keystore
+ '[' '!' -d /home/oracle/keystore ']'
+ mkdir /home/oracle/keystore
+ cd /home/oracle/keystore
+ cat
+ rm /home/oracle/keystore/PASSWORD
+ ls -ltr /home/oracle/keystore
total 0
+ SetParameter
+ /usr/local/bin/ords --config /etc/ords/config config set security.requestValidationFunction false
Picked up _JAVA_OPTIONS: -Xms1126M -Xmx1126M

ORDS: Release 22.3 Production on Tue Oct 11 07:45:22 2022

Copyright (c) 2010, 2022, Oracle.

Configuration:
  /etc/ords/config/

The setting named: security.requestValidationFunction was set to: false in configuration: default
+ /usr/local/bin/ords --config /etc/ords/config config set jdbc.MaxLimit 100
Picked up _JAVA_OPTIONS: -Xms1126M -Xmx1126M

ORDS: Release 22.3 Production on Tue Oct 11 07:45:23 2022

Copyright (c) 2010, 2022, Oracle.

Configuration:
  /etc/ords/config/

The setting named: jdbc.MaxLimit was set to: 100 in configuration: default
+ /usr/local/bin/ords --config /etc/ords/config config set jdbc.InitialLimit 50
Picked up _JAVA_OPTIONS: -Xms1126M -Xmx1126M

ORDS: Release 22.3 Production on Tue Oct 11 07:45:24 2022

Copyright (c) 2010, 2022, Oracle.

Configuration:
  /etc/ords/config/

The setting named: jdbc.InitialLimit was set to: 50 in configuration: default
+ /usr/local/bin/ords --config /etc/ords/config config set error.externalPath /opt/oracle/ords/error
Picked up _JAVA_OPTIONS: -Xms1126M -Xmx1126M

ORDS: Release 22.3 Production on Tue Oct 11 07:45:26 2022

Copyright (c) 2010, 2022, Oracle.

Configuration:
  /etc/ords/config/

The global setting named: error.externalPath was set to: /opt/oracle/ords/error
+ /usr/local/bin/ords --config /etc/ords/config config set standalone.access.log /home/oracle
Picked up _JAVA_OPTIONS: -Xms1126M -Xmx1126M

ORDS: Release 22.3 Production on Tue Oct 11 07:45:27 2022

Copyright (c) 2010, 2022, Oracle.

Configuration:
  /etc/ords/config/

The global setting named: standalone.access.log was set to: /home/oracle
+ /usr/local/bin/ords --config /etc/ords/config config set standalone.https.port 8888
Picked up _JAVA_OPTIONS: -Xms1126M -Xmx1126M

ORDS: Release 22.3 Production on Tue Oct 11 07:45:28 2022

Copyright (c) 2010, 2022, Oracle.

Configuration:
  /etc/ords/config/

The global setting named: standalone.https.port was set to: 8888
+ /usr/local/bin/ords --config /etc/ords/config config set standalone.https.cert /opt/oracle/ords//secrets/tls.crt
Picked up _JAVA_OPTIONS: -Xms1126M -Xmx1126M

ORDS: Release 22.3 Production on Tue Oct 11 07:45:29 2022

Copyright (c) 2010, 2022, Oracle.

Configuration:
  /etc/ords/config/

The global setting named: standalone.https.cert was set to: /opt/oracle/ords//secrets/tls.crt
+ /usr/local/bin/ords --config /etc/ords/config config set standalone.https.cert.key /opt/oracle/ords//secrets/tls.key
Picked up _JAVA_OPTIONS: -Xms1126M -Xmx1126M

ORDS: Release 22.3 Production on Tue Oct 11 07:45:31 2022

Copyright (c) 2010, 2022, Oracle.

Configuration:
  /etc/ords/config/

The global setting named: standalone.https.cert.key was set to: /opt/oracle/ords//secrets/tls.key
+ /usr/local/bin/ords --config /etc/ords/config config set restEnabledSql.active true
Picked up _JAVA_OPTIONS: -Xms1126M -Xmx1126M

ORDS: Release 22.3 Production on Tue Oct 11 07:45:32 2022

Copyright (c) 2010, 2022, Oracle.

Configuration:
  /etc/ords/config/

The setting named: restEnabledSql.active was set to: true in configuration: default
+ /usr/local/bin/ords --config /etc/ords/config config set security.verifySSL true
Picked up _JAVA_OPTIONS: -Xms1126M -Xmx1126M

ORDS: Release 22.3 Production on Tue Oct 11 07:45:33 2022

Copyright (c) 2010, 2022, Oracle.

Configuration:
  /etc/ords/config/

The global setting named: security.verifySSL was set to: true
+ /usr/local/bin/ords --config /etc/ords/config config set database.api.enabled true
Picked up _JAVA_OPTIONS: -Xms1126M -Xmx1126M

ORDS: Release 22.3 Production on Tue Oct 11 07:45:34 2022

Copyright (c) 2010, 2022, Oracle.

Configuration:
  /etc/ords/config/

The global setting named: database.api.enabled was set to: true
+ /usr/local/bin/ords --config /etc/ords/config config set plsql.gateway.mode false
Picked up _JAVA_OPTIONS: -Xms1126M -Xmx1126M

ORDS: Release 22.3 Production on Tue Oct 11 07:45:35 2022

Copyright (c) 2010, 2022, Oracle.

Configuration:
  /etc/ords/config/

Invalid VALUE argument false for KEY plsql.gateway.mode.
+ /usr/local/bin/ords --config /etc/ords/config config set database.api.management.services.disabled false
Picked up _JAVA_OPTIONS: -Xms1126M -Xmx1126M

ORDS: Release 22.3 Production on Tue Oct 11 07:45:37 2022

Copyright (c) 2010, 2022, Oracle.

Configuration:
  /etc/ords/config/

The global setting named: database.api.management.services.disabled was set to: false
+ /usr/local/bin/ords --config /etc/ords/config config set misc.pagination.maxRows 1000
Picked up _JAVA_OPTIONS: -Xms1126M -Xmx1126M

ORDS: Release 22.3 Production on Tue Oct 11 07:45:38 2022

Copyright (c) 2010, 2022, Oracle.

Configuration:
  /etc/ords/config/

The setting named: misc.pagination.maxRows was set to: 1000 in configuration: default
+ /usr/local/bin/ords --config /etc/ords/config config set db.cdb.adminUser 'C##DBAPI_CDB_ADMIN AS SYSDBA'
Picked up _JAVA_OPTIONS: -Xms1126M -Xmx1126M

ORDS: Release 22.3 Production on Tue Oct 11 07:45:39 2022

Copyright (c) 2010, 2022, Oracle.

Configuration:
  /etc/ords/config/

The setting named: db.cdb.adminUser was set to: C##DBAPI_CDB_ADMIN AS SYSDBA in configuration: default
+ /usr/local/bin/ords --config /etc/ords/config config secret --password-stdin db.cdb.adminUser.password
Picked up _JAVA_OPTIONS: -Xms1126M -Xmx1126M

ORDS: Release 22.3 Production on Tue Oct 11 07:45:40 2022

Copyright (c) 2010, 2022, Oracle.

Configuration:
  /etc/ords/config/

The setting named: db.cdb.adminUser.password was set to: ****** in configuration: default
+ /usr/local/bin/ords --config /etc/ords/config config user add --password-stdin sql_admin 'SQL Administrator, System Administrator'
Picked up _JAVA_OPTIONS: -Xms1126M -Xmx1126M

ORDS: Release 22.3 Production on Tue Oct 11 07:45:42 2022

Copyright (c) 2010, 2022, Oracle.

Configuration:
  /etc/ords/config/

Created user sql_admin in file /etc/ords/config/global/credentials
+ /usr/local/bin/ords --config /etc/ords/config install --admin-user 'SYS AS SYSDBA' --db-hostname racnode1.testrac.com --db-port 1521 --db-servicename TESTORDS --feature-db-api true --feature-rest-enabled-sql true --log-folder /tmp --proxy-user --password-stdin
Picked up _JAVA_OPTIONS: -Xms1126M -Xmx1126M

ORDS: Release 22.3 Production on Tue Oct 11 07:45:43 2022

Copyright (c) 2010, 2022, Oracle.

Configuration:
  /etc/ords/config/

Oracle REST Data Services - Non-Interactive Install
Connecting to database user: SYS AS SYSDBA url: jdbc:oracle:thin:@//racnode1.testrac.com:1521/TESTORDS

Retrieving information..
Your database connection is to a CDB.  ORDS common user ORDS_PUBLIC_USER will be created in the CDB.  ORDS schema will be installed in the PDBs.
Root CDB$ROOT - create ORDS common user
PDB PDB$SEED - install ORDS 22.3.0.r2781755
PDB PDB$SEED - configure PL/SQL gateway user APEX_PUBLIC_USER in ORDS version 22.3.0.r2781755

The setting named: db.connectionType was set to: basic in configuration: default
The setting named: db.hostname was set to: racnode1.testrac.com in configuration: default
The setting named: db.port was set to: 1521 in configuration: default
The setting named: db.servicename was set to: TESTORDS in configuration: default
The setting named: db.serviceNameSuffix was set to:  in configuration: default
The setting named: plsql.gateway.mode was set to: proxied in configuration: default
The setting named: db.username was set to: ORDS_PUBLIC_USER in configuration: default
The setting named: db.password was set to: ****** in configuration: default
The setting named: security.requestValidationFunction was set to: wwv_flow_epg_include_modules.authorize in configuration: default
2022-10-11T07:45:45.885Z INFO        Installing Oracle REST Data Services version 22.3.0.r2781755 in CDB$ROOT
2022-10-11T07:45:46.703Z INFO        ... Verified database prerequisites
2022-10-11T07:45:46.946Z INFO        ... Created Oracle REST Data Services proxy user
2022-10-11T07:45:46.979Z INFO        Completed installation for Oracle REST Data Services version 22.3.0.r2781755. Elapsed time: 00:00:01.71

2022-10-11T07:45:46.986Z INFO        Installing Oracle REST Data Services version 22.3.0.r2781755 in PDB$SEED
2022-10-11T07:45:47.078Z INFO        ... Verified database prerequisites
2022-10-11T07:45:47.290Z INFO        ... Created Oracle REST Data Services proxy user
2022-10-11T07:45:47.741Z INFO        ... Created Oracle REST Data Services schema
2022-10-11T07:45:48.097Z INFO        ... Granted privileges to Oracle REST Data Services
2022-10-11T07:45:51.848Z INFO        ... Created Oracle REST Data Services database objects
2022-10-11T07:46:00.829Z INFO        Completed installation for Oracle REST Data Services version 22.3.0.r2781755. Elapsed time: 00:00:13.841

2022-10-11T07:46:00.898Z INFO        Completed configuring PL/SQL gateway user for Oracle REST Data Services version 22.3.0.r2781755. Elapsed time: 00:00:00.68

2022-10-11T07:46:00.898Z INFO        Completed CDB installation for Oracle REST Data Services version 22.3.0.r2781755. Total elapsed time: 00:00:15.17

2022-10-11T07:46:00.898Z INFO        Log file written to /tmp/ords_cdb_install_2022-10-11_074545_78000.log
2022-10-11T07:46:00.901Z INFO        To run in standalone mode, use the ords serve command:
2022-10-11T07:46:00.901Z INFO        ords --config /etc/ords/config serve
2022-10-11T07:46:00.901Z INFO        Visit the ORDS Documentation to access tutorials, developer guides and more to help you get started with the new ORDS Command Line Interface (http://oracle.com/rest).
+ '[' 0 -ne 0 ']'
+ StartUp
+ /usr/local/bin/ords --config /etc/ords/config serve --port 8888 --secure
Picked up _JAVA_OPTIONS: -Xms1126M -Xmx1126M

ORDS: Release 22.3 Production on Tue Oct 11 07:46:02 2022

Copyright (c) 2010, 2022, Oracle.

Configuration:
  /etc/ords/config/

2022-10-11T07:46:02.286Z INFO        HTTPS and HTTPS/2 listening on host: 0.0.0.0 port: 8888
2022-10-11T07:46:02.302Z INFO        Disabling document root because the specified folder does not exist: /etc/ords/config/global/doc_root
2022-10-11T07:46:04.636Z INFO        Configuration properties for: |default|lo|
db.servicename=TESTORDS
db.serviceNameSuffix=
java.specification.version=19
conf.use.wallet=true
database.api.management.services.disabled=false
sun.jnu.encoding=UTF-8
user.region=US
java.class.path=/opt/oracle/ords/ords.war
java.vm.vendor=Oracle Corporation
standalone.https.cert.key=/opt/oracle/ords//secrets/tls.key
sun.arch.data.model=64
nashorn.args=--no-deprecation-warning
java.vendor.url=https://java.oracle.com/
resource.templates.enabled=false
user.timezone=UTC
db.port=1521
java.vm.specification.version=19
os.name=Linux
sun.java.launcher=SUN_STANDARD
user.country=US
sun.boot.library.path=/usr/java/jdk-19/lib
sun.java.command=/opt/oracle/ords/ords.war --config /etc/ords/config serve --port 8888 --secure
jdk.debug=release
sun.cpu.endian=little
user.home=/home/oracle
oracle.dbtools.launcher.executable.jar.path=/opt/oracle/ords/ords.war
user.language=en
db.cdb.adminUser.password=******
java.specification.vendor=Oracle Corporation
java.version.date=2022-09-20
database.api.enabled=true
java.home=/usr/java/jdk-19
db.username=ORDS_PUBLIC_USER
file.separator=/
java.vm.compressedOopsMode=32-bit
line.separator=

restEnabledSql.active=true
java.specification.name=Java Platform API Specification
java.vm.specification.vendor=Oracle Corporation
java.awt.headless=true
standalone.https.cert=/opt/oracle/ords//secrets/tls.crt
db.hostname=racnode1.testrac.com
db.password=******
sun.management.compiler=HotSpot 64-Bit Tiered Compilers
security.requestValidationFunction=wwv_flow_epg_include_modules.authorize
misc.pagination.maxRows=1000
java.runtime.version=19+36-2238
user.name=oracle
error.externalPath=/opt/oracle/ords/error
stdout.encoding=UTF-8
path.separator=:
db.cdb.adminUser=C##DBAPI_CDB_ADMIN AS SYSDBA
os.version=5.4.17-2136.308.9.el7uek.x86_64
java.runtime.name=Java(TM) SE Runtime Environment
file.encoding=UTF-8
plsql.gateway.mode=proxied
security.verifySSL=true
standalone.https.port=8888
java.vm.name=Java HotSpot(TM) 64-Bit Server VM
java.vendor.url.bug=https://bugreport.java.com/bugreport/
java.io.tmpdir=/tmp
oracle.dbtools.cmdline.ShellCommand=ords
java.version=19
user.dir=/home/oracle/keystore
os.arch=amd64
java.vm.specification.name=Java Virtual Machine Specification
jdbc.MaxLimit=100
oracle.dbtools.cmdline.home=/opt/oracle/ords
native.encoding=UTF-8
java.library.path=/usr/java/packages/lib:/usr/lib64:/lib64:/lib:/usr/lib
java.vendor=Oracle Corporation
java.vm.info=mixed mode, sharing
stderr.encoding=UTF-8
java.vm.version=19+36-2238
sun.io.unicode.encoding=UnicodeLittle
jdbc.InitialLimit=50
db.connectionType=basic
java.class.version=63.0
standalone.access.log=/home/oracle

2022-10-11T07:46:06.669Z INFO        Oracle REST Data Services initialized
Oracle REST Data Services version : 22.3.0.r2781755
Oracle REST Data Services server info: jetty/10.0.11
Oracle REST Data Services java info: Java HotSpot(TM) 64-Bit Server VM 19+36-2238

