-- Check the Oracle DB Operator Pod and CDB CRD Pod status:

% kubectl get all -n oracle-database-operator-system
NAME                                                               READY   STATUS    RESTARTS   AGE
pod/cdb-dev-ords-rs-5bztb                                          1/1     Running   0          5m23s
pod/cdb-dev-ords-rs-q2b68                                          1/1     Running   0          12m
pod/oracle-database-operator-controller-manager-76cb674c5c-4nrh8   1/1     Running   0          4d10h
pod/oracle-database-operator-controller-manager-76cb674c5c-f9wsd   1/1     Running   1          4d10h
pod/oracle-database-operator-controller-manager-76cb674c5c-xsv9g   1/1     Running   2          4d10h

NAME                                                                  TYPE        CLUSTER-IP      EXTERNAL-IP   PORT(S)    AGE
service/cdb-dev-ords                                                  ClusterIP   None            <none>        <none>     11m
service/oracle-database-operator-controller-manager-metrics-service   ClusterIP   10.96.98.47     <none>        8443/TCP   5d2h
service/oracle-database-operator-webhook-service                      ClusterIP   10.96.166.163   <none>        443/TCP    5d2h

NAME                                                          READY   UP-TO-DATE   AVAILABLE   AGE
deployment.apps/oracle-database-operator-controller-manager   3/3     3            3           5d2h

NAME                                                                     DESIRED   CURRENT   READY   AGE
replicaset.apps/cdb-dev-ords-rs                                          2         2         2       12m
replicaset.apps/oracle-database-operator-controller-manager-76cb674c5c   3         3         3       5d2h


-- Check the current PDB CRD resource:

% kubectl get pdbs -A
NAMESPACE                         NAME         CONNECT STRING                                                      CDB NAME   PDB NAME     PDB STATE    PDB SIZE   STATUS   MESSAGE
oracle-database-operator-system   pdb1         goldhost-scan.lbsub52b3b1cae.okecluster.oraclevcn.com:1521/pdbnew   goldcdb    pdbnew       READ WRITE   1G         Ready    Success


-- Check the current PDBs in the target CDB:

SQL> show pdbs

    CON_ID CON_NAME			  OPEN MODE  RESTRICTED
---------- ------------------------------ ---------- ----------
	 2 PDB$SEED			  READ WRITE NO
	 3 PDBNEW			  READ WRITE NO



-- .yaml file used in this use case to clone a PDB:

% cat clone_pdb.yaml
#
# Copyright (c) 2022, Oracle and/or its affiliates. All rights reserved.
# Licensed under the Universal Permissive License v 1.0 as shown at http://oss.oracle.com/licenses/upl.
#
apiVersion: database.oracle.com/v1alpha1
kind: PDB
metadata:
  name: pdb1-clone
  namespace: oracle-database-operator-system
  labels:
    cdb: cdb-dev
spec:
  cdbResName: "cdb-dev"
  cdbName: "goldcdb"
  pdbName: "pdbnewclone"
  srcPdbName: "pdbnew"
  fileNameConversions: "NONE"
  totalSize: "UNLIMITED"
  tempSize: "UNLIMITED"
  action: "Clone"


-- Apply the .yaml file:

% kubectl apply -f clone_pdb.yaml
pdb.database.oracle.com/pdb1-clone created



- Monitor the logs from the Oracle DB Operator Pod:

% kubectl logs -f pod/oracle-database-operator-controller-manager-76cb674c5c-f9wsd -n oracle-database-operator-system
.
.
2022-06-27T03:37:21Z	DEBUG	controller-runtime.webhook.webhooks	received request	{"webhook": "/mutate-database-oracle-com-v1alpha1-pdb", "UID": "7fbbd983-0309-4603-9c3e-77f7ffded000", "kind": "database.oracle.com/v1alpha1, Kind=PDB", "resource": {"group":"database.oracle.com","version":"v1alpha1","resource":"pdbs"}}
2022-06-27T03:37:21Z	INFO	pdb-webhook	Setting default values in PDB spec for : pdb1-clone
2022-06-27T03:37:21Z	INFO	pdb-webhook	 - reuseTempFile : true
2022-06-27T03:37:21Z	INFO	pdb-webhook	 - unlimitedStorage : true
2022-06-27T03:37:21Z	INFO	pdb-webhook	 - tdeImport : false
2022-06-27T03:37:21Z	INFO	pdb-webhook	 - tdeExport : false
2022-06-27T03:37:21Z	INFO	pdb-webhook	 - asClone : false
2022-06-27T03:37:21Z	INFO	pdb-webhook	 - getScript : false
2022-06-27T03:37:21Z	DEBUG	controller-runtime.webhook.webhooks	wrote response	{"webhook": "/mutate-database-oracle-com-v1alpha1-pdb", "code": 200, "reason": "", "UID": "7fbbd983-0309-4603-9c3e-77f7ffded000", "allowed": true}
2022-06-27T03:37:21Z	DEBUG	controller-runtime.webhook.webhooks	received request	{"webhook": "/validate-database-oracle-com-v1alpha1-pdb", "UID": "12aa43ea-df81-4931-b29b-d665c121590f", "kind": "database.oracle.com/v1alpha1, Kind=PDB", "resource": {"group":"database.oracle.com","version":"v1alpha1","resource":"pdbs"}}
2022-06-27T03:37:21Z	INFO	pdb-webhook	ValidateCreate-Validating PDB spec for : pdb1-clone
2022-06-27T03:37:21Z	INFO	pdb-webhook	validateCommon	{"name": "pdb1-clone"}
2022-06-27T03:37:21Z	INFO	pdb-webhook	Valdiating PDB Resource Action : CLONE
2022-06-27T03:37:21Z	INFO	pdb-webhook	PDB Resource : pdb1-clone successfully validated for Action : CLONE
2022-06-27T03:37:21Z	DEBUG	controller-runtime.webhook.webhooks	wrote response	{"webhook": "/validate-database-oracle-com-v1alpha1-pdb", "code": 200, "reason": "", "UID": "12aa43ea-df81-4931-b29b-d665c121590f", "allowed": true}
2022-06-27T03:37:21Z	INFO	controllers.PDB	Reconcile requested	{"onpremdboperator": "oracle-database-operator-system/pdb1-clone"}
2022-06-27T03:37:21Z	INFO	controllers.PDB	Adding finalizer	{"managePDBDeletion": "oracle-database-operator-system/pdb1-clone"}
2022-06-27T03:37:21Z	DEBUG	controller-runtime.webhook.webhooks	received request	{"webhook": "/mutate-database-oracle-com-v1alpha1-pdb", "UID": "b3bbaa0d-6865-4dd1-9ca9-d54f916a8d66", "kind": "database.oracle.com/v1alpha1, Kind=PDB", "resource": {"group":"database.oracle.com","version":"v1alpha1","resource":"pdbs"}}
2022-06-27T03:37:21Z	INFO	pdb-webhook	Setting default values in PDB spec for : pdb1-clone
2022-06-27T03:37:21Z	DEBUG	controller-runtime.webhook.webhooks	wrote response	{"webhook": "/mutate-database-oracle-com-v1alpha1-pdb", "code": 200, "reason": "", "UID": "b3bbaa0d-6865-4dd1-9ca9-d54f916a8d66", "allowed": true}
2022-06-27T03:37:21Z	DEBUG	controller-runtime.webhook.webhooks	received request	{"webhook": "/validate-database-oracle-com-v1alpha1-pdb", "UID": "5924d376-7a5c-4d4a-8ca9-040c585fb4b6", "kind": "database.oracle.com/v1alpha1, Kind=PDB", "resource": {"group":"database.oracle.com","version":"v1alpha1","resource":"pdbs"}}
2022-06-27T03:37:21Z	INFO	pdb-webhook	ValidateUpdate-Validating PDB spec for : pdb1-clone
2022-06-27T03:37:21Z	INFO	pdb-webhook	validateCommon	{"name": "pdb1-clone"}
2022-06-27T03:37:21Z	INFO	pdb-webhook	Valdiating PDB Resource Action : CLONE
2022-06-27T03:37:21Z	DEBUG	controller-runtime.webhook.webhooks	wrote response	{"webhook": "/validate-database-oracle-com-v1alpha1-pdb", "code": 200, "reason": "", "UID": "5924d376-7a5c-4d4a-8ca9-040c585fb4b6", "allowed": true}
2022-06-27T03:37:21Z	INFO	controllers.PDB	Found PDB: pdb1-clone	{"checkDuplicatePDB": "oracle-database-operator-system/pdb1-clone"}
2022-06-27T03:37:21Z	INFO	controllers.PDB	Validating PDB phase for: pdb1-clone	{"validatePhase": "oracle-database-operator-system/pdb1-clone", "Action": "CLONE"}
2022-06-27T03:37:21Z	INFO	controllers.PDB	Validation complete	{"validatePhase": "oracle-database-operator-system/pdb1-clone"}
2022-06-27T03:37:21Z	INFO	controllers.PDB	PDB:	{"onpremdboperator": "oracle-database-operator-system/pdb1-clone", "Name": "pdb1-clone", "Phase": "Cloning", "Status": "false"}
2022-06-27T03:37:21Z	INFO	controllers.PDB	Found CR for CDB	{"getCDBResource": "oracle-database-operator-system/pdb1-clone", "Name": "cdb-dev", "CR Name": "cdb-dev"}
2022-06-27T03:37:21Z	INFO	controllers.PDB	Issuing REST call	{"callAPI": "oracle-database-operator-system/pdb1-clone", "URL": "http://cdb-dev-ords:8888/ords/_/db-api/latest/database/pdbs/pdbnew/", "Action": "POST"}
2022-06-27T03:37:21Z	INFO	controllers.PDB	Found CR for CDB	{"getCDBResource": "oracle-database-operator-system/pdb1-clone", "Name": "cdb-dev", "CR Name": "cdb-dev"}
2022-06-27T03:38:01Z	INFO	controllers.PDB	Cloned PDB successfully	{"clonePDB": "oracle-database-operator-system/pdb1-clone", "Source PDB Name": "pdbnew", "Clone PDB Name": "pdbnewclone"}
2022-06-27T03:38:01Z	INFO	controllers.PDB	Found CR for CDB	{"getCDBResource": "oracle-database-operator-system/pdb1-clone", "Name": "cdb-dev", "CR Name": "cdb-dev"}
2022-06-27T03:38:01Z	DEBUG	events	Normal	{"object": {"kind":"PDB","namespace":"oracle-database-operator-system","name":"pdb1-clone","uid":"16276c26-60a3-463b-bdd5-10bd328f9d43","apiVersion":"database.oracle.com/v1alpha1","resourceVersion":"101449482"}, "reason": "Created", "message": "PDB 'pdbnewclone' cloned successfully"}
2022-06-27T03:38:01Z	INFO	controllers.PDB	Issuing REST call	{"callAPI": "oracle-database-operator-system/pdb1-clone", "URL": "http://cdb-dev-ords:8888/ords/_/db-api/latest/database/pdbs/pdbnewclone/status", "Action": "GET"}
2022-06-27T03:38:01Z	INFO	controllers.PDB	Found CR for CDB	{"getCDBResource": "oracle-database-operator-system/pdb1-clone", "Name": "cdb-dev", "CR Name": "cdb-dev"}
2022-06-27T03:38:01Z	INFO	controllers.PDB	Successfully obtained PDB state	{"getPDBState": "oracle-database-operator-system/pdb1-clone", "PDB Name": "pdbnewclone", "State": "READ WRITE"}
2022-06-27T03:38:01Z	INFO	controllers.PDB	Reconcile completed	{"onpremdboperator": "oracle-database-operator-system/pdb1-clone"}



-- Check the status of the new PDB CRD resource created by cloning:

% kubectl get pdbs -A
NAMESPACE                         NAME         CONNECT STRING                                                           CDB NAME   PDB NAME      PDB STATE    PDB SIZE   STATUS   MESSAGE
oracle-database-operator-system   pdb1         goldhost-scan.lbsub52b3b1cae.okecluster.oraclevcn.com:1521/pdbnew        goldcdb    pdbnew        READ WRITE   1G         Ready    Success
oracle-database-operator-system   pdb1-clone   goldhost-scan.lbsub52b3b1cae.okecluster.oraclevcn.com:1521/pdbnewclone   goldcdb    pdbnewclone   READ WRITE              Ready    Success


-- Verify the new PDB created from the target CDB:

SQL> show pdbs

    CON_ID CON_NAME			  OPEN MODE  RESTRICTED
---------- ------------------------------ ---------- ----------
	 2 PDB$SEED			  READ WRITE NO
	 3 PDBNEW			  READ WRITE NO
	 4 PDBNEWCLONE			  READ WRITE NO
