-- Check the Oracle DB Operator Pod and CDB CRD Pod status:

% kubectl get all -n oracle-database-operator-system
NAME                                                               READY   STATUS    RESTARTS   AGE
pod/cdb-dev-ords-rs-5bztb                                          1/1     Running   0          5m23s
pod/cdb-dev-ords-rs-q2b68                                          1/1     Running   0          12m
pod/oracle-database-operator-controller-manager-76cb674c5c-4nrh8   1/1     Running   0          4d10h
pod/oracle-database-operator-controller-manager-76cb674c5c-f9wsd   1/1     Running   1          4d10h
pod/oracle-database-operator-controller-manager-76cb674c5c-xsv9g   1/1     Running   2          4d10h

NAME                                                                  TYPE        CLUSTER-IP      EXTERNAL-IP   PORT(S)    AGE
service/cdb-dev-ords                                                  ClusterIP   None            <none>        <none>     11m
service/oracle-database-operator-controller-manager-metrics-service   ClusterIP   10.96.98.47     <none>        8443/TCP   5d2h
service/oracle-database-operator-webhook-service                      ClusterIP   10.96.166.163   <none>        443/TCP    5d2h

NAME                                                          READY   UP-TO-DATE   AVAILABLE   AGE
deployment.apps/oracle-database-operator-controller-manager   3/3     3            3           5d2h

NAME                                                                     DESIRED   CURRENT   READY   AGE
replicaset.apps/cdb-dev-ords-rs                                          2         2         2       12m
replicaset.apps/oracle-database-operator-controller-manager-76cb674c5c   3         3         3       5d2h



-- PDB secrets in this use case were created using the below file:

% cat pdb_secret.yaml
#
# Copyright (c) 2022, Oracle and/or its affiliates. All rights reserved.
# Licensed under the Universal Permissive License v 1.0 as shown at http://oss.oracle.com/licenses/upl.
#
apiVersion: v1
kind: Secret
metadata:
  name: pdb1-secret
  namespace: oracle-database-operator-system
type: Opaque
data:
  sysadmin_user: "cGRiYWRtaW4="
  sysadmin_pwd: "V0VsY29tZV8yMSMj"


-- This is the .yaml file used to create a PDB CRD resource in this use case:

% cat pdb.yaml
#
# Copyright (c) 2022, Oracle and/or its affiliates. All rights reserved.
# Licensed under the Universal Permissive License v 1.0 as shown at http://oss.oracle.com/licenses/upl.
#
apiVersion: database.oracle.com/v1alpha1
kind: PDB
metadata:
  name: pdb1
  namespace: oracle-database-operator-system
  labels:
    cdb: cdb-dev
spec:
  cdbResName: "cdb-dev"
  cdbName: "goldcdb"
  pdbName: "pdbnew"
  adminName:
    secret:
      secretName: "pdb1-secret"
      key: "sysadmin_user"
  adminPwd:
    secret:
      secretName: "pdb1-secret"
      key: "sysadmin_pwd"
  fileNameConversions: "NONE"
  totalSize: "1G"
  tempSize: "100M"
  action: "Create"




-- Apply the .yaml files:

% kubectl apply -f pdb_secret.yaml
secret/pdb1-secret created

% kubectl apply -f pdb.yaml
pdb.database.oracle.com/pdb1 created


-- Monitor the logs from the Oracle DB Operator Pod:

% kubectl logs -f pod/oracle-database-operator-controller-manager-76cb674c5c-f9wsd -n oracle-database-operator-system
.
.
2022-06-27T03:28:30Z	DEBUG	controller-runtime.webhook.webhooks	received request	{"webhook": "/mutate-database-oracle-com-v1alpha1-pdb", "UID": "6fca0e37-8fd9-4ccd-86ad-2edec604a28b", "kind": "database.oracle.com/v1alpha1, Kind=PDB", "resource": {"group":"database.oracle.com","version":"v1alpha1","resource":"pdbs"}}
2022-06-27T03:28:30Z	INFO	pdb-webhook	Setting default values in PDB spec for : pdb1
2022-06-27T03:28:30Z	INFO	pdb-webhook	 - reuseTempFile : true
2022-06-27T03:28:30Z	INFO	pdb-webhook	 - unlimitedStorage : true
2022-06-27T03:28:30Z	INFO	pdb-webhook	 - tdeImport : false
2022-06-27T03:28:30Z	INFO	pdb-webhook	 - tdeExport : false
2022-06-27T03:28:30Z	INFO	pdb-webhook	 - asClone : false
2022-06-27T03:28:30Z	DEBUG	controller-runtime.webhook.webhooks	wrote response	{"webhook": "/mutate-database-oracle-com-v1alpha1-pdb", "code": 200, "reason": "", "UID": "6fca0e37-8fd9-4ccd-86ad-2edec604a28b", "allowed": true}
2022-06-27T03:28:30Z	DEBUG	controller-runtime.webhook.webhooks	received request	{"webhook": "/validate-database-oracle-com-v1alpha1-pdb", "UID": "6ae20043-fa1a-4eba-b943-a2266183da48", "kind": "database.oracle.com/v1alpha1, Kind=PDB", "resource": {"group":"database.oracle.com","version":"v1alpha1","resource":"pdbs"}}
2022-06-27T03:28:30Z	INFO	pdb-webhook	ValidateUpdate-Validating PDB spec for : pdb1
2022-06-27T03:28:30Z	INFO	pdb-webhook	validateCommon	{"name": "pdb1"}
2022-06-27T03:28:30Z	INFO	pdb-webhook	Valdiating PDB Resource Action : CREATE
2022-06-27T03:28:30Z	DEBUG	controller-runtime.webhook.webhooks	wrote response	{"webhook": "/validate-database-oracle-com-v1alpha1-pdb", "code": 200, "reason": "", "UID": "6ae20043-fa1a-4eba-b943-a2266183da48", "allowed": true}
2022-06-27T03:28:30Z	INFO	controllers.PDB	Reconcile requested	{"onpremdboperator": "oracle-database-operator-system/pdb1"}
2022-06-27T03:28:30Z	INFO	controllers.PDB	Validating PDB phase for: pdb1	{"validatePhase": "oracle-database-operator-system/pdb1", "Action": "CREATE"}
2022-06-27T03:28:30Z	INFO	controllers.PDB	Validation complete	{"validatePhase": "oracle-database-operator-system/pdb1"}
2022-06-27T03:28:30Z	INFO	controllers.PDB	PDB:	{"onpremdboperator": "oracle-database-operator-system/pdb1", "Name": "pdb1", "Phase": "Creating", "Status": "false"}
2022-06-27T03:28:30Z	INFO	controllers.PDB	Found CR for CDB	{"getCDBResource": "oracle-database-operator-system/pdb1", "Name": "cdb-dev", "CR Name": "cdb-dev"}
2022-06-27T03:28:30Z	INFO	controllers.PDB	Issuing REST call	{"callAPI": "oracle-database-operator-system/pdb1", "URL": "http://cdb-dev-ords:8888/ords/_/db-api/latest/database/pdbs/", "Action": "POST"}
2022-06-27T03:28:30Z	INFO	controllers.PDB	Found CR for CDB	{"getCDBResource": "oracle-database-operator-system/pdb1", "Name": "cdb-dev", "CR Name": "cdb-dev"}
2022-06-27T03:29:04Z	INFO	controllers.PDB	Created PDB Resource	{"createPDB": "oracle-database-operator-system/pdb1", "PDB Name": "pdbnew"}
2022-06-27T03:29:04Z	INFO	controllers.PDB	Found CR for CDB	{"getCDBResource": "oracle-database-operator-system/pdb1", "Name": "cdb-dev", "CR Name": "cdb-dev"}
2022-06-27T03:29:04Z	DEBUG	events	Normal	{"object": {"kind":"PDB","namespace":"oracle-database-operator-system","name":"pdb1","uid":"81f2e686-6e1b-4e2c-8a2f-e20c2f99d6b9","apiVersion":"database.oracle.com/v1alpha1","resourceVersion":"101446779"}, "reason": "Created", "message": "PDB 'pdbnew' created successfully"}
2022-06-27T03:29:04Z	INFO	controllers.PDB	Issuing REST call	{"callAPI": "oracle-database-operator-system/pdb1", "URL": "http://cdb-dev-ords:8888/ords/_/db-api/latest/database/pdbs/pdbnew/status", "Action": "GET"}
2022-06-27T03:29:04Z	INFO	controllers.PDB	Found CR for CDB	{"getCDBResource": "oracle-database-operator-system/pdb1", "Name": "cdb-dev", "CR Name": "cdb-dev"}
2022-06-27T03:29:04Z	INFO	controllers.PDB	Successfully obtained PDB state	{"getPDBState": "oracle-database-operator-system/pdb1", "PDB Name": "pdbnew", "State": "READ WRITE"}
2022-06-27T03:29:04Z	INFO	controllers.PDB	Reconcile completed	{"onpremdboperator": "oracle-database-operator-system/pdb1"}




-- Check the status of the PDB CRD Resource created:

% kubectl get pdbs -A
NAMESPACE                         NAME         CONNECT STRING                                                      CDB NAME   PDB NAME     PDB STATE    PDB SIZE   STATUS   MESSAGE
oracle-database-operator-system   pdb1         goldhost-scan.lbsub52b3b1cae.okecluster.oraclevcn.com:1521/pdbnew   goldcdb    pdbnew       READ WRITE   1G         Ready    Success


-- The status as "Ready" and message as "Success" confirms that the resource has been created successfully.


-- Verify that the PDB is created from CDB:

SQL> show pdbs

    CON_ID CON_NAME			  OPEN MODE  RESTRICTED
---------- ------------------------------ ---------- ----------
	 2 PDB$SEED			  READ WRITE NO
	 3 PDBNEW			  READ WRITE NO
