-- Clone the software using git

% git clone git@orahub.oci.oraclecorp.com:rac-docker-dev/oracle-database-operator.git
Cloning into 'oracle-database-operator'...
Use of the Oracle network and applications is intended solely for Oracle's authorized users. The use of these resources by Oracle employees and contractors is subject to company policies, including the Code of Conduct, Acceptable Use Policy and Information Protection Policy; access may be monitored and logged, to the extent permitted by law, in accordance with Oracle policies. Unauthorized use may result in termination of your access, disciplinary action and/or civil and criminal penalties.
remote: Enumerating objects: 11244, done.
remote: Counting objects: 100% (506/506), done.
remote: Compressing objects: 100% (205/205), done.
remote: Total 11244 (delta 305), reused 493 (delta 296), pack-reused 10738
Receiving objects: 100% (11244/11244), 4.11 MiB | 397.00 KiB/s, done.
Resolving deltas: 100% (7510/7510), done.
% cd oracle-database-operator/ords/


-- Download the ORDS Version 21.4.3 software and copy that to the current location:

% ls -rlt
total 79968
-rw-rw-rw- 1 root root 81861484 Jun 26 04:07 ords-21.4.3.117.0405.zip
-rw-r--r-- 1 root root      266 Jun 26 04:13 standalone.properties.tmpl
-rw-r--r-- 1 root root      639 Jun 26 04:13 setupwebuser.sh
-rw-r--r-- 1 root root     3096 Jun 26 04:13 runOrds.sh
-rw-r--r-- 1 root root      427 Jun 26 04:13 ords_params.properties.tmpl
-rw-r--r-- 1 root root     2230 Jun 26 04:13 Dockerfile
-rw-r--r-- 1 root root      123 Jun 26 04:13 cdbadmin.properties.tmpl


-- Login to repository: login container-registry.oracle.com
% docker login container-registry.oracle.com
Username: <USERNAME>
Password:
WARNING! Your password will be stored unencrypted in /root/.docker/config.json.
Configure a credential helper to remove this warning. See
https://docs.docker.com/engine/reference/commandline/login/#credentials-store

Login Succeeded


-- Login to a repository where you want to push the ORDS docker image:
% docker login phx.ocir.io
Username (<repo_name>/<username>>):
Password:
WARNING! Your password will be stored unencrypted in /root/.docker/config.json.
Configure a credential helper to remove this warning. See
https://docs.docker.com/engine/reference/commandline/login/#credentials-store

Login Succeeded


-- Build the ORDS Docker Image:
[root@docker-test-server ords]# docker build -t oracle/ords-dboper:ords-21.4.3 .
Sending build context to Docker daemon  81.88MB
Step 1/10 : FROM container-registry.oracle.com/java/jdk:latest
 ---> b94ea1fc0f64
Step 2/10 : ENV ORDS_HOME=/opt/oracle/ords     INSTALL_FILE=ords*.zip     CONFIG_PROPS="ords_params.properties.tmpl"     STANDALONE_PROPS="standalone.properties.tmpl"     CDBADMIN_PROPS="cdbadmin.properties.tmpl"     SETUP_WEBUSER="setupwebuser.sh"     RUN_FILE="runOrds.sh"
 ---> Running in baf28954867a
Removing intermediate container baf28954867a
 ---> 40d169e44c21
Step 3/10 : COPY $INSTALL_FILE $CONFIG_PROPS $STANDALONE_PROPS $CDBADMIN_PROPS $RUN_FILE $SETUP_WEBUSER $ORDS_HOME/
 ---> 1d6a27f6ce13
Step 4/10 : RUN yum -y install bind-utils net-tools zip unzip tar wget vim-minimal which sudo expect procps &&     yum clean all
 ---> Running in e0879fd25edc
Oracle Linux 8 BaseOS Latest (x86_64)            74 MB/s |  46 MB     00:00
Oracle Linux 8 Application Stream (x86_64)       66 MB/s |  36 MB     00:00
Last metadata expiration check: 0:00:15 ago on Mon 27 Jun 2022 04:34:12 PM UTC.
Package vim-minimal-2:8.0.1763-16.0.2.el8_5.13.x86_64 is already installed.
Package procps-ng-3.3.15-6.0.1.el8.x86_64 is already installed.
Dependencies resolved.
================================================================================
 Package          Arch     Version                    Repository           Size
================================================================================
Installing:
 bind-utils       x86_64   32:9.11.36-3.el8           ol8_appstream       452 k
 expect           x86_64   5.45.4-5.el8               ol8_baseos_latest   266 k
 net-tools        x86_64   2.0-0.52.20160912git.el8   ol8_baseos_latest   322 k
 sudo             x86_64   1.8.29-8.el8               ol8_baseos_latest   925 k
 tar              x86_64   2:1.30-5.el8               ol8_baseos_latest   838 k
 unzip            x86_64   6.0-46.el8                 ol8_baseos_latest   196 k
 wget             x86_64   1.19.5-10.0.1.el8          ol8_appstream       734 k
 which            x86_64   2.21-17.el8                ol8_baseos_latest    49 k
 zip              x86_64   3.0-23.el8                 ol8_baseos_latest   270 k
Installing dependencies:
 bind-libs        x86_64   32:9.11.36-3.el8           ol8_appstream       175 k
 bind-libs-lite   x86_64   32:9.11.36-3.el8           ol8_appstream       1.2 M
 bind-license     noarch   32:9.11.36-3.el8           ol8_appstream       103 k
 fstrm            x86_64   0.6.1-2.el8                ol8_appstream        29 k
 libmaxminddb     x86_64   1.2.0-10.el8               ol8_appstream        33 k
 libmetalink      x86_64   0.1.3-7.el8                ol8_baseos_latest    32 k
 protobuf-c       x86_64   1.3.0-6.el8                ol8_appstream        37 k
 python3-bind     noarch   32:9.11.36-3.el8           ol8_appstream       150 k
 python3-ply      noarch   3.9-9.el8                  ol8_baseos_latest   111 k
 tcl              x86_64   1:8.6.8-2.el8              ol8_baseos_latest   1.1 M

Transaction Summary
================================================================================
Install  19 Packages

Total download size: 6.9 M
Installed size: 21 M
Downloading Packages:
(1/19): libmetalink-0.1.3-7.el8.x86_64.rpm      683 kB/s |  32 kB     00:00
(2/19): net-tools-2.0-0.52.20160912git.el8.x86_ 5.7 MB/s | 322 kB     00:00
(3/19): expect-5.45.4-5.el8.x86_64.rpm          4.3 MB/s | 266 kB     00:00
(4/19): python3-ply-3.9-9.el8.noarch.rpm        5.4 MB/s | 111 kB     00:00
(5/19): sudo-1.8.29-8.el8.x86_64.rpm             23 MB/s | 925 kB     00:00
(6/19): unzip-6.0-46.el8.x86_64.rpm              12 MB/s | 196 kB     00:00
(7/19): tar-1.30-5.el8.x86_64.rpm                14 MB/s | 838 kB     00:00
(8/19): which-2.21-17.el8.x86_64.rpm            3.9 MB/s |  49 kB     00:00
(9/19): tcl-8.6.8-2.el8.x86_64.rpm               16 MB/s | 1.1 MB     00:00
(10/19): zip-3.0-23.el8.x86_64.rpm               12 MB/s | 270 kB     00:00
(11/19): bind-libs-9.11.36-3.el8.x86_64.rpm     7.2 MB/s | 175 kB     00:00
(12/19): bind-license-9.11.36-3.el8.noarch.rpm  9.6 MB/s | 103 kB     00:00
(13/19): fstrm-0.6.1-2.el8.x86_64.rpm           4.8 MB/s |  29 kB     00:00
(14/19): libmaxminddb-1.2.0-10.el8.x86_64.rpm   4.6 MB/s |  33 kB     00:00
(15/19): bind-utils-9.11.36-3.el8.x86_64.rpm     17 MB/s | 452 kB     00:00
(16/19): protobuf-c-1.3.0-6.el8.x86_64.rpm      3.4 MB/s |  37 kB     00:00
(17/19): python3-bind-9.11.36-3.el8.noarch.rpm   16 MB/s | 150 kB     00:00
(18/19): bind-libs-lite-9.11.36-3.el8.x86_64.rp  19 MB/s | 1.2 MB     00:00
(19/19): wget-1.19.5-10.0.1.el8.x86_64.rpm       24 MB/s | 734 kB     00:00
--------------------------------------------------------------------------------
Total                                            31 MB/s | 6.9 MB     00:00
Running transaction check
Transaction check succeeded.
Running transaction test
Transaction test succeeded.
Running transaction
  Preparing        :                                                        1/1
  Installing       : protobuf-c-1.3.0-6.el8.x86_64                         1/19
  Installing       : libmaxminddb-1.2.0-10.el8.x86_64                      2/19
  Running scriptlet: libmaxminddb-1.2.0-10.el8.x86_64                      2/19
  Installing       : fstrm-0.6.1-2.el8.x86_64                              3/19
  Installing       : bind-license-32:9.11.36-3.el8.noarch                  4/19
  Installing       : bind-libs-lite-32:9.11.36-3.el8.x86_64                5/19
  Installing       : bind-libs-32:9.11.36-3.el8.x86_64                     6/19
  Installing       : unzip-6.0-46.el8.x86_64                               7/19
  Installing       : tcl-1:8.6.8-2.el8.x86_64                              8/19
  Running scriptlet: tcl-1:8.6.8-2.el8.x86_64                              8/19
  Installing       : python3-ply-3.9-9.el8.noarch                          9/19
  Installing       : python3-bind-32:9.11.36-3.el8.noarch                 10/19
  Installing       : libmetalink-0.1.3-7.el8.x86_64                       11/19
  Installing       : wget-1.19.5-10.0.1.el8.x86_64                        12/19
  Running scriptlet: wget-1.19.5-10.0.1.el8.x86_64                        12/19
  Installing       : bind-utils-32:9.11.36-3.el8.x86_64                   13/19
  Installing       : expect-5.45.4-5.el8.x86_64                           14/19
  Installing       : zip-3.0-23.el8.x86_64                                15/19
  Installing       : which-2.21-17.el8.x86_64                             16/19
  Installing       : tar-2:1.30-5.el8.x86_64                              17/19
  Running scriptlet: tar-2:1.30-5.el8.x86_64                              17/19
  Installing       : sudo-1.8.29-8.el8.x86_64                             18/19
  Running scriptlet: sudo-1.8.29-8.el8.x86_64                             18/19
  Installing       : net-tools-2.0-0.52.20160912git.el8.x86_64            19/19
  Running scriptlet: net-tools-2.0-0.52.20160912git.el8.x86_64            19/19
  Verifying        : expect-5.45.4-5.el8.x86_64                            1/19
  Verifying        : libmetalink-0.1.3-7.el8.x86_64                        2/19
  Verifying        : net-tools-2.0-0.52.20160912git.el8.x86_64             3/19
  Verifying        : python3-ply-3.9-9.el8.noarch                          4/19
  Verifying        : sudo-1.8.29-8.el8.x86_64                              5/19
  Verifying        : tar-2:1.30-5.el8.x86_64                               6/19
  Verifying        : tcl-1:8.6.8-2.el8.x86_64                              7/19
  Verifying        : unzip-6.0-46.el8.x86_64                               8/19
  Verifying        : which-2.21-17.el8.x86_64                              9/19
  Verifying        : zip-3.0-23.el8.x86_64                                10/19
  Verifying        : bind-libs-32:9.11.36-3.el8.x86_64                    11/19
  Verifying        : bind-libs-lite-32:9.11.36-3.el8.x86_64               12/19
  Verifying        : bind-license-32:9.11.36-3.el8.noarch                 13/19
  Verifying        : bind-utils-32:9.11.36-3.el8.x86_64                   14/19
  Verifying        : fstrm-0.6.1-2.el8.x86_64                             15/19
  Verifying        : libmaxminddb-1.2.0-10.el8.x86_64                     16/19
  Verifying        : protobuf-c-1.3.0-6.el8.x86_64                        17/19
  Verifying        : python3-bind-32:9.11.36-3.el8.noarch                 18/19
  Verifying        : wget-1.19.5-10.0.1.el8.x86_64                        19/19

Installed:
  bind-libs-32:9.11.36-3.el8.x86_64
  bind-libs-lite-32:9.11.36-3.el8.x86_64
  bind-license-32:9.11.36-3.el8.noarch
  bind-utils-32:9.11.36-3.el8.x86_64
  expect-5.45.4-5.el8.x86_64
  fstrm-0.6.1-2.el8.x86_64
  libmaxminddb-1.2.0-10.el8.x86_64
  libmetalink-0.1.3-7.el8.x86_64
  net-tools-2.0-0.52.20160912git.el8.x86_64
  protobuf-c-1.3.0-6.el8.x86_64
  python3-bind-32:9.11.36-3.el8.noarch
  python3-ply-3.9-9.el8.noarch
  sudo-1.8.29-8.el8.x86_64
  tar-2:1.30-5.el8.x86_64
  tcl-1:8.6.8-2.el8.x86_64
  unzip-6.0-46.el8.x86_64
  wget-1.19.5-10.0.1.el8.x86_64
  which-2.21-17.el8.x86_64
  zip-3.0-23.el8.x86_64

Complete!
17 files removed
Removing intermediate container e0879fd25edc
 ---> 824de67afe8c
Step 5/10 : RUN mkdir -p  $ORDS_HOME/doc_root &&     chmod ug+x $ORDS_HOME/*.sh &&     groupadd -g 54322 dba &&     useradd -u 54321 -d /home/oracle -g dba -m -s /bin/bash oracle &&     cd $ORDS_HOME &&     jar -xf $INSTALL_FILE &&     rm $INSTALL_FILE &&     mkdir -p $ORDS_HOME/config/ords &&     mkdir -p $ORDS_HOME/secrets &&     java -jar $ORDS_HOME/ords.war configdir $ORDS_HOME/config &&     chown -R oracle:dba $ORDS_HOME
 ---> Running in 623f0b8b31a0
2022-06-27T16:34:43.462Z INFO        Set config.dir to /opt/oracle/ords/config in: /opt/oracle/ords/ords.war
Removing intermediate container 623f0b8b31a0
 ---> b5b4693d5ecf
Step 6/10 : USER oracle
 ---> Running in dd481ff2fc2d
Removing intermediate container dd481ff2fc2d
 ---> e4d3603d79ec
Step 7/10 : WORKDIR /home/oracle
 ---> Running in 5aba61a54f70
Removing intermediate container 5aba61a54f70
 ---> bf0501caf083
Step 8/10 : VOLUME ["$ORDS_HOME/config/ords"]
 ---> Running in 26e4dbd9c1ed
Removing intermediate container 26e4dbd9c1ed
 ---> dc4134ac42aa
Step 9/10 : EXPOSE 8888
 ---> Running in a5fbea15a1ee
Removing intermediate container a5fbea15a1ee
 ---> cf615843f041
Step 10/10 : CMD $ORDS_HOME/$RUN_FILE
 ---> Running in 444eaf7568e8
Removing intermediate container 444eaf7568e8
 ---> 7c95be92a842
Successfully built 7c95be92a842
Successfully tagged oracle/ords-dboper:ords-21.4.3



-- Check the docker image details:

docker images
REPOSITORY                                TAG                 IMAGE ID            CREATED             SIZE
oracle/ords-dboper                        ords-21.4.3         7c95be92a842        44 seconds ago      771M


-- Tag and push the image to your docker repository
-- NOTE: We have used the repo as "phx.ocir.io/<repo_name>/oracle/ords"
% docker tag oracle/ords-dboper:ords-21.4.3 phx.ocir.io/<repo_name>/oracle/ords:21.4.3
% docker push phx.ocir.io/<repo_name>/oracle/ords:21.4.3
The push refers to repository [phx.ocir.io/<repo_name>/oracle/ords]
98222b4c695a: Pushed
d8fd7c53f02f: Pushed
2023d4f36fb3: Pushed
a14158bad0d3: Layer already exists
0c1b321d1256: Layer already exists
74a1be7b5642: Layer already exists
21.4.3: digest: sha256:0f75cba13605944d2ea970c38330b65bd81509aa2cfc63d63f454769d61c1d5b size: 1589


-- Verify the image pushed to your docker repository. 

For example, in above example, you can check the image on the cloud console with signature "sha256:0f75cba13605944d2ea970c38330b65bd81509aa2cfc63d63f454769d61c1d5b"


-- Create a Kubernetes Secret for the docker repository (if its private)

% kubectl create secret generic container-registry-secret --from-file=.dockerconfigjson=./.docker/config.json --type=kubernetes.io/dockerconfigjson -n oracle-database-operator-system
secret/container-registry-secret created

% kubectl get secret -n oracle-database-operator-system
NAME                        TYPE                                  DATA   AGE
container-registry-secret   kubernetes.io/dockerconfigjson        1      26s
default-token-x86d6         kubernetes.io/service-account-token   3      5d16h
webhook-server-cert         kubernetes.io/tls                     3      5d16h
