[root@docker-test-server test]# cat bind_to_existing_dbcs_system.yaml
apiVersion: database.oracle.com/v1alpha1
kind: DbcsSystem
metadata:
  name: dbcssystem-existing
spec:
  id: "ocid1.dbsystem.oc1.phx.anyhqljrabf7htyanr3lnp6wtu5ld7qwszohiteodvwahonr2yymrftarkqa"
  ociConfigMap: "oci-cred"
  ociSecret: "oci-privatekey"
[root@docker-test-server test]#
[root@docker-test-server test]#
[root@docker-test-server test]# kubectl apply -f bind_to_existing_dbcs_system.yaml
dbcssystem.database.oracle.com/dbcssystem-existing created
[root@docker-test-server test]#


[root@docker-test-server test]# kubectl get ns

kubectl get allNAME                              STATUS   AGE
cert-manager                      Active   13d
default                           Active   139d
kube-node-lease                   Active   139d
kube-public                       Active   139d
kube-system                       Active   139d
oracle-database-operator-system   Active   13d
shns                              Active   88d
[root@docker-test-server test]#
[root@docker-test-server test]# kubectl get all -n oracle-database-operator-system
NAME                                                               READY   STATUS    RESTARTS   AGE
pod/oracle-database-operator-controller-manager-665874bd57-dlhls   1/1     Running   3          13d
pod/oracle-database-operator-controller-manager-665874bd57-g2cgw   1/1     Running   3          13d
pod/oracle-database-operator-controller-manager-665874bd57-q42f8   1/1     Running   4          13d

NAME                                                                  TYPE        CLUSTER-IP      EXTERNAL-IP   PORT(S)    AGE
service/oracle-database-operator-controller-manager-metrics-service   ClusterIP   10.96.130.124   <none>        8443/TCP   13d
service/oracle-database-operator-webhook-service                      ClusterIP   10.96.4.104     <none>        443/TCP    13d

NAME                                                          READY   UP-TO-DATE   AVAILABLE   AGE
deployment.apps/oracle-database-operator-controller-manager   3/3     3            3           13d

NAME                                                                     DESIRED   CURRENT   READY   AGE
replicaset.apps/oracle-database-operator-controller-manager-665874bd57   3         3         3       13d
[root@docker-test-server test]#
[root@docker-test-server test]#
[root@docker-test-server test]# kubectl logs -f pod/oracle-database-operator-controller-manager-665874bd57-dlhls -n oracle-database-operator-system
.
.
2022-03-08T23:27:48.625Z  INFO  controller-runtime.manager.controller.dbcssystem  OCI provider configured succesfully {"reconciler group": "database.oracle.com", "reconciler kind": "DbcsSystem", "name": "dbcssystem-existing", "namespace": "default"}
2022-03-08T23:27:52.513Z  INFO  controller-runtime.manager.controller.dbcssystem  Sync information from remote DbcsSystem System successfully {"reconciler group": "database.oracle.com", "reconciler kind": "DbcsSystem", "name": "dbcssystem-existing", "namespace": "default"}

[root@docker-test-server test]#  kubectl describe dbcssystems.database.oracle.com dbcssystem-existing
Name:         dbcssystem-existing
Namespace:    default
Labels:       <none>
Annotations:  lastSuccessfulSpec:
                {"dbSystem":{"compartmentId":"","availabilityDomain":"","subnetId":"","shape":"","hostName":"","dbAdminPaswordSecret":"","dbBackupConfig":...
API Version:  database.oracle.com/v4
Kind:         DbcsSystem
Metadata:
  Creation Timestamp:  2024-12-06T15:16:07Z
  Generation:          1
  Resource Version:    116146012
  UID:                 375b1bea-9b69-4b86-a2b1-fe7750608913
Spec:
  Db System:
    Availability Domain:      
    Compartment Id:           
    Db Admin Pasword Secret:  
    Db Backup Config:
    Host Name:  
    Kms Config:
    Shape:      
    Subnet Id:  
  Id:           ocid1.dbsystem.oc1.ap-mumbai-1.anrg6ljrabf7htya6crmqdnyz5h7ngpi4azbhndm6ssdmyn7yxk2uhbvxala
  Kms Config:
  Oci Config Map:  oci-cred-mumbai
  Oci Secret:      oci-privatekey
Status:
  Availability Domain:        OLou:AP-MUMBAI-1-AD-1
  Cpu Core Count:             2
  Data Storage Percentage:    80
  Data Storage Size In G Bs:  256
  Db Edition:                 ENTERPRISE_EDITION_HIGH_PERFORMANCE
  Display Name:               dbsystem1234
  Id:                         ocid1.dbsystem.oc1.ap-mumbai-1.anrg6ljrabf7htya6crmqdnyz5h7ngpi4azbhndm6ssdmyn7yxk2uhbvxala
  License Model:              BRING_YOUR_OWN_LICENSE
  Network:
    Client Subnet:          oke-nodesubnet-quick-cluster1-2bebe95db-regional
    Domain Name:            subdda0b5eaa.cluster1.oraclevcn.com
    Host Name:              host1234
    Listener Port:          1521
    Scan Dns Name:          host1234-scan.subdda0b5eaa.cluster1.oraclevcn.com
    Vcn Name:               oke-vcn-quick-cluster1-2bebe95db
  Node Count:               1
  Reco Storage Size In GB:  256
  Shape:                    VM.Standard.E5.Flex
  State:                    AVAILABLE
  Storage Management:       ASM
  Subnet Id:                ocid1.subnet.oc1.ap-mumbai-1.aaaaaaaa5zpzfax66omtbmjwlv4thruyru7focnu7fjcjksujmgwmr6vpbvq
  Time Zone:                UTC
  Work Requests:
    Operation Id:      ocid1.coreservicesworkrequest.oc1.ap-mumbai-1.abrg6ljro3fhuxevjwxlue5gqq63q7rd7uhub2ru6gd6ay6k35f4hdeqqxkq
    Operation Type:    Create DB System
    Percent Complete:  100
    Time Accepted:     2024-12-06 12:12:04.031 +0000 UTC
    Time Finished:     2024-12-06 13:01:20.457 +0000 UTC
    Time Started:      2024-12-06 12:12:11.041 +0000 UTC
Events:                <none>