2024-09-19T19:23:08Z    INFO    Starting the clone process for Database {"controller": "dbcssystem", "controllerGroup": "database.oracle.com", "controllerKind": "DbcsSystem", "DbcsSystem": {"name":"dbcssystem-clone","namespace":"default"}, "namespace": "default", "name": "dbcssystem-clone", "reconcileID": "4c2b2567-052a-4a27-ae96-e18f655577d1", "dbcs": {"apiVersion": "database.oracle.com/v4", "kind": "DbcsSystem", "namespace": "default", "name": "dbcssystem-clone"}}
2024-09-19T19:23:08Z    INFO    Retrieved passwords from Kubernetes secrets     {"controller": "dbcssystem", "controllerGroup": "database.oracle.com", "controllerKind": "DbcsSystem", "DbcsSystem": {"name":"dbcssystem-clone","namespace":"default"}, "namespace": "default", "name": "dbcssystem-clone", "reconcileID": "4c2b2567-052a-4a27-ae96-e18f655577d1"}
2024-09-19T19:23:09Z    INFO    Retrieved existing Database details from OCI    {"controller": "dbcssystem", "controllerGroup": "database.oracle.com", "controllerKind": "DbcsSystem", "DbcsSystem": {"name":"dbcssystem-clone","namespace":"default"}, "namespace": "default", "name": "dbcssystem-clone", "reconcileID": "4c2b2567-052a-4a27-ae96-e18f655577d1", "DatabaseId": "ocid1.database.oc1.ap-mumbai-1.anrg6ljrabf7htyapxtsgw6hy3kyosmrawefq2csm4kjv4d5au7biuiaabsq"}
2024-09-20T08:51:45Z    INFO    DB System current state is still:PROVISIONING. Sleeping for 60 seconds. {"controller": "dbcssystem", "controllerGroup": "database.oracle.com", "controllerKind": "DbcsSystem", "DbcsSystem": {"name":"dbcssystem-clone","namespace":"default"}, "namespace": "default", "name": "dbcssystem-clone", "reconcileID": "3ea6b5b1-1196-4279-bf8f-9e663f9a5543"}
2024-09-20T08:52:46Z    INFO    DB System current state is still:PROVISIONING. Sleeping for 60 seconds. {"controller": "dbcssystem", "controllerGroup": "database.oracle.com", "controllerKind": "DbcsSystem", "DbcsSystem": {"name":"dbcssystem-clone","namespace":"default"}, "namespace": "default", "name": "dbcssystem-clone", "reconcileID": "3ea6b5b1-1196-4279-bf8f-9e663f9a5543"}
2024-09-20T08:53:46Z    INFO    DB System current state is still:PROVISIONING. Sleeping for 60 seconds. {"controller": "dbcssystem", "controllerGroup": "database.oracle.com", "controllerKind": "DbcsSystem", "DbcsSystem": {"name":"dbcssystem-clone","namespace":"default"}, "namespace": "default", "name": "dbcssystem-clone", "reconcileID": "3ea6b5b1-1196-4279-bf8f-9e663f9a5543"}
2024-09-20T08:54:47Z    INFO    DB System current state is still:PROVISIONING. Sleeping for 60 seconds. {"controller": "dbcssystem", "controllerGroup": "database.oracle.com", "controllerKind": "DbcsSystem", "DbcsSystem": {"name":"dbcssystem-clone","namespace":"default"}, "namespace": "default", "name": "dbcssystem-clone", "reconcileID": "3ea6b5b1-1196-4279-bf8f-9e663f9a5543"}
2024-09-20T08:55:48Z    INFO    DB System current state is still:PROVISIONING. Sleeping for 60 seconds. {"controller": "dbcssystem", "controllerGroup": "database.oracle.com", "controllerKind": "DbcsSystem", "DbcsSystem": {"name":"dbcssystem-clone","namespace":"default"}, "namespace": "default", "name": "dbcssystem-clone", "reconcileID": "3ea6b5b1-1196-4279-bf8f-9e663f9a5543"}
2024-09-20T08:56:49Z    INFO    DB System current state is still:PROVISIONING. Sleeping for 60 seconds. {"controller": "dbcssystem", "controllerGroup": "database.oracle.com", "controllerKind": "DbcsSystem", "DbcsSystem": {"name":"dbcssystem-clone","namespace":"default"}, "namespace": "default", "name": "dbcssystem-clone", "reconcileID": "3ea6b5b1-1196-4279-bf8f-9e663f9a5543"}
2024-09-20T08:57:50Z    INFO    DB System current state is still:PROVISIONING. Sleeping for 60 seconds. {"controller": "dbcssystem", "controllerGroup": "database.oracle.com", "controllerKind": "DbcsSystem", "DbcsSystem": {"name":"dbcssystem-clone","namespace":"default"}, "namespace": "default", "name": "dbcssystem-clone", "reconcileID": "3ea6b5b1-1196-4279-bf8f-9e663f9a5543"}
2024-09-20T08:58:51Z    INFO    DB System current state is still:PROVISIONING. Sleeping for 60 seconds. {"controller": "dbcssystem", "controllerGroup": "database
.oracle.com", "controllerKind": "DbcsSystem", "DbcsSystem": {"name":"dbcssystem-clone","namespace":"default"}, "namespace": "default", "name": "dbcssystem-clone"
, "reconcileID": "3ea6b5b1-1196-4279-bf8f-9e663f9a5543"}
2024-09-20T08:59:52Z    INFO    DB System current state is still:PROVISIONING. Sleeping for 60 seconds. {"controller": "dbcssystem", "controllerGroup": "database.oracle.com", "controllerKind": "DbcsSystem", "DbcsSystem": {"name":"dbcssystem-clone","namespace":"default"}, "namespace": "default", "name": "dbcssystem-clone", "reconcileID": "3ea6b5b1-1196-4279-bf8f-9e663f9a5543"}
2024-09-20T09:00:53Z    INFO    DB System current state is still:PROVISIONING. Sleeping for 60 seconds. {"controller": "dbcssystem", "controllerGroup": "database
.oracle.com", "controllerKind": "DbcsSystem", "DbcsSystem": {"name":"dbcssystem-clone","namespace":"default"}, "namespace": "default", "name": "dbcssystem-clone"
, "reconcileID": "3ea6b5b1-1196-4279-bf8f-9e663f9a5543"}
2024-09-20T09:01:53Z    INFO    DB System current state is still:PROVISIONING. Sleeping for 60 seconds. {"controller": "dbcssystem", "controllerGroup": "database.oracle.com", "controllerKind": "DbcsSystem", "DbcsSystem": {"name":"dbcssystem-clone","namespace":"default"}, "namespace": "default", "name": "dbcssystem-clone", "reconcileID": "3ea6b5b1-1196-4279-bf8f-9e663f9a5543"}
2024-09-20T09:02:54Z    INFO    DB System current state is still:PROVISIONING. Sleeping for 60 seconds. {"controller": "dbcssystem", "controllerGroup": "database.oracle.com", "controllerKind": "DbcsSystem", "DbcsSystem": {"name":"dbcssystem-clone","namespace":"default"}, "namespace": "default", "name": "dbcssystem-clone", "reconcileID": "3ea6b5b1-1196-4279-bf8f-9e663f9a5543"}
2024-09-20T09:03:55Z    INFO    DB System current state is still:PROVISIONING. Sleeping for 60 seconds. {"controller": "dbcssystem", "controllerGroup": "database.oracle.com", "controllerKind": "DbcsSystem", "DbcsSystem": {"name":"dbcssystem-clone","namespace":"default"}, "namespace": "default", "name": "dbcssystem-clone", "reconcileID": "3ea6b5b1-1196-4279-bf8f-9e663f9a5543"}
2024-09-20T09:04:56Z    INFO    DB System current state is still:PROVISIONING. Sleeping for 60 seconds. {"controller": "dbcssystem", "controllerGroup": "database.oracle.com", "controllerKind": "DbcsSystem", "DbcsSystem": {"name":"dbcssystem-clone","namespace":"default"}, "namespace": "default", "name": "dbcssystem-clone", "reconcileID": "3ea6b5b1-1196-4279-bf8f-9e663f9a5543"}
2024-09-20T09:52:39Z    INFO    DB System current state is still:PROVISIONING. Sleeping for 60 seconds. {"controller": "dbcssystem", "controllerGroup": "database.oracle.com", "controllerKind": "DbcsSystem", "DbcsSystem": {"name":"dbcssystem-clone","namespace":"default"}, "namespace": "default", "name": "dbcssystem-clone", "reconcileID": "3ea6b5b1-1196-4279-bf8f-9e663f9a5543"}
2024-09-20T09:53:40Z    INFO    DB System current state is still:PROVISIONING. Sleeping for 60 seconds. {"controller": "dbcssystem", "controllerGroup": "database
.oracle.com", "controllerKind": "DbcsSystem", "DbcsSystem": {"name":"dbcssystem-clone","namespace":"default"}, "namespace": "default", "name": "dbcssystem-clone"
, "reconcileID": "3ea6b5b1-1196-4279-bf8f-9e663f9a5543"}
2024-09-20T09:54:41Z    INFO    DB System current state is still:PROVISIONING. Sleeping for 60 seconds. {"controller": "dbcssystem", "controllerGroup": "database.oracle.com", "controllerKind": "DbcsSystem", "DbcsSystem": {"name":"dbcssystem-clone","namespace":"default"}, "namespace": "default", "name": "dbcssystem-clone", "reconcileID": "3ea6b5b1-1196-4279-bf8f-9e663f9a5543"}
2024-09-20T09:55:41Z    INFO    DB System current state is still:PROVISIONING. Sleeping for 60 seconds. {"controller": "dbcssystem", "controllerGroup": "database
.oracle.com", "controllerKind": "DbcsSystem", "DbcsSystem": {"name":"dbcssystem-clone","namespace":"default"}, "namespace": "default", "name": "dbcssystem-clone"
, "reconcileID": "3ea6b5b1-1196-4279-bf8f-9e663f9a5543"}
2024-09-20T09:56:42Z    INFO    DB System current state is still:PROVISIONING. Sleeping for 60 seconds. {"controller": "dbcssystem", "controllerGroup": "database.oracle.com", "controllerKind": "DbcsSystem", "DbcsSystem": {"name":"dbcssystem-clone","namespace":"default"}, "namespace": "default", "name": "dbcssystem-clone", "reconcileID": "3ea6b5b1-1196-4279-bf8f-9e663f9a5543"}
2024-09-20T09:57:43Z    INFO    DB System current state is still:PROVISIONING. Sleeping for 60 seconds. {"controller": "dbcssystem", "controllerGroup": "database
.oracle.com", "controllerKind": "DbcsSystem", "DbcsSystem": {"name":"dbcssystem-clone","namespace":"default"}, "namespace": "default", "name": "dbcssystem-clone"
, "reconcileID": "3ea6b5b1-1196-4279-bf8f-9e663f9a5543"}
2024-09-20T09:58:44Z    INFO    DB System current state is still:PROVISIONING. Sleeping for 60 seconds. {"controller": "dbcssystem", "controllerGroup": "database.oracle.com", "controllerKind": "DbcsSystem", "DbcsSystem": {"name":"dbcssystem-clone","namespace":"default"}, "namespace": "default", "name": "dbcssystem-clone", "reconcileID": "3ea6b5b1-1196-4279-bf8f-9e663f9a5543"}
2024-09-20T09:59:45Z    INFO    DB System current state is still:PROVISIONING. Sleeping for 60 seconds. {"controller": "dbcssystem", "controllerGroup": "database
.oracle.com", "controllerKind": "DbcsSystem", "DbcsSystem": {"name":"dbcssystem-clone","namespace":"default"}, "namespace": "default", "name": "dbcssystem-clone"
, "reconcileID": "3ea6b5b1-1196-4279-bf8f-9e663f9a5543"}
2024-09-20T10:00:46Z    INFO    DB System current state is still:PROVISIONING. Sleeping for 60 seconds. {"controller": "dbcssystem", "controllerGroup": "database.oracle.com", "controllerKind": "DbcsSystem", "DbcsSystem": {"name":"dbcssystem-clone","namespace":"default"}, "namespace": "default", "name": "dbcssystem-clone", "reconcileID": "3ea6b5b1-1196-4279-bf8f-9e663f9a5543"}
2024-09-20T10:01:47Z    INFO    DB Cloning completed successfully from provided backup DB system        {"controller": "dbcssystem", "controllerGroup": "database.oracle.com", "controllerKind": "DbcsSystem", "DbcsSystem": {"name":"dbcssystem-clone","namespace":"default"}, "namespace": "default", "name": "dbcssystem-clone", "reconcileID": "3ea6b5b1-1196-4279-bf8f-9e663f9a5543"}