2024-09-17T11:40:26Z    INFO    Starting the clone process for DBCS     {"controller": "dbcssystem", "controllerGroup": "database.oracle.com", "controllerKind": "DbcsSystem", "DbcsSystem": {"name":"dbcssystem-clone.yaml","namespace":"default"}, "namespace": "default", "name": "dbcssystem-clone.yaml", "reconcileID": "bf0c98c6-13b6-4c15-938a-3594cd4cf1f3", "dbcs": {"apiVersion": "database.oracle.com/v4", "kind": "DbcsSystem", "namespace": "default", "name": "dbcssystem-clone.yaml"}}
2024-09-17T11:40:26Z    INFO    Retrieved passwords from Kubernetes secrets     {"controller": "dbcssystem", "controllerGroup": "database.oracle.com", "controllerKind": "DbcsSystem", "DbcsSystem": {"name":"dbcssystem-clone.yaml","namespace":"default"}, "namespace": "default", "name": "dbcssystem-clone.yaml", "reconcileID": "bf0c98c6-13b6-4c15-938a-3594cd4cf1f3"}
2024-09-17T11:40:26Z    INFO    Retrieved existing Db System Details from OCI using Spec.Id     {"controller": "dbcssystem", "controllerGroup": "database.oracle.com", "controllerKind": "DbcsSystem", "DbcsSystem": {"name":"dbcssystem-clone.yaml","namespace":"default"}, "namespace": "default", "name": "dbcssystem-clone.yaml", "reconcileID": "bf0c98c6-13b6-4c15-938a-3594cd4cf1f3"}
2024-09-17T11:40:33Z    INFO    DB System current state is still:PROVISIONING. Sleeping for 60 seconds. {"controller": "dbcssystem", "controllerGroup": "database.oracle.com", "controllerKind": "DbcsSystem", "DbcsSystem": {"name":"dbcssystem-clone.yaml","namespace":"default"}, "namespace": "default", "name": "dbcssystem-clone.yaml", "reconcileID": "bf0c98c6-13b6-4c15-938a-3594cd4cf1f3"}
2024-09-17T11:41:33Z    INFO    DB System current state is still:PROVISIONING. Sleeping for 60 seconds. {"controller": "dbcssystem", "controllerGroup": "database.oracle.com", "controllerKind": "DbcsSystem", "DbcsSystem": {"name":"dbcssystem-clone.yaml","namespace":"default"}, "namespace": "default", "name": "dbcssystem-clone.yaml", "reconcileID": "bf0c98c6-13b6-4c15-938a-3594cd4cf1f3"}
2024-09-17T11:42:34Z    INFO    DB System current state is still:PROVISIONING. Sleeping for 60 seconds. {"controller": "dbcssystem", "controllerGroup": "database.oracle.com", "controllerKind": "DbcsSystem", "DbcsSystem": {"name":"dbcssystem-clone.yaml","namespace":"default"}, "namespace": "default", "name": "dbcssystem-clone.yaml", "reconcileID": "bf0c98c6-13b6-4c15-938a-3594cd4cf1f3"}
2024-09-17T11:43:35Z    INFO    DB System current state is still:PROVISIONING. Sleeping for 60 seconds. {"controller": "dbcssystem", "controllerGroup": "database.oracle.com", "controllerKind": "DbcsSystem", "DbcsSystem": {"name":"dbcssystem-clone.yaml","namespace":"default"}, "namespace": "default", "name": "dbcssystem-clone.yaml", "reconcileID": "bf0c98c6-13b6-4c15-938a-3594cd4cf1f3"}
2024-09-17T11:44:36Z    INFO    DB System current state is still:PROVISIONING. Sleeping for 60 seconds. {"controller": "dbcssystem", "controllerGroup": "database.oracle.com", "controllerKind": "DbcsSystem", "DbcsSystem": {"name":"dbcssystem-clone.yaml","namespace":"default"}, "namespace": "default", "name": "dbcssystem-clone.yaml", "reconcileID": "bf0c98c6-13b6-4c15-938a-3594cd4cf1f3"}
2024-09-17T11:45:37Z    INFO    DB System current state is still:PROVISIONING. Sleeping for 60 seconds. {"controller": "dbcssystem", "controllerGroup": "database.oracle.com", "controllerKind": "DbcsSystem", "DbcsSystem": {"name":"dbcssystem-clone.yaml","namespace":"default"}, "namespace": "default", "name": "dbcssystem-clone.yaml", "reconcileID": "bf0c98c6-13b6-4c15-938a-3594cd4cf1f3"}
2024-09-17T11:46:38Z    INFO    DB System current state is still:PROVISIONING. Sleeping for 60 seconds. {"controller": "dbcssystem", "controllerGroup": "database.oracle.com", "controllerKind": "DbcsSystem", "DbcsSystem": {"name":"dbcssystem-clone.yaml","namespace":"default"}, "namespace": "default", "name": "dbcssystem-clone.yaml", "reconcileID": "bf0c98c6-13b6-4c15-938a-3594cd4cf1f3"}
2024-09-17T11:47:39Z    INFO    DB System current state is still:PROVISIONING. Sleeping for 60 seconds. {"controller": "dbcssystem", "controllerGroup": "database.oracle.com", "controllerKind": "DbcsSystem", "DbcsSystem": {"name":"dbcssystem-clone.yaml","namespace":"default"}, "namespace": "default", "name": "dbcssystem-clone.yaml", "reconcileID": "bf0c98c6-13b6-4c15-938a-3594cd4cf1f3"}
2024-09-17T11:48:40Z    INFO    DB System current state is still:PROVISIONING. Sleeping for 60 seconds. {"controller": "dbcssystem", "controllerGroup": "database.oracle.com", "controllerKind": "DbcsSystem", "DbcsSystem": {"name":"dbcssystem-clone.yaml","namespace":"default"}, "namespace": "default", "name": "dbcssystem-clone.yaml", "reconcileID": "bf0c98c6-13b6-4c15-938a-3594cd4cf1f3"}
2024-09-17T11:49:41Z    INFO    DB System current state is still:PROVISIONING. Sleeping for 60 seconds. {"controller": "dbcssystem", "controllerGroup": "database.oracle.com", "controllerKind": "DbcsSystem", "DbcsSystem": {"name":"dbcssystem-clone.yaml","namespace":"default"}, "namespace": "default", "name": "dbcssystem-clone.yaml", "reconcileID": "bf0c98c6-13b6-4c15-938a-3594cd4cf1f3"}
2024-09-17T11:50:42Z    INFO    DB System current state is still:PROVISIONING. Sleeping for 60 seconds. {"controller": "dbcssystem", "controllerGroup": "database.oracle.com", "controllerKind": "DbcsSystem", "DbcsSystem": {"name":"dbcssystem-clone.yaml","namespace":"default"}, "namespace": "default", "name": "dbcssystem-clone.yaml", "reconcileID": "bf0c98c6-13b6-4c15-938a-3594cd4cf1f3"}
2024-09-17T11:51:43Z    INFO    DB System current state is still:PROVISIONING. Sleeping for 60 seconds. {"controller": "dbcssystem", "controllerGroup": "database.oracle.com", "controllerKind": "DbcsSystem", "DbcsSystem": {"name":"dbcssystem-clone.yaml","namespace":"default"}, "namespace": "default", "name": "dbcssystem-clone.yaml", "reconcileID": "bf0c98c6-13b6-4c15-938a-3594cd4cf1f3"}
2024-09-17T11:52:44Z    INFO    DB System current state is still:PROVISIONING. Sleeping for 60 seconds. {"controller": "dbcssystem", "controllerGroup": "database.oracle.com", "controllerKind": "DbcsSystem", "DbcsSystem": {"name":"dbcssystem-clone.yaml","namespace":"default"}, "namespace": "default", "name": "dbcssystem-clone.yaml", "reconcileID": "bf0c98c6-13b6-4c15-938a-3594cd4cf1f3"}
2024-09-17T11:53:45Z    INFO    DB System current state is still:PROVISIONING. Sleeping for 60 seconds. {"controller": "dbcssystem", "controllerGroup": "database.oracle.com", "controllerKind": "DbcsSystem", "DbcsSystem": {"name":"dbcssystem-clone.yaml","namespace":"default"}, "namespace": "default", "name": "dbcssystem-clone.yaml", "reconcileID": "bf0c98c6-13b6-4c15-938a-3594cd4cf1f3"}
2024-09-17T11:54:45Z    INFO    DB System current state is still:PROVISIONING. Sleeping for 60 seconds. {"controller": "dbcssystem", "controllerGroup": "database.oracle.com", "controllerKind": "DbcsSystem", "DbcsSystem": {"name":"dbcssystem-clone.yaml","namespace":"default"}, "namespace": "default", "name": "dbcssystem-clone.yaml", "reconcileID": "bf0c98c6-13b6-4c15-938a-3594cd4cf1f3"}
2024-09-17T11:55:46Z    INFO    DB System current state is still:PROVISIONING. Sleeping for 60 seconds. {"controller": "dbcssystem", "controllerGroup": "database.oracle.com", "controllerKind": "DbcsSystem", "DbcsSystem": {"name":"dbcssystem-clone.yaml","namespace":"default"}, "namespace": "default", "name": "dbcssystem-clone.yaml", "reconcileID": "bf0c98c6-13b6-4c15-938a-3594cd4cf1f3"}
2024-09-17T11:56:47Z    INFO    DB System current state is still:PROVISIONING. Sleeping for 60 seconds. {"controller": "dbcssystem", "controllerGroup": "database.oracle.com", "controllerKind": "DbcsSystem", "DbcsSystem": {"name":"dbcssystem-clone.yaml","namespace":"default"}, "namespace": "default", "name": "dbcssystem-clone.yaml", "reconcileID": "bf0c98c6-13b6-4c15-938a-3594cd4cf1f3"}
2024-09-17T11:57:48Z    INFO    DB System current state is still:PROVISIONING. Sleeping for 60 seconds. {"controller": "dbcssystem", "controllerGroup": "database.oracle.com", "controllerKind": "DbcsSystem", "DbcsSystem": {"name":"dbcssystem-clone.yaml","namespace":"default"}, "namespace": "default", "name": "dbcssystem-clone.yaml", "reconcileID": "bf0c98c6-13b6-4c15-938a-3594cd4cf1f3"}
2024-09-17T11:58:49Z    INFO    DB System current state is still:PROVISIONING. Sleeping for 60 seconds. {"controller": "dbcssystem", "controllerGroup": "database.oracle.com", "controllerKind": "DbcsSystem", "DbcsSystem": {"name":"dbcssystem-clone.yaml","namespace":"default"}, "namespace": "default", "name": "dbcssystem-clone.yaml", "reconcileID": "bf0c98c6-13b6-4c15-938a-3594cd4cf1f3"}
2024-09-17T11:59:50Z    INFO    DB System current state is still:PROVISIONING. Sleeping for 60 seconds. {"controller": "dbcssystem", "controllerGroup": "database.oracle.com", "controllerKind": "DbcsSystem", "DbcsSystem": {"name":"dbcssystem-clone.yaml","namespace":"default"}, "namespace": "default", "name": "dbcssystem-clone.yaml", "reconcileID": "bf0c98c6-13b6-4c15-938a-3594cd4cf1f3"}
2024-09-17T12:00:51Z    INFO    DB System current state is still:PROVISIONING. Sleeping for 60 seconds. {"controller": "dbcssystem", "controllerGroup": "database.oracle.com", "controllerKind": "DbcsSystem", "DbcsSystem": {"name":"dbcssystem-clone.yaml","namespace":"default"}, "namespace": "default", "name": "dbcssystem-clone.yaml", "reconcileID": "bf0c98c6-13b6-4c15-938a-3594cd4cf1f3"}
2024-09-17T12:01:51Z    INFO    DB System current state is still:PROVISIONING. Sleeping for 60 seconds. {"controller": "dbcssystem", "controllerGroup": "database.oracle.com", "controllerKind": "DbcsSystem", "DbcsSystem": {"name":"dbcssystem-clone.yaml","namespace":"default"}, "namespace": "default", "name": "dbcssystem-clone.yaml", "reconcileID": "bf0c98c6-13b6-4c15-938a-3594cd4cf1f3"}
2024-09-17T12:02:52Z    INFO    DB System current state is still:PROVISIONING. Sleeping for 60 seconds. {"controller": "dbcssystem", "controllerGroup": "database.oracle.com", "controllerKind": "DbcsSystem", "DbcsSystem": {"name":"dbcssystem-clone.yaml","namespace":"default"}, "namespace": "default", "name": "dbcssystem-clone.yaml", "reconcileID": "bf0c98c6-13b6-4c15-938a-3594cd4cf1f3"}
2024-09-17T12:03:53Z    INFO    DB System current state is still:PROVISIONING. Sleeping for 60 seconds. {"controller": "dbcssystem", "controllerGroup": "database.oracle.com", "controllerKind": "DbcsSystem", "DbcsSystem": {"name":"dbcssystem-clone.yaml","namespace":"default"}, "namespace": "default", "name": "dbcssystem-clone.yaml", "reconcileID": "bf0c98c6-13b6-4c15-938a-3594cd4cf1f3"}
2024-09-17T12:04:54Z    INFO    DB System current state is still:PROVISIONING. Sleeping for 60 seconds. {"controller": "dbcssystem", "controllerGroup": "database.oracle.com", "controllerKind": "DbcsSystem", "DbcsSystem": {"name":"dbcssystem-clone.yaml","namespace":"default"}, "namespace": "default", "name": "dbcssystem-clone.yaml", "reconcileID": "bf0c98c6-13b6-4c15-938a-3594cd4cf1f3"}
2024-09-17T12:05:55Z    INFO    DB System current state is still:PROVISIONING. Sleeping for 60 seconds. {"controller": "dbcssystem", "controllerGroup": "database.oracle.com", "controllerKind": "DbcsSystem", "DbcsSystem": {"name":"dbcssystem-clone.yaml","namespace":"default"}, "namespace": "default", "name": "dbcssystem-clone.yaml", "reconcileID": "bf0c98c6-13b6-4c15-938a-3594cd4cf1f3"}
2024-09-17T12:06:56Z    INFO    DB System current state is still:PROVISIONING. Sleeping for 60 seconds. {"controller": "dbcssystem", "controllerGroup": "database.oracle.com", "controllerKind": "DbcsSystem", "DbcsSystem": {"name":"dbcssystem-clone.yaml","namespace":"default"}, "namespace": "default", "name": "dbcssystem-clone.yaml", "reconcileID": "bf0c98c6-13b6-4c15-938a-3594cd4cf1f3"}
2024-09-17T12:07:57Z    INFO    DB System current state is still:PROVISIONING. Sleeping for 60 seconds. {"controller": "dbcssystem", "controllerGroup": "database.oracle.com", "controllerKind": "DbcsSystem", "DbcsSystem": {"name":"dbcssystem-clone.yaml","namespace":"default"}, "namespace": "default", "name": "dbcssystem-clone.yaml", "reconcileID": "bf0c98c6-13b6-4c15-938a-3594cd4cf1f3"}
2024-09-17T12:08:58Z    INFO    DB System current state is still:PROVISIONING. Sleeping for 60 seconds. {"controller": "dbcssystem", "controllerGroup": "database.oracle.com", "controllerKind": "DbcsSystem", "DbcsSystem": {"name":"dbcssystem-clone.yaml","namespace":"default"}, "namespace": "default", "name": "dbcssystem-clone.yaml", "reconcileID": "bf0c98c6-13b6-4c15-938a-3594cd4cf1f3"}
2024-09-17T12:09:59Z    INFO    DB System current state is still:PROVISIONING. Sleeping for 60 seconds. {"controller": "dbcssystem", "controllerGroup": "database.oracle.com", "controllerKind": "DbcsSystem", "DbcsSystem": {"name":"dbcssystem-clone.yaml","namespace":"default"}, "namespace": "default", "name": "dbcssystem-clone.yaml", "reconcileID": "bf0c98c6-13b6-4c15-938a-3594cd4cf1f3"}
2024-09-17T12:11:00Z    INFO    DB System current state is still:PROVISIONING. Sleeping for 60 seconds. {"controller": "dbcssystem", "controllerGroup": "database.oracle.com", "controllerKind": "DbcsSystem", "DbcsSystem": {"name":"dbcssystem-clone.yaml","namespace":"default"}, "namespace": "default", "name": "dbcssystem-clone.yaml", "reconcileID": "bf0c98c6-13b6-4c15-938a-3594cd4cf1f3"}
2024-09-17T12:12:01Z    INFO    DB System current state is still:PROVISIONING. Sleeping for 60 seconds. {"controller": "dbcssystem", "controllerGroup": "database.oracle.com", "controllerKind": "DbcsSystem", "DbcsSystem": {"name":"dbcssystem-clone.yaml","namespace":"default"}, "namespace": "default", "name": "dbcssystem-clone.yaml", "reconcileID": "bf0c98c6-13b6-4c15-938a-3594cd4cf1f3"}
2024-09-17T12:13:01Z    INFO    DB System current state is still:PROVISIONING. Sleeping for 60 seconds. {"controller": "dbcssystem", "controllerGroup": "database.oracle.com", "controllerKind": "DbcsSystem", "DbcsSystem": {"name":"dbcssystem-clone.yaml","namespace":"default"}, "namespace": "default", "name": "dbcssystem-clone.yaml", "reconcileID": "bf0c98c6-13b6-4c15-938a-3594cd4cf1f3"}
2024-09-17T12:14:02Z    INFO    DB System current state is still:PROVISIONING. Sleeping for 60 seconds. {"controller": "dbcssystem", "controllerGroup": "database.oracle.com", "controllerKind": "DbcsSystem", "DbcsSystem": {"name":"dbcssystem-clone.yaml","namespace":"default"}, "namespace": "default", "name": "dbcssystem-clone.yaml", "reconcileID": "bf0c98c6-13b6-4c15-938a-3594cd4cf1f3"}
2024-09-17T12:15:03Z    INFO    DB System current state is still:PROVISIONING. Sleeping for 60 seconds. {"controller": "dbcssystem", "controllerGroup": "database.oracle.com", "controllerKind": "DbcsSystem", "DbcsSystem": {"name":"dbcssystem-clone.yaml","namespace":"default"}, "namespace": "default", "name": "dbcssystem-clone.yaml", "reconcileID": "bf0c98c6-13b6-4c15-938a-3594cd4cf1f3"}
2024-09-17T12:16:04Z    INFO    DB System current state is still:PROVISIONING. Sleeping for 60 seconds. {"controller": "dbcssystem", "controllerGroup": "database.oracle.com", "controllerKind": "DbcsSystem", "DbcsSystem": {"name":"dbcssystem-clone.yaml","namespace":"default"}, "namespace": "default", "name": "dbcssystem-clone.yaml", "reconcileID": "bf0c98c6-13b6-4c15-938a-3594cd4cf1f3"}
2024-09-17T12:17:05Z    INFO    DB System current state is still:PROVISIONING. Sleeping for 60 seconds. {"controller": "dbcssystem", "controllerGroup": "database.oracle.com", "controllerKind": "DbcsSystem", "DbcsSystem": {"name":"dbcssystem-clone.yaml","namespace":"default"}, "namespace": "default", "name": "dbcssystem-clone.yaml", "reconcileID": "bf0c98c6-13b6-4c15-938a-3594cd4cf1f3"}
2024-09-17T12:18:06Z    INFO    DB System current state is still:PROVISIONING. Sleeping for 60 seconds. {"controller": "dbcssystem", "controllerGroup": "database.oracle.com", "controllerKind": "DbcsSystem", "DbcsSystem": {"name":"dbcssystem-clone.yaml","namespace":"default"}, "namespace": "default", "name": "dbcssystem-clone.yaml", "reconcileID": "bf0c98c6-13b6-4c15-938a-3594cd4cf1f3"}
2024-09-17T12:19:07Z    INFO    DB System current state is still:PROVISIONING. Sleeping for 60 seconds. {"controller": "dbcssystem", "controllerGroup": "database.oracle.com", "controllerKind": "DbcsSystem", "DbcsSystem": {"name":"dbcssystem-clone.yaml","namespace":"default"}, "namespace": "default", "name": "dbcssystem-clone.yaml", "reconcileID": "bf0c98c6-13b6-4c15-938a-3594cd4cf1f3"}
2024-09-17T12:20:08Z    INFO    DB System current state is still:PROVISIONING. Sleeping for 60 seconds. {"controller": "dbcssystem", "controllerGroup": "database.oracle.com", "controllerKind": "DbcsSystem", "DbcsSystem": {"name":"dbcssystem-clone.yaml","namespace":"default"}, "namespace": "default", "name": "dbcssystem-clone.yaml", "reconcileID": "bf0c98c6-13b6-4c15-938a-3594cd4cf1f3"}
2024-09-17T12:21:08Z    INFO    DB System current state is still:PROVISIONING. Sleeping for 60 seconds. {"controller": "dbcssystem", "controllerGroup": "database.oracle.com", "controllerKind": "DbcsSystem", "DbcsSystem": {"name":"dbcssystem-clone.yaml","namespace":"default"}, "namespace": "default", "name": "dbcssystem-clone.yaml", "reconcileID": "bf0c98c6-13b6-4c15-938a-3594cd4cf1f3"}
2024-09-17T12:22:09Z    INFO    DB System current state is still:PROVISIONING. Sleeping for 60 seconds. {"controller": "dbcssystem", "controllerGroup": "database.oracle.com", "controllerKind": "DbcsSystem", "DbcsSystem": {"name":"dbcssystem-clone.yaml","namespace":"default"}, "namespace": "default", "name": "dbcssystem-clone.yaml", "reconcileID": "bf0c98c6-13b6-4c15-938a-3594cd4cf1f3"}
2024-09-17T12:23:10Z    INFO    DB System current state is still:PROVISIONING. Sleeping for 60 seconds. {"controller": "dbcssystem", "controllerGroup": "database.oracle.com", "controllerKind": "DbcsSystem", "DbcsSystem": {"name":"dbcssystem-clone.yaml","namespace":"default"}, "namespace": "default", "name": "dbcssystem-clone.yaml", "reconcileID": "bf0c98c6-13b6-4c15-938a-3594cd4cf1f3"}
2024-09-17T12:24:11Z    INFO    DB System current state is still:PROVISIONING. Sleeping for 60 seconds. {"controller": "dbcssystem", "controllerGroup": "database.oracle.com", "controllerKind": "DbcsSystem", "DbcsSystem": {"name":"dbcssystem-clone.yaml","namespace":"default"}, "namespace": "default", "name": "dbcssystem-clone.yaml", "reconcileID": "bf0c98c6-13b6-4c15-938a-3594cd4cf1f3"}
2024-09-17T12:25:12Z    INFO    DB System current state is still:PROVISIONING. Sleeping for 60 seconds. {"controller": "dbcssystem", "controllerGroup": "database.oracle.com", "controllerKind": "DbcsSystem", "DbcsSystem": {"name":"dbcssystem-clone.yaml","namespace":"default"}, "namespace": "default", "name": "dbcssystem-clone.yaml", "reconcileID": "bf0c98c6-13b6-4c15-938a-3594cd4cf1f3"}
2024-09-17T12:26:13Z    INFO    DB System current state is still:PROVISIONING. Sleeping for 60 seconds. {"controller": "dbcssystem", "controllerGroup": "database.oracle.com", "controllerKind": "DbcsSystem", "DbcsSystem": {"name":"dbcssystem-clone.yaml","namespace":"default"}, "namespace": "default", "name": "dbcssystem-clone.yaml", "reconcileID": "bf0c98c6-13b6-4c15-938a-3594cd4cf1f3"}
2024-09-17T12:27:14Z    INFO    DB System current state is still:PROVISIONING. Sleeping for 60 seconds. {"controller": "dbcssystem", "controllerGroup": "database.oracle.com", "controllerKind": "DbcsSystem", "DbcsSystem": {"name":"dbcssystem-clone.yaml","namespace":"default"}, "namespace": "default", "name": "dbcssystem-clone.yaml", "reconcileID": "bf0c98c6-13b6-4c15-938a-3594cd4cf1f3"}
2024-09-17T12:28:15Z    INFO    DB System current state is still:PROVISIONING. Sleeping for 60 seconds. {"controller": "dbcssystem", "controllerGroup": "database.oracle.com", "controllerKind": "DbcsSystem", "DbcsSystem": {"name":"dbcssystem-clone.yaml","namespace":"default"}, "namespace": "default", "name": "dbcssystem-clone.yaml", "reconcileID": "bf0c98c6-13b6-4c15-938a-3594cd4cf1f3"}
2024-09-17T12:29:16Z    INFO    DB System current state is still:PROVISIONING. Sleeping for 60 seconds. {"controller": "dbcssystem", "controllerGroup": "database.oracle.com", "controllerKind": "DbcsSystem", "DbcsSystem": {"name":"dbcssystem-clone.yaml","namespace":"default"}, "namespace": "default", "name": "dbcssystem-clone.yaml", "reconcileID": "bf0c98c6-13b6-4c15-938a-3594cd4cf1f3"}
2024-09-17T12:30:16Z    INFO    DB System current state is still:PROVISIONING. Sleeping for 60 seconds. {"controller": "dbcssystem", "controllerGroup": "database.oracle.com", "controllerKind": "DbcsSystem", "DbcsSystem": {"name":"dbcssystem-clone.yaml","namespace":"default"}, "namespace": "default", "name": "dbcssystem-clone.yaml", "reconcileID": "bf0c98c6-13b6-4c15-938a-3594cd4cf1f3"}
2024-09-17T12:31:17Z    INFO    DB System current state is still:PROVISIONING. Sleeping for 60 seconds. {"controller": "dbcssystem", "controllerGroup": "database.oracle.com", "controllerKind": "DbcsSystem", "DbcsSystem": {"name":"dbcssystem-clone.yaml","namespace":"default"}, "namespace": "default", "name": "dbcssystem-clone.yaml", "reconcileID": "bf0c98c6-13b6-4c15-938a-3594cd4cf1f3"}
2024-09-17T12:32:18Z    INFO    DB System current state is still:PROVISIONING. Sleeping for 60 seconds. {"controller": "dbcssystem", "controllerGroup": "database.oracle.com", "controllerKind": "DbcsSystem", "DbcsSystem": {"name":"dbcssystem-clone.yaml","namespace":"default"}, "namespace": "default", "name": "dbcssystem-clone.yaml", "reconcileID": "bf0c98c6-13b6-4c15-938a-3594cd4cf1f3"}
2024-09-17T12:33:19Z    INFO    DB System current state is still:PROVISIONING. Sleeping for 60 seconds. {"controller": "dbcssystem", "controllerGroup": "database.oracle.com", "controllerKind": "DbcsSystem", "DbcsSystem": {"name":"dbcssystem-clone.yaml","namespace":"default"}, "namespace": "default", "name": "dbcssystem-clone.yaml", "reconcileID": "bf0c98c6-13b6-4c15-938a-3594cd4cf1f3"}
2024-09-17T12:34:20Z    INFO    DB System current state is still:PROVISIONING. Sleeping for 60 seconds. {"controller": "dbcssystem", "controllerGroup": "database.oracle.com", "controllerKind": "DbcsSystem", "DbcsSystem": {"name":"dbcssystem-clone.yaml","namespace":"default"}, "namespace": "default", "name": "dbcssystem-clone.yaml", "reconcileID": "bf0c98c6-13b6-4c15-938a-3594cd4cf1f3"}
2024-09-17T12:35:21Z    INFO    DB System current state is still:PROVISIONING. Sleeping for 60 seconds. {"controller": "dbcssystem", "controllerGroup": "database.oracle.com", "controllerKind": "DbcsSystem", "DbcsSystem": {"name":"dbcssystem-clone.yaml","namespace":"default"}, "namespace": "default", "name": "dbcssystem-clone.yaml", "reconcileID": "bf0c98c6-13b6-4c15-938a-3594cd4cf1f3"}
2024-09-17T12:36:22Z    INFO    DB System current state is still:PROVISIONING. Sleeping for 60 seconds. {"controller": "dbcssystem", "controllerGroup": "database.oracle.com", "controllerKind": "DbcsSystem", "DbcsSystem": {"name":"dbcssystem-clone.yaml","namespace":"default"}, "namespace": "default", "name": "dbcssystem-clone.yaml", "reconcileID": "bf0c98c6-13b6-4c15-938a-3594cd4cf1f3"}
2024-09-17T12:36:22Z    INFO    DB Cloning completed successfully from provided db system {"controller": "dbcssystem", "controllerGroup": "database.oracle.com", "controllerKind": "DbcsSystem", "DbcsSystem": {"name":"dbcssystem-clone.yaml","namespace":"default"}, "namespace": "default", "name": "dbcssystem-clone.yaml", "reconcileID": "bf0c98c6-13b6-4c15-938a-3594cd4cf1f3"}

#kubectl describe dbcssystems/dbcssystem-clone
Name:         dbcssystem-clone
Namespace:    default
Labels:       <none>
Annotations:  <none>
API Version:  database.oracle.com/v4
Kind:         DbcsSystem
Metadata:
  Creation Timestamp:  2024-12-10T14:05:34Z
  Generation:          1
  Resource Version:    118098180
  UID:                 6b96d17c-b788-4bb7-bc0e-098ade53100c
Spec:
  Db Clone:
    Db Admin Pasword Secret:  admin-password
    Db Db Unique Name:        
    Db Name:                  db1212
    Display Name:             dbsystem01312
    Domain:                   subdda0b5eaa.cluster1.oraclevcn.com
    Host Name:                host1213
    License Model:            BRING_YOUR_OWN_LICENSE
    Ssh Public Keys:
      oci-publickey
    Subnet Id:  ocid1.subnet.oc1.ap-mumbai-1.aaaaaaaa5zpzfax66omtbmjwlv4thruyru7focnu7fjcjksujmgwmr6vpbvq
  Db System:
    Availability Domain:      
    Compartment Id:           
    Db Admin Pasword Secret:  
    Db Backup Config:
    Host Name:  
    Kms Config:
    Shape:      
    Subnet Id:  
  Id:           ocid1.dbsystem.oc1.ap-mumbai-1.anrg6ljrabf7htyadgsso7aessztysrwaj5gcl3tp7ce6asijm2japyvmroa
  Kms Config:
  Oci Config Map:    oci-cred-mumbai
  Oci Secret:        oci-privatekey
  Setup DB Cloning:  true
Status:
  Availability Domain:        OLou:AP-MUMBAI-1-AD-1
  Cpu Core Count:             1
  Data Storage Percentage:    80
  Data Storage Size In G Bs:  512
  Db Edition:                 ENTERPRISE_EDITION_HIGH_PERFORMANCE
  Display Name:               dbsystem1234
  Id:                         ocid1.dbsystem.oc1.ap-mumbai-1.anrg6ljrabf7htyadgsso7aessztysrwaj5gcl3tp7ce6asijm2japyvmroa
  License Model:              BRING_YOUR_OWN_LICENSE
  Network:
    Client Subnet:          oke-nodesubnet-quick-cluster1-2bebe95db-regional
    Domain Name:            subdda0b5eaa.cluster1.oraclevcn.com
    Host Name:              host1234
    Listener Port:          1521
    Scan Dns Name:          host1234-scan.subdda0b5eaa.cluster1.oraclevcn.com
    Vcn Name:               oke-vcn-quick-cluster1-2bebe95db
  Node Count:               1
  Reco Storage Size In GB:  256
  Shape:                    VM.Standard2.1
  State:                    AVAILABLE
  Storage Management:       ASM
  Subnet Id:                ocid1.subnet.oc1.ap-mumbai-1.aaaaaaaa5zpzfax66omtbmjwlv4thruyru7focnu7fjcjksujmgwmr6vpbvq
  Time Zone:                UTC
Events:                     <none>