2024-09-18T12:55:33Z    INFO    Starting the clone process for DBCS from backup {"controller": "dbcssystem", "controllerGroup": "database.oracle.com", "controllerKind": "DbcsSystem", "DbcsSystem": {"name":"dbcssystem-clone","namespace":"default"}, "namespace": "default", "name": "dbcssystem-clone", "reconcileID": "a299bb7c-22eb-4db4-9037-ce81897345df", "dbcs": {"apiVersion": "database.oracle.com/v4", "kind": "DbcsSystem", "namespace": "default", "name": "dbcssystem-clone"}}
2024-09-18T12:55:33Z    INFO    Retrieved existing Db System Details from OCI using Spec.Id     {"controller": "dbcssystem", "controllerGroup": "database.oracle.com", "controllerKind": "DbcsSystem", "DbcsSystem": {"name":"dbcssystem-clone","namespace":"default"}, "namespace": "default", "name": "dbcssystem-clone", "reconcileID": "a299bb7c-22eb-4db4-9037-ce81897345df"}
2024-09-18T12:55:41Z    INFO    DB System current state is still:PROVISIONING. Sleeping for 60 seconds. {"controller": "dbcssystem", "controllerGroup": "database.oracle.com", "controllerKind": "DbcsSystem", "DbcsSystem": {"name":"dbcssystem-clone","namespace":"default"}, "namespace": "default", "name": "dbcssystem-clone", "reconcileID": "a299bb7c-22eb-4db4-9037-ce81897345df"}
2024-09-18T12:56:42Z    INFO    DB System current state is still:PROVISIONING. Sleeping for 60 seconds. {"controller": "dbcssystem", "controllerGroup": "database.oracle.com", "controllerKind": "DbcsSystem", "DbcsSystem": {"name":"dbcssystem-clone","namespace":"default"}, "namespace": "default", "name": "dbcssystem-clone", "reconcileID": "a299bb7c-22eb-4db4-9037-ce81897345df"}
2024-09-18T12:57:43Z    INFO    DB System current state is still:PROVISIONING. Sleeping for 60 seconds. {"controller": "dbcssystem", "controllerGroup": "database.oracle.com", "controllerKind": "DbcsSystem", "DbcsSystem": {"name":"dbcssystem-clone","namespace":"default"}, "namespace": "default", "name": "dbcssystem-clone", "reconcileID": "a299bb7c-22eb-4db4-9037-ce81897345df"}
2024-09-18T12:58:44Z    INFO    DB System current state is still:PROVISIONING. Sleeping for 60 seconds. {"controller": "dbcssystem", "controllerGroup": "database.oracle.com", "controllerKind": "DbcsSystem", "DbcsSystem": {"name":"dbcssystem-clone","namespace":"default"}, "namespace": "default", "name": "dbcssystem-clone", "reconcileID": "a299bb7c-22eb-4db4-9037-ce81897345df"}
2024-09-18T12:59:45Z    INFO    DB System current state is still:PROVISIONING. Sleeping for 60 seconds. {"controller": "dbcssystem", "controllerGroup": "database.oracle.com", "controllerKind": "DbcsSystem", "DbcsSystem": {"name":"dbcssystem-clone","namespace":"default"}, "namespace": "default", "name": "dbcssystem-clone", "reconcileID": "a299bb7c-22eb-4db4-9037-ce81897345df"}
2024-09-18T13:00:46Z    INFO    DB System current state is still:PROVISIONING. Sleeping for 60 seconds. {"controller": "dbcssystem", "controllerGroup": "database.oracle.com", "controllerKind": "DbcsSystem", "DbcsSystem": {"name":"dbcssystem-clone","namespace":"default"}, "namespace": "default", "name": "dbcssystem-clone", "reconcileID": "a299bb7c-22eb-4db4-9037-ce81897345df"}
2024-09-18T13:01:47Z    INFO    DB System current state is still:PROVISIONING. Sleeping for 60 seconds. {"controller": "dbcssystem", "controllerGroup": "database.oracle.com", "controllerKind": "DbcsSystem", "DbcsSystem": {"name":"dbcssystem-clone","namespace":"default"}, "namespace": "default", "name": "dbcssystem-clone", "reconcileID": "a299bb7c-22eb-4db4-9037-ce81897345df"}
2024-09-18T13:02:47Z    INFO    DB System current state is still:PROVISIONING. Sleeping for 60 seconds. {"controller": "dbcssystem", "controllerGroup": "database.oracle.com", "controllerKind": "DbcsSystem", "DbcsSystem": {"name":"dbcssystem-clone","namespace":"default"}, "namespace": "default", "name": "dbcssystem-clone", "reconcileID": "a299bb7c-22eb-4db4-9037-ce81897345df"}
2024-09-18T13:03:48Z    INFO    DB System current state is still:PROVISIONING. Sleeping for 60 seconds. {"controller": "dbcssystem", "controllerGroup": "database.oracle.com", "controllerKind": "DbcsSystem", "DbcsSystem": {"name":"dbcssystem-clone","namespace":"default"}, "namespace": "default", "name": "dbcssystem-clone", "reconcileID": "a299bb7c-22eb-4db4-9037-ce81897345df"}
2024-09-18T13:04:49Z    INFO    DB System current state is still:PROVISIONING. Sleeping for 60 seconds. {"controller": "dbcssystem", "controllerGroup": "database.oracle.com", "controllerKind": "DbcsSystem", "DbcsSystem": {"name":"dbcssystem-clone","namespace":"default"}, "namespace": "default", "name": "dbcssystem-clone", "reconcileID": "a299bb7c-22eb-4db4-9037-ce81897345df"}
2024-09-18T13:05:50Z    INFO    DB System current state is still:PROVISIONING. Sleeping for 60 seconds. {"controller": "dbcssystem", "controllerGroup": "database.oracle.com", "controllerKind": "DbcsSystem", "DbcsSystem": {"name":"dbcssystem-clone","namespace":"default"}, "namespace": "default", "name": "dbcssystem-clone", "reconcileID": "a299bb7c-22eb-4db4-9037-ce81897345df"}
2024-09-18T13:06:51Z    INFO    DB System current state is still:PROVISIONING. Sleeping for 60 seconds. {"controller": "dbcssystem", "controllerGroup": "database.oracle.com", "controllerKind": "DbcsSystem", "DbcsSystem": {"name":"dbcssystem-clone","namespace":"default"}, "namespace": "default", "name": "dbcssystem-clone", "reconcileID": "a299bb7c-22eb-4db4-9037-ce81897345df"}
2024-09-18T13:07:52Z    INFO    DB System current state is still:PROVISIONING. Sleeping for 60 seconds. {"controller": "dbcssystem", "controllerGroup": "database.oracle.com", "controllerKind": "DbcsSystem", "DbcsSystem": {"name":"dbcssystem-clone","namespace":"default"}, "namespace": "default", "name": "dbcssystem-clone", "reconcileID": "a299bb7c-22eb-4db4-9037-ce81897345df"}
2024-09-18T13:08:53Z    INFO    DB System current state is still:PROVISIONING. Sleeping for 60 seconds. {"controller": "dbcssystem", "controllerGroup": "database.oracle.com", "controllerKind": "DbcsSystem", "DbcsSystem": {"name":"dbcssystem-clone","namespace":"default"}, "namespace": "default", "name": "dbcssystem-clone", "reconcileID": "a299bb7c-22eb-4db4-9037-ce81897345df"}
2024-09-18T13:09:53Z    INFO    DB System current state is still:PROVISIONING. Sleeping for 60 seconds. {"controller": "dbcssystem", "controllerGroup": "database.oracle.com", "controllerKind": "DbcsSystem", "DbcsSystem": {"name":"dbcssystem-clone","namespace":"default"}, "namespace": "default", "name": "dbcssystem-clone", "reconcileID": "a299bb7c-22eb-4db4-9037-ce81897345df"}
2024-09-18T13:10:54Z    INFO    DB System current state is still:PROVISIONING. Sleeping for 60 seconds. {"controller": "dbcssystem", "controllerGroup": "database.oracle.com", "controllerKind": "DbcsSystem", "DbcsSystem": {"name":"dbcssystem-clone","namespace":"default"}, "namespace": "default", "name": "dbcssystem-clone", "reconcileID": "a299bb7c-22eb-4db4-9037-ce81897345df"}
2024-09-18T13:11:55Z    INFO    DB System current state is still:PROVISIONING. Sleeping for 60 seconds. {"controller": "dbcssystem", "controllerGroup": "database.oracle.com", "controllerKind": "DbcsSystem", "DbcsSystem": {"name":"dbcssystem-clone","namespace":"default"}, "namespace": "default", "name": "dbcssystem-clone", "reconcileID": "a299bb7c-22eb-4db4-9037-ce81897345df"}
2024-09-18T13:12:56Z    INFO    DB System current state is still:PROVISIONING. Sleeping for 60 seconds. {"controller": "dbcssystem", "controllerGroup": "database.oracle.com", "controllerKind": "DbcsSystem", "DbcsSystem": {"name":"dbcssystem-clone","namespace":"default"}, "namespace": "default", "name": "dbcssystem-clone", "reconcileID": "a299bb7c-22eb-4db4-9037-ce81897345df"}
2024-09-18T13:13:57Z    INFO    DB System current state is still:PROVISIONING. Sleeping for 60 seconds. {"controller": "dbcssystem", "controllerGroup": "database.oracle.com", "controllerKind": "DbcsSystem", "DbcsSystem": {"name":"dbcssystem-clone","namespace":"default"}, "namespace": "default", "name": "dbcssystem-clone", "reconcileID": "a299bb7c-22eb-4db4-9037-ce81897345df"}
2024-09-18T13:14:58Z    INFO    DB System current state is still:PROVISIONING. Sleeping for 60 seconds. {"controller": "dbcssystem", "controllerGroup": "database.oracle.com", "controllerKind": "DbcsSystem", "DbcsSystem": {"name":"dbcssystem-clone","namespace":"default"}, "namespace": "default", "name": "dbcssystem-clone", "reconcileID": "a299bb7c-22eb-4db4-9037-ce81897345df"}
2024-09-18T13:15:59Z    INFO    DB System current state is still:PROVISIONING. Sleeping for 60 seconds. {"controller": "dbcssystem", "controllerGroup": "database.oracle.com", "controllerKind": "DbcsSystem", "DbcsSystem": {"name":"dbcssystem-clone","namespace":"default"}, "namespace": "default", "name": "dbcssystem-clone", "reconcileID": "a299bb7c-22eb-4db4-9037-ce81897345df"}
2024-09-18T13:17:00Z    INFO    DB System current state is still:PROVISIONING. Sleeping for 60 seconds. {"controller": "dbcssystem", "controllerGroup": "database.oracle.com", "controllerKind": "DbcsSystem", "DbcsSystem": {"name":"dbcssystem-clone","namespace":"default"}, "namespace": "default", "name": "dbcssystem-clone", "reconcileID": "a299bb7c-22eb-4db4-9037-ce81897345df"}
2024-09-18T13:18:01Z    INFO    DB System current state is still:PROVISIONING. Sleeping for 60 seconds. {"controller": "dbcssystem", "controllerGroup": "database.oracle.com", "controllerKind": "DbcsSystem", "DbcsSystem": {"name":"dbcssystem-clone","namespace":"default"}, "namespace": "default", "name": "dbcssystem-clone", "reconcileID": "a299bb7c-22eb-4db4-9037-ce81897345df"}
2024-09-18T13:19:02Z    INFO    DB System current state is still:PROVISIONING. Sleeping for 60 seconds. {"controller": "dbcssystem", "controllerGroup": "database.oracle.com", "controllerKind": "DbcsSystem", "DbcsSystem": {"name":"dbcssystem-clone","namespace":"default"}, "namespace": "default", "name": "dbcssystem-clone", "reconcileID": "a299bb7c-22eb-4db4-9037-ce81897345df"}
2024-09-18T13:20:02Z    INFO    DB System current state is still:PROVISIONING. Sleeping for 60 seconds. {"controller": "dbcssystem", "controllerGroup": "database.oracle.com", "controllerKind": "DbcsSystem", "DbcsSystem": {"name":"dbcssystem-clone","namespace":"default"}, "namespace": "default", "name": "dbcssystem-clone", "reconcileID": "a299bb7c-22eb-4db4-9037-ce81897345df"}
2024-09-18T13:21:03Z    INFO    DB System current state is still:PROVISIONING. Sleeping for 60 seconds. {"controller": "dbcssystem", "controllerGroup": "database.oracle.com", "controllerKind": "DbcsSystem", "DbcsSystem": {"name":"dbcssystem-clone","namespace":"default"}, "namespace": "default", "name": "dbcssystem-clone", "reconcileID": "a299bb7c-22eb-4db4-9037-ce81897345df"}
2024-09-18T13:22:05Z    INFO    DB System current state is still:PROVISIONING. Sleeping for 60 seconds. {"controller": "dbcssystem", "controllerGroup": "database.oracle.com", "controllerKind": "DbcsSystem", "DbcsSystem": {"name":"dbcssystem-clone","namespace":"default"}, "namespace": "default", "name": "dbcssystem-clone", "reconcileID": "a299bb7c-22eb-4db4-9037-ce81897345df"}
2024-09-18T13:23:05Z    INFO    DB System current state is still:PROVISIONING. Sleeping for 60 seconds. {"controller": "dbcssystem", "controllerGroup": "database.oracle.com", "controllerKind": "DbcsSystem", "DbcsSystem": {"name":"dbcssystem-clone","namespace":"default"}, "namespace": "default", "name": "dbcssystem-clone", "reconcileID": "a299bb7c-22eb-4db4-9037-ce81897345df"}
2024-09-18T13:24:06Z    INFO    DB System current state is still:PROVISIONING. Sleeping for 60 seconds. {"controller": "dbcssystem", "controllerGroup": "database.oracle.com", "controllerKind": "DbcsSystem", "DbcsSystem": {"name":"dbcssystem-clone","namespace":"default"}, "namespace": "default", "name": "dbcssystem-clone", "reconcileID": "a299bb7c-22eb-4db4-9037-ce81897345df"}
2024-09-18T13:25:08Z    INFO    DB System current state is still:PROVISIONING. Sleeping for 60 seconds. {"controller": "dbcssystem", "controllerGroup": "database.oracle.com", "controllerKind": "DbcsSystem", "DbcsSystem": {"name":"dbcssystem-clone","namespace":"default"}, "namespace": "default", "name": "dbcssystem-clone", "reconcileID": "a299bb7c-22eb-4db4-9037-ce81897345df"}
2024-09-18T13:26:08Z    INFO    DB System current state is still:PROVISIONING. Sleeping for 60 seconds. {"controller": "dbcssystem", "controllerGroup": "database.oracle.com", "controllerKind": "DbcsSystem", "DbcsSystem": {"name":"dbcssystem-clone","namespace":"default"}, "namespace": "default", "name": "dbcssystem-clone", "reconcileID": "a299bb7c-22eb-4db4-9037-ce81897345df"}
2024-09-18T13:27:09Z    INFO    DB System current state is still:PROVISIONING. Sleeping for 60 seconds. {"controller": "dbcssystem", "controllerGroup": "database.oracle.com", "controllerKind": "DbcsSystem", "DbcsSystem": {"name":"dbcssystem-clone","namespace":"default"}, "namespace": "default", "name": "dbcssystem-clone", "reconcileID": "a299bb7c-22eb-4db4-9037-ce81897345df"}
2024-09-18T13:28:10Z    INFO    DB System current state is still:PROVISIONING. Sleeping for 60 seconds. {"controller": "dbcssystem", "controllerGroup": "database.oracle.com", "controllerKind": "DbcsSystem", "DbcsSystem": {"name":"dbcssystem-clone","namespace":"default"}, "namespace": "default", "name": "dbcssystem-clone", "reconcileID": "a299bb7c-22eb-4db4-9037-ce81897345df"}
2024-09-18T13:29:11Z    INFO    DB System current state is still:PROVISIONING. Sleeping for 60 seconds. {"controller": "dbcssystem", "controllerGroup": "database.oracle.com", "controllerKind": "DbcsSystem", "DbcsSystem": {"name":"dbcssystem-clone","namespace":"default"}, "namespace": "default", "name": "dbcssystem-clone", "reconcileID": "a299bb7c-22eb-4db4-9037-ce81897345df"}
2024-09-18T13:30:12Z    INFO    DB System current state is still:PROVISIONING. Sleeping for 60 seconds. {"controller": "dbcssystem", "controllerGroup": "database.oracle.com", "controllerKind": "DbcsSystem", "DbcsSystem": {"name":"dbcssystem-clone","namespace":"default"}, "namespace": "default", "name": "dbcssystem-clone", "reconcileID": "a299bb7c-22eb-4db4-9037-ce81897345df"}
2024-09-18T13:31:13Z    INFO    DB System current state is still:PROVISIONING. Sleeping for 60 seconds. {"controller": "dbcssystem", "controllerGroup": "database.oracle.com", "controllerKind": "DbcsSystem", "DbcsSystem": {"name":"dbcssystem-clone","namespace":"default"}, "namespace": "default", "name": "dbcssystem-clone", "reconcileID": "a299bb7c-22eb-4db4-9037-ce81897345df"}
2024-09-18T13:32:14Z    INFO    DB System current state is still:PROVISIONING. Sleeping for 60 seconds. {"controller": "dbcssystem", "controllerGroup": "database.oracle.com", "controllerKind": "DbcsSystem", "DbcsSystem": {"name":"dbcssystem-clone","namespace":"default"}, "namespace": "default", "name": "dbcssystem-clone", "reconcileID": "a299bb7c-22eb-4db4-9037-ce81897345df"}
2024-09-18T13:33:15Z    INFO    DB System current state is still:PROVISIONING. Sleeping for 60 seconds. {"controller": "dbcssystem", "controllerGroup": "database.oracle.com", "controllerKind": "DbcsSystem", "DbcsSystem": {"name":"dbcssystem-clone","namespace":"default"}, "namespace": "default", "name": "dbcssystem-clone", "reconcileID": "a299bb7c-22eb-4db4-9037-ce81897345df"}
2024-09-18T13:34:16Z    INFO    DB System current state is still:PROVISIONING. Sleeping for 60 seconds. {"controller": "dbcssystem", "controllerGroup": "database.oracle.com", "controllerKind": "DbcsSystem", "DbcsSystem": {"name":"dbcssystem-clone","namespace":"default"}, "namespace": "default", "name": "dbcssystem-clone", "reconcileID": "a299bb7c-22eb-4db4-9037-ce81897345df"}
2024-09-18T13:35:16Z    INFO    DB System current state is still:PROVISIONING. Sleeping for 60 seconds. {"controller": "dbcssystem", "controllerGroup": "database.oracle.com", "controllerKind": "DbcsSystem", "DbcsSystem": {"name":"dbcssystem-clone","namespace":"default"}, "namespace": "default", "name": "dbcssystem-clone", "reconcileID": "a299bb7c-22eb-4db4-9037-ce81897345df"}
2024-09-18T13:36:17Z    INFO    DB System current state is still:PROVISIONING. Sleeping for 60 seconds. {"controller": "dbcssystem", "controllerGroup": "database.oracle.com", "controllerKind": "DbcsSystem", "DbcsSystem": {"name":"dbcssystem-clone","namespace":"default"}, "namespace": "default", "name": "dbcssystem-clone", "reconcileID": "a299bb7c-22eb-4db4-9037-ce81897345df"}
2024-09-18T13:37:18Z    INFO    DB System current state is still:PROVISIONING. Sleeping for 60 seconds. {"controller": "dbcssystem", "controllerGroup": "database.oracle.com", "controllerKind": "DbcsSystem", "DbcsSystem": {"name":"dbcssystem-clone","namespace":"default"}, "namespace": "default", "name": "dbcssystem-clone", "reconcileID": "a299bb7c-22eb-4db4-9037-ce81897345df"}
2024-09-18T13:38:19Z    INFO    DB System current state is still:PROVISIONING. Sleeping for 60 seconds. {"controller": "dbcssystem", "controllerGroup": "database.oracle.com", "controllerKind": "DbcsSystem", "DbcsSystem": {"name":"dbcssystem-clone","namespace":"default"}, "namespace": "default", "name": "dbcssystem-clone", "reconcileID": "a299bb7c-22eb-4db4-9037-ce81897345df"}
2024-09-18T13:39:20Z    INFO    DB System current state is still:PROVISIONING. Sleeping for 60 seconds. {"controller": "dbcssystem", "controllerGroup": "database.oracle.com", "controllerKind": "DbcsSystem", "DbcsSystem": {"name":"dbcssystem-clone","namespace":"default"}, "namespace": "default", "name": "dbcssystem-clone", "reconcileID": "a299bb7c-22eb-4db4-9037-ce81897345df"}
2024-09-18T13:40:21Z    INFO    DB System current state is still:PROVISIONING. Sleeping for 60 seconds. {"controller": "dbcssystem", "controllerGroup": "database.oracle.com", "controllerKind": "DbcsSystem", "DbcsSystem": {"name":"dbcssystem-clone","namespace":"default"}, "namespace": "default", "name": "dbcssystem-clone", "reconcileID": "a299bb7c-22eb-4db4-9037-ce81897345df"}
2024-09-18T13:41:22Z    INFO    DB System current state is still:PROVISIONING. Sleeping for 60 seconds. {"controller": "dbcssystem", "controllerGroup": "database.oracle.com", "controllerKind": "DbcsSystem", "DbcsSystem": {"name":"dbcssystem-clone","namespace":"default"}, "namespace": "default", "name": "dbcssystem-clone", "reconcileID": "a299bb7c-22eb-4db4-9037-ce81897345df"}
2024-09-18T13:42:23Z    INFO    DB System current state is still:PROVISIONING. Sleeping for 60 seconds. {"controller": "dbcssystem", "controllerGroup": "database.oracle.com", "controllerKind": "DbcsSystem", "DbcsSystem": {"name":"dbcssystem-clone","namespace":"default"}, "namespace": "default", "name": "dbcssystem-clone", "reconcileID": "a299bb7c-22eb-4db4-9037-ce81897345df"}
2024-09-18T13:43:23Z    INFO    DB System current state is still:PROVISIONING. Sleeping for 60 seconds. {"controller": "dbcssystem", "controllerGroup": "database.oracle.com", "controllerKind": "DbcsSystem", "DbcsSystem": {"name":"dbcssystem-clone","namespace":"default"}, "namespace": "default", "name": "dbcssystem-clone", "reconcileID": "a299bb7c-22eb-4db4-9037-ce81897345df"}
2024-09-18T13:44:24Z    INFO    DB System current state is still:PROVISIONING. Sleeping for 60 seconds. {"controller": "dbcssystem", "controllerGroup": "database.oracle.com", "controllerKind": "DbcsSystem", "DbcsSystem": {"name":"dbcssystem-clone","namespace":"default"}, "namespace": "default", "name": "dbcssystem-clone", "reconcileID": "a299bb7c-22eb-4db4-9037-ce81897345df"}
2024-09-18T13:45:25Z    INFO    DB System current state is still:PROVISIONING. Sleeping for 60 seconds. {"controller": "dbcssystem", "controllerGroup": "database.oracle.com", "controllerKind": "DbcsSystem", "DbcsSystem": {"name":"dbcssystem-clone","namespace":"default"}, "namespace": "default", "name": "dbcssystem-clone", "reconcileID": "a299bb7c-22eb-4db4-9037-ce81897345df"}
2024-09-18T13:46:26Z    INFO    DB System current state is still:PROVISIONING. Sleeping for 60 seconds. {"controller": "dbcssystem", "controllerGroup": "database.oracle.com", "controllerKind": "DbcsSystem", "DbcsSystem": {"name":"dbcssystem-clone","namespace":"default"}, "namespace": "default", "name": "dbcssystem-clone", "reconcileID": "a299bb7c-22eb-4db4-9037-ce81897345df"}
2024-09-18T13:47:27Z    INFO    DB System current state is still:PROVISIONING. Sleeping for 60 seconds. {"controller": "dbcssystem", "controllerGroup": "database.oracle.com", "controllerKind": "DbcsSystem", "DbcsSystem": {"name":"dbcssystem-clone","namespace":"default"}, "namespace": "default", "name": "dbcssystem-clone", "reconcileID": "a299bb7c-22eb-4db4-9037-ce81897345df"}
2024-09-18T13:48:28Z    INFO    DB System current state is still:PROVISIONING. Sleeping for 60 seconds. {"controller": "dbcssystem", "controllerGroup": "database.oracle.com", "controllerKind": "DbcsSystem", "DbcsSystem": {"name":"dbcssystem-clone","namespace":"default"}, "namespace": "default", "name": "dbcssystem-clone", "reconcileID": "a299bb7c-22eb-4db4-9037-ce81897345df"}
2024-09-18T13:49:29Z    INFO    DB System current state is still:PROVISIONING. Sleeping for 60 seconds. {"controller": "dbcssystem", "controllerGroup": "database.oracle.com", "controllerKind": "DbcsSystem", "DbcsSystem": {"name":"dbcssystem-clone","namespace":"default"}, "namespace": "default", "name": "dbcssystem-clone", "reconcileID": "a299bb7c-22eb-4db4-9037-ce81897345df"}
2024-09-18T13:50:30Z    INFO    DB System current state is still:PROVISIONING. Sleeping for 60 seconds. {"controller": "dbcssystem", "controllerGroup": "database.oracle.com", "controllerKind": "DbcsSystem", "DbcsSystem": {"name":"dbcssystem-clone","namespace":"default"}, "namespace": "default", "name": "dbcssystem-clone", "reconcileID": "a299bb7c-22eb-4db4-9037-ce81897345df"}
2024-09-18T13:51:31Z    INFO    DB System current state is still:PROVISIONING. Sleeping for 60 seconds. {"controller": "dbcssystem", "controllerGroup": "database.oracle.com", "controllerKind": "DbcsSystem", "DbcsSystem": {"name":"dbcssystem-clone","namespace":"default"}, "namespace": "default", "name": "dbcssystem-clone", "reconcileID": "a299bb7c-22eb-4db4-9037-ce81897345df"}
2024-09-18T13:52:32Z    INFO    DB System current state is still:PROVISIONING. Sleeping for 60 seconds. {"controller": "dbcssystem", "controllerGroup": "database.oracle.com", "controllerKind": "DbcsSystem", "DbcsSystem": {"name":"dbcssystem-clone","namespace":"default"}, "namespace": "default", "name": "dbcssystem-clone", "reconcileID": "a299bb7c-22eb-4db4-9037-ce81897345df"}
2024-09-18T13:53:32Z    INFO    DB System current state is still:PROVISIONING. Sleeping for 60 seconds. {"controller": "dbcssystem", "controllerGroup": "database.oracle.com", "controllerKind": "DbcsSystem", "DbcsSystem": {"name":"dbcssystem-clone","namespace":"default"}, "namespace": "default", "name": "dbcssystem-clone", "reconcileID": "a299bb7c-22eb-4db4-9037-ce81897345df"}
2024-09-18T13:54:33Z    INFO    DB System current state is still:PROVISIONING. Sleeping for 60 seconds. {"controller": "dbcssystem", "controllerGroup": "database.oracle.com", "controllerKind": "DbcsSystem", "DbcsSystem": {"name":"dbcssystem-clone","namespace":"default"}, "namespace": "default", "name": "dbcssystem-clone", "reconcileID": "a299bb7c-22eb-4db4-9037-ce81897345df"}
2024-09-18T13:55:34Z    INFO    DB System current state is still:PROVISIONING. Sleeping for 60 seconds. {"controller": "dbcssystem", "controllerGroup": "database.oracle.com", "controllerKind": "DbcsSystem", "DbcsSystem": {"name":"dbcssystem-clone","namespace":"default"}, "namespace": "default", "name": "dbcssystem-clone", "reconcileID": "a299bb7c-22eb-4db4-9037-ce81897345df"}
2024-09-18T13:56:35Z    INFO    DB System current state is still:PROVISIONING. Sleeping for 60 seconds. {"controller": "dbcssystem", "controllerGroup": "database.oracle.com", "controllerKind": "DbcsSystem", "DbcsSystem": {"name":"dbcssystem-clone","namespace":"default"}, "namespace": "default", "name": "dbcssystem-clone", "reconcileID": "a299bb7c-22eb-4db4-9037-ce81897345df"}
2024-09-18T13:57:36Z    INFO    DB System current state is still:PROVISIONING. Sleeping for 60 seconds. {"controller": "dbcssystem", "controllerGroup": "database.oracle.com", "controllerKind": "DbcsSystem", "DbcsSystem": {"name":"dbcssystem-clone","namespace":"default"}, "namespace": "default", "name": "dbcssystem-clone", "reconcileID": "a299bb7c-22eb-4db4-9037-ce81897345df"}
2024-09-18T13:58:37Z    INFO    DB System current state is still:PROVISIONING. Sleeping for 60 seconds. {"controller": "dbcssystem", "controllerGroup": "database.oracle.com", "controllerKind": "DbcsSystem", "DbcsSystem": {"name":"dbcssystem-clone","namespace":"default"}, "namespace": "default", "name": "dbcssystem-clone", "reconcileID": "a299bb7c-22eb-4db4-9037-ce81897345df"}
2024-09-18T13:59:38Z    INFO    DB System current state is still:PROVISIONING. Sleeping for 60 seconds. {"controller": "dbcssystem", "controllerGroup": "database.oracle.com", "controllerKind": "DbcsSystem", "DbcsSystem": {"name":"dbcssystem-clone","namespace":"default"}, "namespace": "default", "name": "dbcssystem-clone", "reconcileID": "a299bb7c-22eb-4db4-9037-ce81897345df"}
2024-09-18T14:00:39Z    INFO    DB System current state is still:PROVISIONING. Sleeping for 60 seconds. {"controller": "dbcssystem", "controllerGroup": "database.oracle.com", "controllerKind": "DbcsSystem", "DbcsSystem": {"name":"dbcssystem-clone","namespace":"default"}, "namespace": "default", "name": "dbcssystem-clone", "reconcileID": "a299bb7c-22eb-4db4-9037-ce81897345df"}
2024-09-18T14:01:40Z    INFO    DB System current state is still:PROVISIONING. Sleeping for 60 seconds. {"controller": "dbcssystem", "controllerGroup": "database.oracle.com", "controllerKind": "DbcsSystem", "DbcsSystem": {"name":"dbcssystem-clone","namespace":"default"}, "namespace": "default", "name": "dbcssystem-clone", "reconcileID": "a299bb7c-22eb-4db4-9037-ce81897345df"}
2024-09-18T14:02:41Z    INFO    DB System current state is still:PROVISIONING. Sleeping for 60 seconds. {"controller": "dbcssystem", "controllerGroup": "database.oracle.com", "controllerKind": "DbcsSystem", "DbcsSystem": {"name":"dbcssystem-clone","namespace":"default"}, "namespace": "default", "name": "dbcssystem-clone", "reconcileID": "a299bb7c-22eb-4db4-9037-ce81897345df"}
2024-09-18T14:03:42Z    INFO    DB System current state is still:PROVISIONING. Sleeping for 60 seconds. {"controller": "dbcssystem", "controllerGroup": "database.oracle.com", "controllerKind": "DbcsSystem", "DbcsSystem": {"name":"dbcssystem-clone","namespace":"default"}, "namespace": "default", "name": "dbcssystem-clone", "reconcileID": "a299bb7c-22eb-4db4-9037-ce81897345df"}
2024-09-18T14:04:42Z    INFO    DB System current state is still:PROVISIONING. Sleeping for 60 seconds. {"controller": "dbcssystem", "controllerGroup": "database.oracle.com", "controllerKind": "DbcsSystem", "DbcsSystem": {"name":"dbcssystem-clone","namespace":"default"}, "namespace": "default", "name": "dbcssystem-clone", "reconcileID": "a299bb7c-22eb-4db4-9037-ce81897345df"}
2024-09-18T14:05:43Z    INFO    DB System current state is still:PROVISIONING. Sleeping for 60 seconds. {"controller": "dbcssystem", "controllerGroup": "database.oracle.com", "controllerKind": "DbcsSystem", "DbcsSystem": {"name":"dbcssystem-clone","namespace":"default"}, "namespace": "default", "name": "dbcssystem-clone", "reconcileID": "a299bb7c-22eb-4db4-9037-ce81897345df"}
2024-09-18T14:06:44Z    INFO    DB System current state is still:PROVISIONING. Sleeping for 60 seconds. {"controller": "dbcssystem", "controllerGroup": "database.oracle.com", "controllerKind": "DbcsSystem", "DbcsSystem": {"name":"dbcssystem-clone","namespace":"default"}, "namespace": "default", "name": "dbcssystem-clone", "reconcileID": "a299bb7c-22eb-4db4-9037-ce81897345df"}
2024-09-18T14:07:45Z    INFO    DB System current state is still:PROVISIONING. Sleeping for 60 seconds. {"controller": "dbcssystem", "controllerGroup": "database.oracle.com", "controllerKind": "DbcsSystem", "DbcsSystem": {"name":"dbcssystem-clone","namespace":"default"}, "namespace": "default", "name": "dbcssystem-clone", "reconcileID": "a299bb7c-22eb-4db4-9037-ce81897345df"}
2024-09-18T14:08:46Z    INFO    DB Cloning completed successfully from provided backup DB system. {"controller": "dbcssystem", "controllerGroup": "database.oracle.com", "controllerKind": "DbcsSystem", "DbcsSystem": {"name":"dbcssystem-clone","namespace":"default"}, "namespace": "default", "name": "dbcssystem-clone", "reconcileID": "a299bb7c-22eb-4db4-9037-ce81897345df"}


#kubectl describe dbcssystems/dbcssystem-clone
Name:         dbcssystem-clone
Namespace:    default
Labels:       <none>
Annotations:  <none>
API Version:  database.oracle.com/v4
Kind:         DbcsSystem
Metadata:
  Creation Timestamp:  2024-12-10T14:05:34Z
  Generation:          1
  Resource Version:    118098180
  UID:                 6b96d17c-b788-4bb7-bc0e-098ade53100c
Spec:
  Db Clone:
    Db Admin Pasword Secret:  admin-password
    Db Db Unique Name:        
    Db Name:                  db1212
    Display Name:             dbsystem01312
    Domain:                   subdda0b5eaa.cluster1.oraclevcn.com
    Host Name:                host1213
    License Model:            BRING_YOUR_OWN_LICENSE
    Ssh Public Keys:
      oci-publickey
    Subnet Id:  ocid1.subnet.oc1.ap-mumbai-1.aaaaaaaa5zpzfax66omtbmjwlv4thruyru7focnu7fjcjksujmgwmr6vpbvq
  Db System:
    Availability Domain:      
    Compartment Id:           
    Db Admin Pasword Secret:  
    Db Backup Config:
    Host Name:  
    Kms Config:
    Shape:      
    Subnet Id:  
  Id:           ocid1.dbsystem.oc1.ap-mumbai-1.anrg6ljrabf7htyadgsso7aessztysrwaj5gcl3tp7ce6asijm2japyvmroa
  Kms Config:
  Oci Config Map:    oci-cred-mumbai
  Oci Secret:        oci-privatekey
  Setup DB Cloning:  true
Status:
  Availability Domain:        OLou:AP-MUMBAI-1-AD-1
  Cpu Core Count:             1
  Data Storage Percentage:    80
  Data Storage Size In G Bs:  512
  Db Edition:                 ENTERPRISE_EDITION_HIGH_PERFORMANCE
  Display Name:               dbsystem1234
  Id:                         ocid1.dbsystem.oc1.ap-mumbai-1.anrg6ljrabf7htyadgsso7aessztysrwaj5gcl3tp7ce6asijm2japyvmroa
  License Model:              BRING_YOUR_OWN_LICENSE
  Network:
    Client Subnet:          oke-nodesubnet-quick-cluster1-2bebe95db-regional
    Domain Name:            subdda0b5eaa.cluster1.oraclevcn.com
    Host Name:              host1234
    Listener Port:          1521
    Scan Dns Name:          host1234-scan.subdda0b5eaa.cluster1.oraclevcn.com
    Vcn Name:               oke-vcn-quick-cluster1-2bebe95db
  Node Count:               1
  Reco Storage Size In GB:  256
  Shape:                    VM.Standard2.1
  State:                    AVAILABLE
  Storage Management:       ASM
  Subnet Id:                ocid1.subnet.oc1.ap-mumbai-1.aaaaaaaa5zpzfax66omtbmjwlv4thruyru7focnu7fjcjksujmgwmr6vpbvq
  Time Zone:                UTC
Events:                     <none>
