[root@docker-test-server test]# cat dbcs_service_with_all_parameters_asm.yaml
apiVersion: database.oracle.com/v4
kind: DbcsSystem
metadata:
  name: dbcssystem-create
spec:
  ociConfigMap: "oci-cred-mumbai"
  ociSecret: "oci-privatekey"
  dbSystem:
    availabilityDomain: "OLou:AP-MUMBAI-1-AD-1"
    compartmentId: "ocid1.compartment.oc1..aaaaaaaa63yqilqhgxv3dszur3a2fgwc64ohpfy43vpqjm7q5zq4q4yaw72a"
    dbAdminPaswordSecret: "admin-password"
    dbBackupConfig:
      autoBackupEnabled: True
      autoBackupWindow: "SLOT_FOUR"
      recoveryWindowsInDays: 15
    dbEdition: "ENTERPRISE_EDITION_HIGH_PERFORMANCE"
    dbName: "cdb12"
    displayName: "dbsys123"
    licenseModel: "BRING_YOUR_OWN_LICENSE"
    dbVersion: "19c"
    dbWorkload: "OLTP"
    diskRedundancy: "EXTERNAL"
    hostName: "host01234"
    initialDataStorageSizeInGB: 256
    licenseModel: "BRING_YOUR_OWN_LICENSE"
    pdbName: "PDB0123"
    privateIp: "10.0.1.99"
    shape: "VM.Standard.E5.Flex"
    sshPublicKeys:
      - "oci-publickey"
    storageManagement: "ASM"
    subnetId: "ocid1.subnet.oc1.ap-mumbai-1.aaaaaaaa5zpzfax66omtbmjwlv4thruyru7focnu7fjcjksujmgwmr6vpbvq"
    tags:
      "TEST": "test_case_provision"
      "CreatedBy": "MAA_TEAM"
    tdeWalletPasswordSecret: "tde-password"
    timeZone: "Europe/Berlin"
[root@docker-test-server test]#
[root@docker-test-server test]#
[root@docker-test-server test]# kubectl apply -f dbcs_service_with_all_parameters_asm.yaml
dbcssystem.database.oracle.com/dbcssystem-create created


[root@docker-test-server test]# kubectl get ns

kubectl get allNAME                              STATUS   AGE
cert-manager                      Active   13d
default                           Active   139d
kube-node-lease                   Active   139d
kube-public                       Active   139d
kube-system                       Active   139d
oracle-database-operator-system   Active   13d
shns                              Active   88d
[root@docker-test-server test]#
[root@docker-test-server test]# kubectl get all -n oracle-database-operator-system
NAME                                                               READY   STATUS    RESTARTS   AGE
pod/oracle-database-operator-controller-manager-665874bd57-dlhls   1/1     Running   3          13d
pod/oracle-database-operator-controller-manager-665874bd57-g2cgw   1/1     Running   3          13d
pod/oracle-database-operator-controller-manager-665874bd57-q42f8   1/1     Running   4          13d

NAME                                                                  TYPE        CLUSTER-IP      EXTERNAL-IP   PORT(S)    AGE
service/oracle-database-operator-controller-manager-metrics-service   ClusterIP   10.96.130.124   <none>        8443/TCP   13d
service/oracle-database-operator-webhook-service                      ClusterIP   10.96.4.104     <none>        443/TCP    13d

NAME                                                          READY   UP-TO-DATE   AVAILABLE   AGE
deployment.apps/oracle-database-operator-controller-manager   3/3     3            3           13d

NAME                                                                     DESIRED   CURRENT   READY   AGE
replicaset.apps/oracle-database-operator-controller-manager-665874bd57   3         3         3       13d
[root@docker-test-server test]#




[root@docker-test-server test]# kubectl logs -f pod/oracle-database-operator-controller-manager-665874bd57-dlhls -n oracle-database-operator-system
.
.
2022-03-09T02:59:43.691Z  INFO  controller-runtime.manager.controller.dbcssystem  OCI provider configured succesfully {"reconciler group": "database.oracle.com", "reconciler kind": "DbcsSystem", "name": "dbcssystem-create", "namespace": "default"}
2022-03-09T02:59:44.410Z  INFO  controller-runtime.manager.controller.dbcssystem  DbcsSystem DBSystem provisioning  {"reconciler group": "database.oracle.com", "reconciler kind": "DbcsSystem", "name": "dbcssystem-create", "namespace": "default"}
2022-03-09T02:59:52.341Z  INFO  controller-runtime.manager.controller.dbcssystem  DB System current state is still:PROVISIONING. Sleeping for 60 seconds. {"reconciler group": "database.oracle.com", "reconciler kind": "DbcsSystem", "name": "dbcssystem-create", "namespace": "default"}
2022-03-09T03:00:52.845Z  INFO  controller-runtime.manager.controller.dbcssystem  DB System current state is still:PROVISIONING. Sleeping for 60 seconds. {"reconciler group": "database.oracle.com", "reconciler kind": "DbcsSystem", "name": "dbcssystem-create", "namespace": "default"}
2022-03-09T03:01:53.382Z  INFO  controller-runtime.manager.controller.dbcssystem  DB System current state is still:PROVISIONING. Sleeping for 60 seconds. {"reconciler group": "database.oracle.com", "reconciler kind": "DbcsSystem", "name": "dbcssystem-create", "namespace": "default"}
2022-03-09T03:02:53.737Z  INFO  controller-runtime.manager.controller.dbcssystem  DB System current state is still:PROVISIONING. Sleeping for 60 seconds. {"reconciler group": "database.oracle.com", "reconciler kind": "DbcsSystem", "name": "dbcssystem-create", "namespace": "default"}
2022-03-09T03:03:54.188Z  INFO  controller-runtime.manager.controller.dbcssystem  DB System current state is still:PROVISIONING. Sleeping for 60 seconds. {"reconciler group": "database.oracle.com", "reconciler kind": "DbcsSystem", "name": "dbcssystem-create", "namespace": "default"}
2022-03-09T03:04:54.545Z  INFO  controller-runtime.manager.controller.dbcssystem  DB System current state is still:PROVISIONING. Sleeping for 60 seconds. {"reconciler group": "database.oracle.com", "reconciler kind": "DbcsSystem", "name": "dbcssystem-create", "namespace": "default"}
2022-03-09T03:05:55.030Z  INFO  controller-runtime.manager.controller.dbcssystem  DB System current state is still:PROVISIONING. Sleeping for 60 seconds. {"reconciler group": "database.oracle.com", "reconciler kind": "DbcsSystem", "name": "dbcssystem-create", "namespace": "default"}
2022-03-09T03:06:55.429Z  INFO  controller-runtime.manager.controller.dbcssystem  DB System current state is still:PROVISIONING. Sleeping for 60 seconds. {"reconciler group": "database.oracle.com", "reconciler kind": "DbcsSystem", "name": "dbcssystem-create", "namespace": "default"}
2022-03-09T03:07:55.789Z  INFO  controller-runtime.manager.controller.dbcssystem  DB System current state is still:PROVISIONING. Sleeping for 60 seconds. {"reconciler group": "database.oracle.com", "reconciler kind": "DbcsSystem", "name": "dbcssystem-create", "namespace": "default"}
2022-03-09T03:08:56.188Z  INFO  controller-runtime.manager.controller.dbcssystem  DB System current state is still:PROVISIONING. Sleeping for 60 seconds. {"reconciler group": "database.oracle.com", "reconciler kind": "DbcsSystem", "name": "dbcssystem-create", "namespace": "default"}
2022-03-09T03:09:56.905Z  INFO  controller-runtime.manager.controller.dbcssystem  DB System current state is still:PROVISIONING. Sleeping for 60 seconds. {"reconciler group": "database.oracle.com", "reconciler kind": "DbcsSystem", "name": "dbcssystem-create", "namespace": "default"}
2022-03-09T03:10:57.308Z  INFO  controller-runtime.manager.controller.dbcssystem  DB System current state is still:PROVISIONING. Sleeping for 60 seconds. {"reconciler group": "database.oracle.com", "reconciler kind": "DbcsSystem", "name": "dbcssystem-create", "namespace": "default"}
2022-03-09T03:11:58.068Z  INFO  controller-runtime.manager.controller.dbcssystem  DB System current state is still:PROVISIONING. Sleeping for 60 seconds. {"reconciler group": "database.oracle.com", "reconciler kind": "DbcsSystem", "name": "dbcssystem-create", "namespace": "default"}
2022-03-09T03:12:58.444Z  INFO  controller-runtime.manager.controller.dbcssystem  DB System current state is still:PROVISIONING. Sleeping for 60 seconds. {"reconciler group": "database.oracle.com", "reconciler kind": "DbcsSystem", "name": "dbcssystem-create", "namespace": "default"}
2022-03-09T03:13:58.840Z  INFO  controller-runtime.manager.controller.dbcssystem  DB System current state is still:PROVISIONING. Sleeping for 60 seconds. {"reconciler group": "database.oracle.com", "reconciler kind": "DbcsSystem", "name": "dbcssystem-create", "namespace": "default"}
2022-03-09T03:14:59.194Z  INFO  controller-runtime.manager.controller.dbcssystem  DB System current state is still:PROVISIONING. Sleeping for 60 seconds. {"reconciler group": "database.oracle.com", "reconciler kind": "DbcsSystem", "name": "dbcssystem-create", "namespace": "default"}
2022-03-09T03:15:59.772Z  INFO  controller-runtime.manager.controller.dbcssystem  DB System current state is still:PROVISIONING. Sleeping for 60 seconds. {"reconciler group": "database.oracle.com", "reconciler kind": "DbcsSystem", "name": "dbcssystem-create", "namespace": "default"}
2022-03-09T03:17:00.249Z  INFO  controller-runtime.manager.controller.dbcssystem  DB System current state is still:PROVISIONING. Sleeping for 60 seconds. {"reconciler group": "database.oracle.com", "reconciler kind": "DbcsSystem", "name": "dbcssystem-create", "namespace": "default"}
2022-03-09T03:18:00.599Z  INFO  controller-runtime.manager.controller.dbcssystem  DB System current state is still:PROVISIONING. Sleeping for 60 seconds. {"reconciler group": "database.oracle.com", "reconciler kind": "DbcsSystem", "name": "dbcssystem-create", "namespace": "default"}
2022-03-09T03:19:00.881Z  INFO  controller-runtime.manager.controller.dbcssystem  DB System current state is still:PROVISIONING. Sleeping for 60 seconds. {"reconciler group": "database.oracle.com", "reconciler kind": "DbcsSystem", "name": "dbcssystem-create", "namespace": "default"}
2022-03-09T03:20:01.121Z  INFO  controller-runtime.manager.controller.dbcssystem  DB System current state is still:PROVISIONING. Sleeping for 60 seconds. {"reconciler group": "database.oracle.com", "reconciler kind": "DbcsSystem", "name": "dbcssystem-create", "namespace": "default"}
2022-03-09T03:21:01.488Z  INFO  controller-runtime.manager.controller.dbcssystem  DB System current state is still:PROVISIONING. Sleeping for 60 seconds. {"reconciler group": "database.oracle.com", "reconciler kind": "DbcsSystem", "name": "dbcssystem-create", "namespace": "default"}
2022-03-09T03:22:01.874Z  INFO  controller-runtime.manager.controller.dbcssystem  DB System current state is still:PROVISIONING. Sleeping for 60 seconds. {"reconciler group": "database.oracle.com", "reconciler kind": "DbcsSystem", "name": "dbcssystem-create", "namespace": "default"}
2022-03-09T03:23:02.726Z  INFO  controller-runtime.manager.controller.dbcssystem  DB System current state is still:PROVISIONING. Sleeping for 60 seconds. {"reconciler group": "database.oracle.com", "reconciler kind": "DbcsSystem", "name": "dbcssystem-create", "namespace": "default"}
2022-03-09T03:24:03.634Z  INFO  controller-runtime.manager.controller.dbcssystem  DB System current state is still:PROVISIONING. Sleeping for 60 seconds. {"reconciler group": "database.oracle.com", "reconciler kind": "DbcsSystem", "name": "dbcssystem-create", "namespace": "default"}
2022-03-09T03:25:03.978Z  INFO  controller-runtime.manager.controller.dbcssystem  DB System current state is still:PROVISIONING. Sleeping for 60 seconds. {"reconciler group": "database.oracle.com", "reconciler kind": "DbcsSystem", "name": "dbcssystem-create", "namespace": "default"}
2022-03-09T03:26:04.450Z  INFO  controller-runtime.manager.controller.dbcssystem  DB System current state is still:PROVISIONING. Sleeping for 60 seconds. {"reconciler group": "database.oracle.com", "reconciler kind": "DbcsSystem", "name": "dbcssystem-create", "namespace": "default"}
2022-03-09T03:27:04.763Z  INFO  controller-runtime.manager.controller.dbcssystem  DB System current state is still:PROVISIONING. Sleeping for 60 seconds. {"reconciler group": "database.oracle.com", "reconciler kind": "DbcsSystem", "name": "dbcssystem-create", "namespace": "default"}
2022-03-09T03:28:05.246Z  INFO  controller-runtime.manager.controller.dbcssystem  DB System current state is still:PROVISIONING. Sleeping for 60 seconds. {"reconciler group": "database.oracle.com", "reconciler kind": "DbcsSystem", "name": "dbcssystem-create", "namespace": "default"}
2022-03-09T03:29:05.825Z  INFO  controller-runtime.manager.controller.dbcssystem  DB System current state is still:PROVISIONING. Sleeping for 60 seconds. {"reconciler group": "database.oracle.com", "reconciler kind": "DbcsSystem", "name": "dbcssystem-create", "namespace": "default"}
2022-03-09T03:30:06.398Z  INFO  controller-runtime.manager.controller.dbcssystem  DB System current state is still:PROVISIONING. Sleeping for 60 seconds. {"reconciler group": "database.oracle.com", "reconciler kind": "DbcsSystem", "name": "dbcssystem-create", "namespace": "default"}
2022-03-09T03:31:07.256Z  INFO  controller-runtime.manager.controller.dbcssystem  DB System current state is still:PROVISIONING. Sleeping for 60 seconds. {"reconciler group": "database.oracle.com", "reconciler kind": "DbcsSystem", "name": "dbcssystem-create", "namespace": "default"}
2022-03-09T03:32:07.551Z  INFO  controller-runtime.manager.controller.dbcssystem  DB System current state is still:PROVISIONING. Sleeping for 60 seconds. {"reconciler group": "database.oracle.com", "reconciler kind": "DbcsSystem", "name": "dbcssystem-create", "namespace": "default"}
2022-03-09T03:33:08.057Z  INFO  controller-runtime.manager.controller.dbcssystem  DB System current state is still:PROVISIONING. Sleeping for 60 seconds. {"reconciler group": "database.oracle.com", "reconciler kind": "DbcsSystem", "name": "dbcssystem-create", "namespace": "default"}
2022-03-09T03:34:08.452Z  INFO  controller-runtime.manager.controller.dbcssystem  DB System current state is still:PROVISIONING. Sleeping for 60 seconds. {"reconciler group": "database.oracle.com", "reconciler kind": "DbcsSystem", "name": "dbcssystem-create", "namespace": "default"}
2022-03-09T03:35:08.772Z  INFO  controller-runtime.manager.controller.dbcssystem  DB System current state is still:PROVISIONING. Sleeping for 60 seconds. {"reconciler group": "database.oracle.com", "reconciler kind": "DbcsSystem", "name": "dbcssystem-create", "namespace": "default"}
2022-03-09T03:36:09.216Z  INFO  controller-runtime.manager.controller.dbcssystem  DB System current state is still:PROVISIONING. Sleeping for 60 seconds. {"reconciler group": "database.oracle.com", "reconciler kind": "DbcsSystem", "name": "dbcssystem-create", "namespace": "default"}
2022-03-09T03:37:09.584Z  INFO  controller-runtime.manager.controller.dbcssystem  DB System current state is still:PROVISIONING. Sleeping for 60 seconds. {"reconciler group": "database.oracle.com", "reconciler kind": "DbcsSystem", "name": "dbcssystem-create", "namespace": "default"}
2022-03-09T03:38:09.881Z  INFO  controller-runtime.manager.controller.dbcssystem  DB System current state is still:PROVISIONING. Sleeping for 60 seconds. {"reconciler group": "database.oracle.com", "reconciler kind": "DbcsSystem", "name": "dbcssystem-create", "namespace": "default"}
2022-03-09T03:39:10.602Z  INFO  controller-runtime.manager.controller.dbcssystem  DB System current state is still:PROVISIONING. Sleeping for 60 seconds. {"reconciler group": "database.oracle.com", "reconciler kind": "DbcsSystem", "name": "dbcssystem-create", "namespace": "default"}
2022-03-09T03:40:10.869Z  INFO  controller-runtime.manager.controller.dbcssystem  DB System current state is still:PROVISIONING. Sleeping for 60 seconds. {"reconciler group": "database.oracle.com", "reconciler kind": "DbcsSystem", "name": "dbcssystem-create", "namespace": "default"}
2022-03-09T03:41:11.301Z  INFO  controller-runtime.manager.controller.dbcssystem  DB System current state is still:PROVISIONING. Sleeping for 60 seconds. {"reconciler group": "database.oracle.com", "reconciler kind": "DbcsSystem", "name": "dbcssystem-create", "namespace": "default"}
2022-03-09T03:42:12.468Z  INFO  controller-runtime.manager.controller.dbcssystem  DB System current state is still:PROVISIONING. Sleeping for 60 seconds. {"reconciler group": "database.oracle.com", "reconciler kind": "DbcsSystem", "name": "dbcssystem-create", "namespace": "default"}
2022-03-09T03:43:12.732Z  INFO  controller-runtime.manager.controller.dbcssystem  DB System current state is still:PROVISIONING. Sleeping for 60 seconds. {"reconciler group": "database.oracle.com", "reconciler kind": "DbcsSystem", "name": "dbcssystem-create", "namespace": "default"}
2022-03-09T03:44:13.243Z  INFO  controller-runtime.manager.controller.dbcssystem  DB System current state is still:PROVISIONING. Sleeping for 60 seconds. {"reconciler group": "database.oracle.com", "reconciler kind": "DbcsSystem", "name": "dbcssystem-create", "namespace": "default"}
2022-03-09T03:45:13.582Z  INFO  controller-runtime.manager.controller.dbcssystem  DB System current state is still:PROVISIONING. Sleeping for 60 seconds. {"reconciler group": "database.oracle.com", "reconciler kind": "DbcsSystem", "name": "dbcssystem-create", "namespace": "default"}
2022-03-09T03:46:13.873Z  INFO  controller-runtime.manager.controller.dbcssystem  DB System current state is still:PROVISIONING. Sleeping for 60 seconds. {"reconciler group": "database.oracle.com", "reconciler kind": "DbcsSystem", "name": "dbcssystem-create", "namespace": "default"}
2022-03-09T03:47:14.440Z  INFO  controller-runtime.manager.controller.dbcssystem  DB System current state is still:PROVISIONING. Sleeping for 60 seconds. {"reconciler group": "database.oracle.com", "reconciler kind": "DbcsSystem", "name": "dbcssystem-create", "namespace": "default"}
2022-03-09T03:48:14.941Z  INFO  controller-runtime.manager.controller.dbcssystem  DB System current state is still:PROVISIONING. Sleeping for 60 seconds. {"reconciler group": "database.oracle.com", "reconciler kind": "DbcsSystem", "name": "dbcssystem-create", "namespace": "default"}
2022-03-09T03:49:15.381Z  INFO  controller-runtime.manager.controller.dbcssystem  DB System current state is still:PROVISIONING. Sleeping for 60 seconds. {"reconciler group": "database.oracle.com", "reconciler kind": "DbcsSystem", "name": "dbcssystem-create", "namespace": "default"}
2022-03-09T03:50:16.038Z  INFO  controller-runtime.manager.controller.dbcssystem  DB System current state is still:PROVISIONING. Sleeping for 60 seconds. {"reconciler group": "database.oracle.com", "reconciler kind": "DbcsSystem", "name": "dbcssystem-create", "namespace": "default"}
2022-03-09T03:51:16.335Z  INFO  controller-runtime.manager.controller.dbcssystem  DB System current state is still:PROVISIONING. Sleeping for 60 seconds. {"reconciler group": "database.oracle.com", "reconciler kind": "DbcsSystem", "name": "dbcssystem-create", "namespace": "default"}
2022-03-09T03:52:16.785Z  INFO  controller-runtime.manager.controller.dbcssystem  DB System current state is still:PROVISIONING. Sleeping for 60 seconds. {"reconciler group": "database.oracle.com", "reconciler kind": "DbcsSystem", "name": "dbcssystem-create", "namespace": "default"}
2022-03-09T03:53:17.374Z  INFO  controller-runtime.manager.controller.dbcssystem  DB System current state is still:PROVISIONING. Sleeping for 60 seconds. {"reconciler group": "database.oracle.com", "reconciler kind": "DbcsSystem", "name": "dbcssystem-create", "namespace": "default"}
2022-03-09T03:54:17.675Z  INFO  controller-runtime.manager.controller.dbcssystem  DB System current state is still:PROVISIONING. Sleeping for 60 seconds. {"reconciler group": "database.oracle.com", "reconciler kind": "DbcsSystem", "name": "dbcssystem-create", "namespace": "default"}
2022-03-09T03:55:18.054Z  INFO  controller-runtime.manager.controller.dbcssystem  DB System current state is still:PROVISIONING. Sleeping for 60 seconds. {"reconciler group": "database.oracle.com", "reconciler kind": "DbcsSystem", "name": "dbcssystem-create", "namespace": "default"}
2022-03-09T03:56:18.623Z  INFO  controller-runtime.manager.controller.dbcssystem  DB System current state is still:PROVISIONING. Sleeping for 60 seconds. {"reconciler group": "database.oracle.com", "reconciler kind": "DbcsSystem", "name": "dbcssystem-create", "namespace": "default"}
2022-03-09T03:57:19.033Z  INFO  controller-runtime.manager.controller.dbcssystem  DB System current state is still:PROVISIONING. Sleeping for 60 seconds. {"reconciler group": "database.oracle.com", "reconciler kind": "DbcsSystem", "name": "dbcssystem-create", "namespace": "default"}
2022-03-09T03:58:19.611Z  INFO  controller-runtime.manager.controller.dbcssystem  DB System current state is still:PROVISIONING. Sleeping for 60 seconds. {"reconciler group": "database.oracle.com", "reconciler kind": "DbcsSystem", "name": "dbcssystem-create", "namespace": "default"}
2022-03-09T03:59:20.320Z  INFO  controller-runtime.manager.controller.dbcssystem  DbcsSystem system provisioned succesfully {"reconciler group": "database.oracle.com", "reconciler kind": "DbcsSystem", "name": "dbcssystem-create", "namespace": "default"}




[root@docker-test-server test]# kubectl describe dbcssystems.database.oracle.com dbcssystem-create
user/ $ k describe dbcssystems/dbcssystem-create
Name:         dbcssystem-create
Namespace:    default
Labels:       <none>
Annotations:  lastSuccessfulSpec:
                {"dbSystem":{"compartmentId":"ocid1.compartment.oc1..aaaaaaaa63yqilqhgxv3dszur3a2fgwc64ohpfy43vpqjm7q5zq4q4yaw72a","availabilityDomain":"O...
API Version:  database.oracle.com/v4
Kind:         DbcsSystem
Metadata:
  Creation Timestamp:  2024-12-09T09:42:08Z
  Generation:          2
  Resource Version:    117337682
  UID:                 cc31eb51-56bc-48f5-926b-2453710b1592
Spec:
  Db System:
    Availability Domain:      OLou:AP-MUMBAI-1-AD-1
    Compartment Id:           ocid1.compartment.oc1..aaaaaaaa63yqilqhgxv3dszur3a2fgwc64ohpfy43vpqjm7q5zq4q4yaw72a
    Db Admin Pasword Secret:  admin-password
    Db Backup Config:
      Auto Backup Enabled:            true
      Auto Backup Window:             SLOT_FOUR
      Recovery Windows In Days:       15
    Db Edition:                       ENTERPRISE_EDITION_HIGH_PERFORMANCE
    Db Name:                          cdb12
    Db Version:                       19c
    Db Workload:                      OLTP
    Disk Redundancy:                  EXTERNAL
    Display Name:                     dbsys123
    Host Name:                        host01234
    Initial Data Storage Size In GB:  256
    Kms Config:
    License Model:  BRING_YOUR_OWN_LICENSE
    Pdb Name:       PDB0123
    Private Ip:     10.0.1.99
    Shape:          VM.Standard.E5.Flex
    Ssh Public Keys:
      oci-publickey
    Storage Management:  ASM
    Subnet Id:           ocid1.subnet.oc1.ap-mumbai-1.aaaaaaaa5zpzfax66omtbmjwlv4thruyru7focnu7fjcjksujmgwmr6vpbvq
    Tags:
      Created By:                MAA_TEAM
      TEST:                      test_case_provision
    Tde Wallet Password Secret:  tde-password
    Time Zone:                   Europe/Berlin
  Id:                            ocid1.dbsystem.oc1.ap-mumbai-1.anrg6ljrabf7htyap33onviyojoimevpazf4wtbnfsi5v5izah2s365wmyka
  Kms Config:
  Oci Config Map:  oci-cred-mumbai
  Oci Secret:      oci-privatekey
Status:
  Availability Domain:        OLou:AP-MUMBAI-1-AD-1
  Cpu Core Count:             2
  Data Storage Percentage:    80
  Data Storage Size In G Bs:  256
  Db Clone Status:
    Db Db Unique Name:  
    Host Name:          
  Db Edition:           ENTERPRISE_EDITION_HIGH_PERFORMANCE
  Db Info:
    Db Home Id:      ocid1.dbhome.oc1.ap-mumbai-1.anrg6ljrqlb5nxiav4nm27oy6tfbqqyukvcgba7nalyozrgwfvkt5f25fazq
    Db Name:         cdb12
    Db Unique Name:  cdb12_z4b_bom
    Db Workload:     OLTP
    Id:              ocid1.database.oc1.ap-mumbai-1.anrg6ljrabf7htyanuajzgrh6u5qtvlui4e7jtfwbcnx7lcplw36dy4u4fza
  Display Name:      dbsys123
  Id:                ocid1.dbsystem.oc1.ap-mumbai-1.anrg6ljrabf7htyap33onviyojoimevpazf4wtbnfsi5v5izah2s365wmyka
  Kms Details Status:
  License Model:  BRING_YOUR_OWN_LICENSE
  Network:
    Client Subnet:  oke-nodesubnet-quick-cluster1-2bebe95db-regional
    Domain Name:    subdda0b5eaa.cluster1.oraclevcn.com
    Host Name:      host01234
    Listener Port:  1521
    Scan Dns Name:  host01234-scan.subdda0b5eaa.cluster1.oraclevcn.com
    Vcn Name:       oke-vcn-quick-cluster1-2bebe95db
  Node Count:       1
  Pdb Details Status:
    Pdb Config Status:
      Freeform Tags:
        Created By:           MAA_TEAM
        TEST:                 test_case_provision
      Pdb Name:               PDB0123
      Pdb State:              AVAILABLE
      Pluggable Database Id:  ocid1.pluggabledatabase.oc1.ap-mumbai-1.anrg6ljrabf7htya6wvrskrlk2fazy4pa25jcbinks7vsjdv4kxf5t6nxcxq
  Reco Storage Size In GB:    256
  Shape:                      VM.Standard.E5.Flex
  State:                      AVAILABLE
  Storage Management:         ASM
  Subnet Id:                  ocid1.subnet.oc1.ap-mumbai-1.aaaaaaaa5zpzfax66omtbmjwlv4thruyru7focnu7fjcjksujmgwmr6vpbvq
  Time Zone:                  UTC
  Work Requests:
    Operation Id:      ocid1.coreservicesworkrequest.oc1.ap-mumbai-1.abrg6ljrq63rk37tfqyu64lwason4rczllxmd5nk5iovdzbqkkk2d4nwp5ka
    Operation Type:    Create DB System
    Percent Complete:  100
    Time Accepted:     2024-12-09 09:42:14.521 +0000 UTC
    Time Finished:     2024-12-09 10:32:30.77 +0000 UTC
    Time Started:      2024-12-09 09:42:21.084 +0000 UTC
Events:                <none>