[root@docker-test-server test]# cat dbcs_service_with_all_parameters_lvm.yaml
apiVersion: database.oracle.com/v1alpha1
kind: DbcsSystem
metadata:
  name: dbcssystem-create
spec:
  ociConfigMap: "oci-cred"
  ociSecret: "oci-privatekey"
  dbSystem:
    availabilityDomain: "OLou:PHX-AD-1"
    compartmentId: "ocid1.compartment.oc1..aaaaaaaa4hecw2shffuuc4fcatpin4x3rdkesmmf4he67osupo7g6f7i6eya"
    dbAdminPaswordSecret: "admin-password"
    dbBackupConfig:
      autoBackupEnabled: True
      autoBackupWindow: "SLOT_FOUR"
      recoveryWindowsInDays: 15
    dbEdition: "STANDARD_EDITION"
    dbName: "db0130"
    dbVersion: "21c"
    dbWorkload: "OLTP"
    displayName: "dbsystem0130"
    hostName: "host0130"
    initialDataStorageSizeInGB: 256
    licenseModel: "BRING_YOUR_OWN_LICENSE"
    pdbName: "PDB0130"
    shape: "VM.Standard2.1"
    sshPublicKeys:
      - "oci-publickey"
    storageManagement: "LVM"
    subnetId: "ocid1.subnet.oc1.phx.aaaaaaaauso243tymnzeh6zbz5vkejgyu4ugujul5okpa5xbaq3275izbc7a"
    tags:
      "TEST": "test_case_provision"
      "CreatedBy": "MAA_TEAM"
    tdeWalletPasswordSecret: "tde-password"
    timeZone: "Europe/Berlin"
[root@docker-test-server test]#
[root@docker-test-server test]# kubectl apply -f dbcs_service_with_all_parameters_lvm.yaml
dbcssystem.database.oracle.com/dbcssystem-create created
[root@docker-test-server test]#


[root@docker-test-server test]# kubectl get ns

kubectl get allNAME                              STATUS   AGE
cert-manager                      Active   13d
default                           Active   139d
kube-node-lease                   Active   139d
kube-public                       Active   139d
kube-system                       Active   139d
oracle-database-operator-system   Active   13d
shns                              Active   88d
[root@docker-test-server test]#
[root@docker-test-server test]# kubectl get all -n oracle-database-operator-system
NAME                                                               READY   STATUS    RESTARTS   AGE
pod/oracle-database-operator-controller-manager-665874bd57-dlhls   1/1     Running   3          13d
pod/oracle-database-operator-controller-manager-665874bd57-g2cgw   1/1     Running   3          13d
pod/oracle-database-operator-controller-manager-665874bd57-q42f8   1/1     Running   4          13d

NAME                                                                  TYPE        CLUSTER-IP      EXTERNAL-IP   PORT(S)    AGE
service/oracle-database-operator-controller-manager-metrics-service   ClusterIP   10.96.130.124   <none>        8443/TCP   13d
service/oracle-database-operator-webhook-service                      ClusterIP   10.96.4.104     <none>        443/TCP    13d

NAME                                                          READY   UP-TO-DATE   AVAILABLE   AGE
deployment.apps/oracle-database-operator-controller-manager   3/3     3            3           13d

NAME                                                                     DESIRED   CURRENT   READY   AGE
replicaset.apps/oracle-database-operator-controller-manager-665874bd57   3         3         3       13d
[root@docker-test-server test]#




[root@docker-test-server test]# kubectl logs -f pod/oracle-database-operator-controller-manager-665874bd57-dlhls -n oracle-database-operator-system
.
.
2022-03-09T01:28:57.125Z  INFO  controller-runtime.manager.controller.dbcssystem  DbcsSystem DBSystem provisioning  {"reconciler group": "database.oracle.com", "reconciler kind": "DbcsSystem", "name": "dbcssystem-create", "namespace": "default"}
2022-03-09T01:29:04.321Z  INFO  controller-runtime.manager.controller.dbcssystem  DB System current state is still:PROVISIONING. Sleeping for 60 seconds. {"reconciler group": "database.oracle.com", "reconciler kind": "DbcsSystem", "name": "dbcssystem-create", "namespace": "default"}
2022-03-09T01:30:04.972Z  INFO  controller-runtime.manager.controller.dbcssystem  DB System current state is still:PROVISIONING. Sleeping for 60 seconds. {"reconciler group": "database.oracle.com", "reconciler kind": "DbcsSystem", "name": "dbcssystem-create", "namespace": "default"}
2022-03-09T01:31:05.417Z  INFO  controller-runtime.manager.controller.dbcssystem  DB System current state is still:PROVISIONING. Sleeping for 60 seconds. {"reconciler group": "database.oracle.com", "reconciler kind": "DbcsSystem", "name": "dbcssystem-create", "namespace": "default"}
2022-03-09T01:32:05.728Z  INFO  controller-runtime.manager.controller.dbcssystem  DB System current state is still:PROVISIONING. Sleeping for 60 seconds. {"reconciler group": "database.oracle.com", "reconciler kind": "DbcsSystem", "name": "dbcssystem-create", "namespace": "default"}
2022-03-09T01:33:06.284Z  INFO  controller-runtime.manager.controller.dbcssystem  DB System current state is still:PROVISIONING. Sleeping for 60 seconds. {"reconciler group": "database.oracle.com", "reconciler kind": "DbcsSystem", "name": "dbcssystem-create", "namespace": "default"}
2022-03-09T01:34:06.763Z  INFO  controller-runtime.manager.controller.dbcssystem  DB System current state is still:PROVISIONING. Sleeping for 60 seconds. {"reconciler group": "database.oracle.com", "reconciler kind": "DbcsSystem", "name": "dbcssystem-create", "namespace": "default"}
2022-03-09T01:35:07.237Z  INFO  controller-runtime.manager.controller.dbcssystem  DB System current state is still:PROVISIONING. Sleeping for 60 seconds. {"reconciler group": "database.oracle.com", "reconciler kind": "DbcsSystem", "name": "dbcssystem-create", "namespace": "default"}
2022-03-09T01:36:07.594Z  INFO  controller-runtime.manager.controller.dbcssystem  DB System current state is still:PROVISIONING. Sleeping for 60 seconds. {"reconciler group": "database.oracle.com", "reconciler kind": "DbcsSystem", "name": "dbcssystem-create", "namespace": "default"}
2022-03-09T01:37:08.416Z  INFO  controller-runtime.manager.controller.dbcssystem  DB System current state is still:PROVISIONING. Sleeping for 60 seconds. {"reconciler group": "database.oracle.com", "reconciler kind": "DbcsSystem", "name": "dbcssystem-create", "namespace": "default"}
2022-03-09T01:38:08.724Z  INFO  controller-runtime.manager.controller.dbcssystem  DB System current state is still:PROVISIONING. Sleeping for 60 seconds. {"reconciler group": "database.oracle.com", "reconciler kind": "DbcsSystem", "name": "dbcssystem-create", "namespace": "default"}
2022-03-09T01:39:08.998Z  INFO  controller-runtime.manager.controller.dbcssystem  DB System current state is still:PROVISIONING. Sleeping for 60 seconds. {"reconciler group": "database.oracle.com", "reconciler kind": "DbcsSystem", "name": "dbcssystem-create", "namespace": "default"}
2022-03-09T01:40:09.408Z  INFO  controller-runtime.manager.controller.dbcssystem  DB System current state is still:PROVISIONING. Sleeping for 60 seconds. {"reconciler group": "database.oracle.com", "reconciler kind": "DbcsSystem", "name": "dbcssystem-create", "namespace": "default"}
2022-03-09T01:41:10.348Z  INFO  controller-runtime.manager.controller.dbcssystem  DB System current state is still:PROVISIONING. Sleeping for 60 seconds. {"reconciler group": "database.oracle.com", "reconciler kind": "DbcsSystem", "name": "dbcssystem-create", "namespace": "default"}
2022-03-09T01:42:10.845Z  INFO  controller-runtime.manager.controller.dbcssystem  DB System current state is still:PROVISIONING. Sleeping for 60 seconds. {"reconciler group": "database.oracle.com", "reconciler kind": "DbcsSystem", "name": "dbcssystem-create", "namespace": "default"}
2022-03-09T01:43:11.152Z  INFO  controller-runtime.manager.controller.dbcssystem  DB System current state is still:PROVISIONING. Sleeping for 60 seconds. {"reconciler group": "database.oracle.com", "reconciler kind": "DbcsSystem", "name": "dbcssystem-create", "namespace": "default"}
2022-03-09T01:44:11.560Z  INFO  controller-runtime.manager.controller.dbcssystem  DB System current state is still:PROVISIONING. Sleeping for 60 seconds. {"reconciler group": "database.oracle.com", "reconciler kind": "DbcsSystem", "name": "dbcssystem-create", "namespace": "default"}
2022-03-09T01:45:11.927Z  INFO  controller-runtime.manager.controller.dbcssystem  DB System current state is still:PROVISIONING. Sleeping for 60 seconds. {"reconciler group": "database.oracle.com", "reconciler kind": "DbcsSystem", "name": "dbcssystem-create", "namespace": "default"}
2022-03-09T01:46:12.217Z  INFO  controller-runtime.manager.controller.dbcssystem  DB System current state is still:PROVISIONING. Sleeping for 60 seconds. {"reconciler group": "database.oracle.com", "reconciler kind": "DbcsSystem", "name": "dbcssystem-create", "namespace": "default"}
2022-03-09T01:47:12.442Z  INFO  controller-runtime.manager.controller.dbcssystem  DB System current state is still:PROVISIONING. Sleeping for 60 seconds. {"reconciler group": "database.oracle.com", "reconciler kind": "DbcsSystem", "name": "dbcssystem-create", "namespace": "default"}
2022-03-09T01:48:12.826Z  INFO  controller-runtime.manager.controller.dbcssystem  DbcsSystem system provisioned succesfully {"reconciler group": "database.oracle.com", "reconciler kind": "DbcsSystem", "name": "dbcssystem-create", "namespace": "default"}
[root@docker-test-server test]#






[root@docker-test-server test]# kubectl describe dbcssystems.database.oracle.com dbcssystem-create
Name:         dbcssystem-create
Namespace:    default
Labels:       <none>
Annotations:  lastSuccessfulSpec:
                {"dbSystem":{"compartmentId":"ocid1.compartment.oc1..aaaaaaaa4hecw2shffuuc4fcatpin4x3rdkesmmf4he67osupo7g6f7i6eya","availabilityDomain":"O...
API Version:  database.oracle.com/v1alpha1
Kind:         DbcsSystem
Metadata:
  Creation Timestamp:  2022-03-09T01:28:56Z
  Generation:          1
  Managed Fields:
    API Version:  database.oracle.com/v1alpha1
    Fields Type:  FieldsV1
    fieldsV1:
      f:metadata:
        f:annotations:
          .:
          f:kubectl.kubernetes.io/last-applied-configuration:
      f:spec:
        .:
        f:dbSystem:
          .:
          f:availabilityDomain:
          f:compartmentId:
          f:dbAdminPaswordSecret:
          f:dbBackupConfig:
            .:
            f:autoBackupEnabled:
            f:autoBackupWindow:
            f:recoveryWindowsInDays:
          f:dbEdition:
          f:dbName:
          f:dbVersion:
          f:dbWorkload:
          f:displayName:
          f:hostName:
          f:initialDataStorageSizeInGB:
          f:licenseModel:
          f:pdbName:
          f:shape:
          f:sshPublicKeys:
          f:storageManagement:
          f:subnetId:
          f:tags:
            .:
            f:CreatedBy:
            f:TEST:
          f:tdeWalletPasswordSecret:
          f:timeZone:
        f:ociConfigMap:
        f:ociSecret:
    Manager:      kubectl-client-side-apply
    Operation:    Update
    Time:         2022-03-09T01:28:56Z
    API Version:  database.oracle.com/v1alpha1
    Fields Type:  FieldsV1
    fieldsV1:
      f:metadata:
        f:annotations:
          f:lastSuccessfulSpec:
      f:spec:
        f:id:
      f:status:
        .:
        f:availabilityDomain:
        f:cpuCoreCount:
        f:dataStoragePercentage:
        f:dataStorageSizeInGBs:
        f:dbEdition:
        f:dbInfo:
        f:displayName:
        f:id:
        f:licenseModel:
        f:network:
          .:
          f:clientSubnet:
          f:domainName:
          f:hostName:
          f:listenerPort:
          f:vcnName:
        f:nodeCount:
        f:recoStorageSizeInGB:
        f:shape:
        f:state:
        f:storageManagement:
        f:subnetId:
        f:timeZone:
        f:workRequests:
    Manager:         manager
    Operation:       Update
    Time:            2022-03-09T01:48:12Z
  Resource Version:  55235730
  UID:               53f67e5d-7725-4c8d-a3c2-53ac82f6ef11
Spec:
  Db System:
    Availability Domain:      OLou:PHX-AD-1
    Compartment Id:           ocid1.compartment.oc1..aaaaaaaa4hecw2shffuuc4fcatpin4x3rdkesmmf4he67osupo7g6f7i6eya
    Db Admin Pasword Secret:  admin-password
    Db Backup Config:
      Auto Backup Enabled:            true
      Auto Backup Window:             SLOT_FOUR
      Recovery Windows In Days:       15
    Db Edition:                       STANDARD_EDITION
    Db Name:                          db0130
    Db Version:                       21c
    Db Workload:                      OLTP
    Display Name:                     dbsystem0130
    Host Name:                        host0130
    Initial Data Storage Size In GB:  256
    License Model:                    BRING_YOUR_OWN_LICENSE
    Pdb Name:                         PDB0130
    Shape:                            VM.Standard2.1
    Ssh Public Keys:
      oci-publickey
    Storage Management:  LVM
    Subnet Id:           ocid1.subnet.oc1.phx.aaaaaaaauso243tymnzeh6zbz5vkejgyu4ugujul5okpa5xbaq3275izbc7a
    Tags:
      Created By:                MAA_TEAM
      TEST:                      test_case_provision
    Tde Wallet Password Secret:  tde-password
    Time Zone:                   Europe/Berlin
  Oci Config Map:                oci-cred
  Oci Secret:                    oci-privatekey
Status:
  Availability Domain:        OLou:PHX-AD-1
  Cpu Core Count:             1
  Data Storage Percentage:    80
  Data Storage Size In G Bs:  256
  Db Edition:                 STANDARD_EDITION
  Db Info:
    Db Home Id:      ocid1.dbhome.oc1.phx.anyhqljr5gy3jhqahugk47wa6hp36fwamqh24lv7bavbqleyerdjgpoublgq
    Db Name:         db0130
    Db Unique Name:  db0130_phx1t6
    Db Workload:     OLTP
    Id:              ocid1.database.oc1.phx.anyhqljrabf7htya4wwpjsm6bc4jlipqrxl7lpgm5dt7rjpfcwnuynslifra
  Display Name:      dbsystem0130
  Id:                ocid1.dbsystem.oc1.phx.anyhqljrabf7htya3y2uepxpcpy4t2gv5ctnw3r2jkfaevxloydy5uilgpna
  License Model:     BRING_YOUR_OWN_LICENSE
  Network:
    Client Subnet:          k8test-pubvcn
    Domain Name:            k8testpubvcn.k8test.oraclevcn.com
    Host Name:              host0130
    Listener Port:          1521
    Vcn Name:               k8test
  Node Count:               1
  Reco Storage Size In GB:  256
  Shape:                    VM.Standard2.1
  State:                    AVAILABLE
  Storage Management:       LVM
  Subnet Id:                ocid1.subnet.oc1.phx.aaaaaaaauso243tymnzeh6zbz5vkejgyu4ugujul5okpa5xbaq3275izbc7a
  Time Zone:                Europe/Berlin
  Work Requests:
    Operation Id:      ocid1.coreservicesworkrequest.oc1.phx.abyhqljrmfvsuabnnapzaxlpzxyipcfbqlquxd4yg7cfw57ectybunbjw4tq
    Operation Type:    Create DB System
    Percent Complete:  100
    Time Accepted:     2022-03-09 01:29:01.315 +0000 UTC
    Time Finished:     2022-03-09 01:46:27.292 +0000 UTC
    Time Started:      2022-03-09 01:29:13.294 +0000 UTC
Events:                <none>
[root@docker-test-server test]#


