kubectl describe dbcssystems/dbcssystem-create
Name:         dbcssystem-create
Namespace:    default
Labels:       <none>
Annotations:  lastSuccessfulSpec:
                {"dbSystem":{"compartmentId":"ocid1.compartment.oc1..aaaaaaaa63yqilqhgxv3dszur3a2fgwc64ohpfy43vpqjm7q5zq4q4yaw72a","availabilityDomain":"O...
API Version:  database.oracle.com/v4
Kind:         DbcsSystem
Metadata:
  Creation Timestamp:  2024-12-10T05:19:46Z
  Generation:          2
  Resource Version:    117717259
  UID:                 3ff13686-50ec-41e3-81c8-77bb6b5a8afa
Spec:
  Db System:
    Availability Domain:      OLou:AP-MUMBAI-1-AD-1
    Compartment Id:           ocid1.compartment.oc1..aaaaaaaa63yqilqhgxv3dszur3a2fgwc64ohpfy43vpqjm7q5zq4q4yaw72a
    Db Admin Pasword Secret:  admin-password
    Db Backup Config:
    Db Edition:    ENTERPRISE_EDITION_HIGH_PERFORMANCE
    Db Name:       cdb1
    Db Version:    19c
    Db Workload:   OLTP
    Display Name:  dbsystem1234
    Domain:        subdda0b5eaa.cluster1.oraclevcn.com
    Host Name:     host1234
    Kms Config:
    License Model:  BRING_YOUR_OWN_LICENSE
    Shape:          VM.Standard2.1
    Ssh Public Keys:
      oci-publickey
    Subnet Id:  ocid1.subnet.oc1.ap-mumbai-1.aaaaaaaa5zpzfax66omtbmjwlv4thruyru7focnu7fjcjksujmgwmr6vpbvq
  Id:           ocid1.dbsystem.oc1.ap-mumbai-1.anrg6ljrabf7htyadgsso7aessztysrwaj5gcl3tp7ce6asijm2japyvmroa
  Kms Config:
  Oci Config Map:  oci-cred-mumbai
  Oci Secret:      oci-privatekey
Status:
  Availability Domain:        OLou:AP-MUMBAI-1-AD-1
  Cpu Core Count:             1
  Data Storage Percentage:    80
  Data Storage Size In G Bs:  256
  Db Clone Status:
    Db Db Unique Name:  
    Host Name:          
  Db Edition:           ENTERPRISE_EDITION_HIGH_PERFORMANCE
  Db Info:
    Db Home Id:      ocid1.dbhome.oc1.ap-mumbai-1.anrg6ljrqlb5nxiaoqqlaxhx4urdwmefw4il5efzekneuru4bpfv57i7iy6a
    Db Name:         cdb1
    Db Unique Name:  cdb1_tkf_bom
    Db Workload:     OLTP
    Id:              ocid1.database.oc1.ap-mumbai-1.anrg6ljrabf7htyalxin4xpiggjh4nxlta6o6iq56hjrlh4of2cq6c4qgrqa
  Display Name:      dbsystem1234
  Id:                ocid1.dbsystem.oc1.ap-mumbai-1.anrg6ljrabf7htyadgsso7aessztysrwaj5gcl3tp7ce6asijm2japyvmroa
  Kms Details Status:
  License Model:  BRING_YOUR_OWN_LICENSE
  Network:
    Client Subnet:  oke-nodesubnet-quick-cluster1-2bebe95db-regional
    Domain Name:    subdda0b5eaa.cluster1.oraclevcn.com
    Host Name:      host1234
    Listener Port:  1521
    Scan Dns Name:  host1234-scan.subdda0b5eaa.cluster1.oraclevcn.com
    Vcn Name:       oke-vcn-quick-cluster1-2bebe95db
  Node Count:       1
  Pdb Details Status:
    Pdb Config Status:
      Pdb Name:               cdb1_pdb1
      Pdb State:              AVAILABLE
      Pluggable Database Id:  ocid1.pluggabledatabase.oc1.ap-mumbai-1.anrg6ljrabf7htyakgj4wuabus6z5kmalvob6r6b7vivkbsmmh7bjprzbuwa
  Reco Storage Size In GB:    256
  Shape:                      VM.Standard2.1
  State:                      AVAILABLE
  Storage Management:         ASM
  Subnet Id:                  ocid1.subnet.oc1.ap-mumbai-1.aaaaaaaa5zpzfax66omtbmjwlv4thruyru7focnu7fjcjksujmgwmr6vpbvq
  Time Zone:                  UTC
  Work Requests:
    Operation Id:      ocid1.coreservicesworkrequest.oc1.ap-mumbai-1.abrg6ljrk2efvqjda2t7k5iaerahw7wcyz5dq2zev2k55gmq2gvsjkui7hxq
    Operation Type:    Create DB System
    Percent Complete:  100
    Time Accepted:     2024-12-10 05:19:52.499 +0000 UTC
    Time Finished:     2024-12-10 07:59:19.083 +0000 UTC
    Time Started:      2024-12-10 05:19:55.747 +0000 UTC
Events:                <none>
