[root@docker-test-server test]# kubectl apply -f scale_down_dbcs_system_shape.yaml
dbcssystem.database.oracle.com/dbcssystem-existing configured

[root@docker-test-server test]# kubectl get ns

kubectl get allNAME                              STATUS   AGE
cert-manager                      Active   13d
default                           Active   139d
kube-node-lease                   Active   139d
kube-public                       Active   139d
kube-system                       Active   139d
oracle-database-operator-system   Active   13d
shns                              Active   88d
[root@docker-test-server test]#
[root@docker-test-server test]# kubectl get all -n oracle-database-operator-system
NAME                                                               READY   STATUS    RESTARTS   AGE
pod/oracle-database-operator-controller-manager-665874bd57-dlhls   1/1     Running   3          13d
pod/oracle-database-operator-controller-manager-665874bd57-g2cgw   1/1     Running   3          13d
pod/oracle-database-operator-controller-manager-665874bd57-q42f8   1/1     Running   4          13d

NAME                                                                  TYPE        CLUSTER-IP      EXTERNAL-IP   PORT(S)    AGE
service/oracle-database-operator-controller-manager-metrics-service   ClusterIP   10.96.130.124   <none>        8443/TCP   13d
service/oracle-database-operator-webhook-service                      ClusterIP   10.96.4.104     <none>        443/TCP    13d

NAME                                                          READY   UP-TO-DATE   AVAILABLE   AGE
deployment.apps/oracle-database-operator-controller-manager   3/3     3            3           13d

NAME                                                                     DESIRED   CURRENT   READY   AGE
replicaset.apps/oracle-database-operator-controller-manager-665874bd57   3         3         3       13d
[root@docker-test-server test]#


[root@docker-test-server test]# kubectl logs -f pod/oracle-database-operator-controller-manager-665874bd57-dlhls -n oracle-database-operator-system
.
.
2022-03-09T00:24:08.850Z	INFO	controller-runtime.manager.controller.dbcssystem	OCI provider configured succesfully	{"reconciler group": "database.oracle.com", "reconciler kind": "DbcsSystem", "name": "dbcssystem-existing", "namespace": "default"}
2022-03-09T00:24:12.990Z	INFO	controller-runtime.manager.controller.dbcssystem	DB System current state is still:UPDATING. Sleeping for 60 seconds.	{"reconciler group": "database.oracle.com", "reconciler kind": "DbcsSystem", "name": "dbcssystem-existing", "namespace": "default"}
2022-03-09T00:25:13.409Z	INFO	controller-runtime.manager.controller.dbcssystem	DB System current state is still:UPDATING. Sleeping for 60 seconds.	{"reconciler group": "database.oracle.com", "reconciler kind": "DbcsSystem", "name": "dbcssystem-existing", "namespace": "default"}
2022-03-09T00:26:13.878Z	INFO	controller-runtime.manager.controller.dbcssystem	DB System current state is still:UPDATING. Sleeping for 60 seconds.	{"reconciler group": "database.oracle.com", "reconciler kind": "DbcsSystem", "name": "dbcssystem-existing", "namespace": "default"}
2022-03-09T00:27:14.206Z	INFO	controller-runtime.manager.controller.dbcssystem	DB System current state is still:UPDATING. Sleeping for 60 seconds.	{"reconciler group": "database.oracle.com", "reconciler kind": "DbcsSystem", "name": "dbcssystem-existing", "namespace": "default"}
2022-03-09T00:28:14.465Z	INFO	controller-runtime.manager.controller.dbcssystem	DB System current state is still:UPDATING. Sleeping for 60 seconds.	{"reconciler group": "database.oracle.com", "reconciler kind": "DbcsSystem", "name": "dbcssystem-existing", "namespace": "default"}
2022-03-09T00:29:14.735Z	INFO	controller-runtime.manager.controller.dbcssystem	DB System current state is still:UPDATING. Sleeping for 60 seconds.	{"reconciler group": "database.oracle.com", "reconciler kind": "DbcsSystem", "name": "dbcssystem-existing", "namespace": "default"}
2022-03-09T00:30:15.027Z	INFO	controller-runtime.manager.controller.dbcssystem	DB System current state is still:UPDATING. Sleeping for 60 seconds.	{"reconciler group": "database.oracle.com", "reconciler kind": "DbcsSystem", "name": "dbcssystem-existing", "namespace": "default"}
2022-03-09T00:31:15.331Z	INFO	controller-runtime.manager.controller.dbcssystem	DB System current state is still:UPDATING. Sleeping for 60 seconds.	{"reconciler group": "database.oracle.com", "reconciler kind": "DbcsSystem", "name": "dbcssystem-existing", "namespace": "default"}
2022-03-09T00:32:15.768Z	INFO	controller-runtime.manager.controller.dbcssystem	DB System current state is still:UPDATING. Sleeping for 60 seconds.	{"reconciler group": "database.oracle.com", "reconciler kind": "DbcsSystem", "name": "dbcssystem-existing", "namespace": "default"}
2022-03-09T00:33:16.188Z	INFO	controller-runtime.manager.controller.dbcssystem	DB System current state is still:UPDATING. Sleeping for 60 seconds.	{"reconciler group": "database.oracle.com", "reconciler kind": "DbcsSystem", "name": "dbcssystem-existing", "namespace": "default"}
2022-03-09T00:34:16.476Z	INFO	controller-runtime.manager.controller.dbcssystem	DB System current state is still:UPDATING. Sleeping for 60 seconds.	{"reconciler group": "database.oracle.com", "reconciler kind": "DbcsSystem", "name": "dbcssystem-existing", "namespace": "default"}
2022-03-09T00:35:17.125Z	INFO	controller-runtime.manager.controller.dbcssystem	DB System current state is still:UPDATING. Sleeping for 60 seconds.	{"reconciler group": "database.oracle.com", "reconciler kind": "DbcsSystem", "name": "dbcssystem-existing", "namespace": "default"}
2022-03-09T00:36:17.598Z	INFO	controller-runtime.manager.controller.dbcssystem	DB System current state is still:UPDATING. Sleeping for 60 seconds.	{"reconciler group": "database.oracle.com", "reconciler kind": "DbcsSystem", "name": "dbcssystem-existing", "namespace": "default"}
2022-03-09T00:37:18.000Z	INFO	controller-runtime.manager.controller.dbcssystem	DB System current state is still:UPDATING. Sleeping for 60 seconds.	{"reconciler group": "database.oracle.com", "reconciler kind": "DbcsSystem", "name": "dbcssystem-existing", "namespace": "default"}
2022-03-09T00:38:18.344Z	INFO	controller-runtime.manager.controller.dbcssystem	DB System current state is still:UPDATING. Sleeping for 60 seconds.	{"reconciler group": "database.oracle.com", "reconciler kind": "DbcsSystem", "name": "dbcssystem-existing", "namespace": "default"}


[root@docker-test-server test]# kubectl describe dbcssystems.database.oracle.com dbcssystem-existing
Name:         dbcssystem-existing
Namespace:    default
Labels:       <none>
Annotations:  lastSuccessfulSpec:
                {"dbSystem":{"compartmentId":"ocid1.compartment.oc1..aaaaaaaa63yqilqhgxv3dszur3a2fgwc64ohpfy43vpqjm7q5zq4q4yaw72a","availabilityDomain":"O...
API Version:  database.oracle.com/v4
Kind:         DbcsSystem
Metadata:
  Creation Timestamp:  2024-12-10T10:54:17Z
  Generation:          2
  Resource Version:    117775637
  UID:                 c9da1245-3582-4926-b311-c24d75e75003
Spec:
  Db System:
    Availability Domain:      OLou:AP-MUMBAI-1-AD-1
    Compartment Id:           ocid1.compartment.oc1..aaaaaaaa63yqilqhgxv3dszur3a2fgwc64ohpfy43vpqjm7q5zq4q4yaw72a
    Db Admin Pasword Secret:  admin-password
    Db Backup Config:
    Domain:     subdda0b5eaa.cluster1.oraclevcn.com
    Host Name:  host1234
    Kms Config:
    Shape:  VM.Standard2.1
    Ssh Public Keys:
      oci-publickey
    Subnet Id:  ocid1.subnet.oc1.ap-mumbai-1.aaaaaaaa5zpzfax66omtbmjwlv4thruyru7focnu7fjcjksujmgwmr6vpbvq
  Id:           ocid1.dbsystem.oc1.ap-mumbai-1.anrg6ljrabf7htyadgsso7aessztysrwaj5gcl3tp7ce6asijm2japyvmroa
  Kms Config:
  Oci Config Map:  oci-cred-mumbai
  Oci Secret:      oci-privatekey
Status:
  Availability Domain:        OLou:AP-MUMBAI-1-AD-1
  Cpu Core Count:             1
  Data Storage Percentage:    80
  Data Storage Size In G Bs:  256
  Db Clone Status:
    Db Db Unique Name:  
    Host Name:          
  Db Edition:           ENTERPRISE_EDITION_HIGH_PERFORMANCE
  Db Info:
    Db Home Id:      ocid1.dbhome.oc1.ap-mumbai-1.anrg6ljrqlb5nxiaoqqlaxhx4urdwmefw4il5efzekneuru4bpfv57i7iy6a
    Db Name:         cdb1
    Db Unique Name:  cdb1_tkf_bom
    Db Workload:     OLTP
    Id:              ocid1.database.oc1.ap-mumbai-1.anrg6ljrabf7htyalxin4xpiggjh4nxlta6o6iq56hjrlh4of2cq6c4qgrqa
  Display Name:      dbsystem1234
  Id:                ocid1.dbsystem.oc1.ap-mumbai-1.anrg6ljrabf7htyadgsso7aessztysrwaj5gcl3tp7ce6asijm2japyvmroa
  Kms Details Status:
  License Model:  BRING_YOUR_OWN_LICENSE
  Network:
    Client Subnet:  oke-nodesubnet-quick-cluster1-2bebe95db-regional
    Domain Name:    subdda0b5eaa.cluster1.oraclevcn.com
    Host Name:      host1234
    Listener Port:  1521
    Scan Dns Name:  host1234-scan.subdda0b5eaa.cluster1.oraclevcn.com
    Vcn Name:       oke-vcn-quick-cluster1-2bebe95db
  Node Count:       1
  Pdb Details Status:
    Pdb Config Status:
      Pdb Name:               cdb1_pdb1
      Pdb State:              AVAILABLE
      Pluggable Database Id:  ocid1.pluggabledatabase.oc1.ap-mumbai-1.anrg6ljrabf7htyakgj4wuabus6z5kmalvob6r6b7vivkbsmmh7bjprzbuwa
  Reco Storage Size In GB:    256
  Shape:                      VM.Standard2.1
  State:                      AVAILABLE
  Storage Management:         ASM
  Subnet Id:                  ocid1.subnet.oc1.ap-mumbai-1.aaaaaaaa5zpzfax66omtbmjwlv4thruyru7focnu7fjcjksujmgwmr6vpbvq
  Time Zone:                  UTC
  Work Requests:
    Operation Id:      ocid1.coreservicesworkrequest.oc1.ap-mumbai-1.abrg6ljrtpnjzjidageolva6ytlzjfb2lqhbbrivm4lsb67xyjzyyke6bt4a
    Operation Type:    Update Shape
    Percent Complete:  100
    Time Accepted:     2024-12-10 08:57:53.547 +0000 UTC
    Time Finished:     2024-12-10 09:14:04.572 +0000 UTC
    Time Started:      2024-12-10 08:57:57.588 +0000 UTC
    Operation Id:      ocid1.coreservicesworkrequest.oc1.ap-mumbai-1.abrg6ljrxg7gov22vlcbqbnxrkl7t7xkcfya6w6gvck344jdf5vtqgw5wzgq
    Operation Type:    Update DB System
    Percent Complete:  100
    Time Accepted:     2024-12-10 08:57:43.701 +0000 UTC
    Time Finished:     2024-12-10 09:14:22.705 +0000 UTC
    Time Started:      2024-12-10 08:57:53.873 +0000 UTC
    Operation Id:      ocid1.coreservicesworkrequest.oc1.ap-mumbai-1.abrg6ljrk2efvqjda2t7k5iaerahw7wcyz5dq2zev2k55gmq2gvsjkui7hxq
    Operation Type:    Create DB System
    Percent Complete:  100
    Time Accepted:     2024-12-10 05:19:52.499 +0000 UTC
    Time Finished:     2024-12-10 07:59:19.083 +0000 UTC
    Time Started:      2024-12-10 05:19:55.747 +0000 UTC
    Operation Id:      ocid1.coreservicesworkrequest.oc1.ap-mumbai-1.abrg6ljr4qmf6rdtcbrc5p2q7bev3igugtpgfbwc2laht22yyjzr2srrg7vq
    Operation Type:    Update DB System
    Percent Complete:  100
    Time Accepted:     2024-12-10 10:57:27.313 +0000 UTC
    Time Finished:     2024-12-10 11:15:50.597 +0000 UTC
    Time Started:      2024-12-10 10:57:45.242 +0000 UTC
    Operation Id:      ocid1.coreservicesworkrequest.oc1.ap-mumbai-1.abrg6ljr2vehqv3vgrxr5mrmd6hoqxg2zr6m5eaunv3ip6bcrubcpvhudmia
    Operation Type:    Update Shape
    Percent Complete:  100
    Time Accepted:     2024-12-10 10:57:44.95 +0000 UTC
    Time Finished:     2024-12-10 11:15:40.364 +0000 UTC
    Time Started:      2024-12-10 10:57:54.082 +0000 UTC
Events:                <none>