[root@docker-test-server test]# kubectl describe dbcssystems.database.oracle.com dbcssystem-existing
Name:         dbcssystem-existing
Namespace:    default
Labels:       <none>
Annotations:  lastSuccessfulSpec:
                {"dbSystem":{"compartmentId":"ocid1.compartment.oc1..aaaaaaaa63yqilqhgxv3dszur3a2fgwc64ohpfy43vpqjm7q5zq4q4yaw72a","availabilityDomain":"O...
API Version:  database.oracle.com/v4
Kind:         DbcsSystem
Metadata:
  Creation Timestamp:  2024-12-10T10:54:17Z
  Generation:          3
  Resource Version:    117788129
  UID:                 c9da1245-3582-4926-b311-c24d75e75003
Spec:
  Db System:
    Availability Domain:      OLou:AP-MUMBAI-1-AD-1
    Compartment Id:           ocid1.compartment.oc1..aaaaaaaa63yqilqhgxv3dszur3a2fgwc64ohpfy43vpqjm7q5zq4q4yaw72a
    Db Admin Pasword Secret:  admin-password
    Db Backup Config:
    Domain:                           subdda0b5eaa.cluster1.oraclevcn.com
    Host Name:                        host1234
    Initial Data Storage Size In GB:  512
    Kms Config:
    Shape:  VM.Standard2.1
    Ssh Public Keys:
      oci-publickey
    Subnet Id:  ocid1.subnet.oc1.ap-mumbai-1.aaaaaaaa5zpzfax66omtbmjwlv4thruyru7focnu7fjcjksujmgwmr6vpbvq
  Id:           ocid1.dbsystem.oc1.ap-mumbai-1.anrg6ljrabf7htyadgsso7aessztysrwaj5gcl3tp7ce6asijm2japyvmroa
  Kms Config:
  Oci Config Map:  oci-cred-mumbai
  Oci Secret:      oci-privatekey
Status:
  Availability Domain:        OLou:AP-MUMBAI-1-AD-1
  Cpu Core Count:             1
  Data Storage Percentage:    80
  Data Storage Size In G Bs:  512
  Db Clone Status:
    Db Db Unique Name:  
    Host Name:          
  Db Edition:           ENTERPRISE_EDITION_HIGH_PERFORMANCE
  Db Info:
    Db Home Id:      ocid1.dbhome.oc1.ap-mumbai-1.anrg6ljrqlb5nxiaoqqlaxhx4urdwmefw4il5efzekneuru4bpfv57i7iy6a
    Db Name:         cdb1
    Db Unique Name:  cdb1_tkf_bom
    Db Workload:     OLTP
    Id:              ocid1.database.oc1.ap-mumbai-1.anrg6ljrabf7htyalxin4xpiggjh4nxlta6o6iq56hjrlh4of2cq6c4qgrqa
  Display Name:      dbsystem1234
  Id:                ocid1.dbsystem.oc1.ap-mumbai-1.anrg6ljrabf7htyadgsso7aessztysrwaj5gcl3tp7ce6asijm2japyvmroa
  Kms Details Status:
  License Model:  BRING_YOUR_OWN_LICENSE
  Network:
    Client Subnet:  oke-nodesubnet-quick-cluster1-2bebe95db-regional
    Domain Name:    subdda0b5eaa.cluster1.oraclevcn.com
    Host Name:      host1234
    Listener Port:  1521
    Scan Dns Name:  host1234-scan.subdda0b5eaa.cluster1.oraclevcn.com
    Vcn Name:       oke-vcn-quick-cluster1-2bebe95db
  Node Count:       1
  Pdb Details Status:
    Pdb Config Status:
      Pdb Name:               cdb1_pdb1
      Pdb State:              AVAILABLE
      Pluggable Database Id:  ocid1.pluggabledatabase.oc1.ap-mumbai-1.anrg6ljrabf7htyakgj4wuabus6z5kmalvob6r6b7vivkbsmmh7bjprzbuwa
  Reco Storage Size In GB:    256
  Shape:                      VM.Standard2.1
  State:                      AVAILABLE
  Storage Management:         ASM
  Subnet Id:                  ocid1.subnet.oc1.ap-mumbai-1.aaaaaaaa5zpzfax66omtbmjwlv4thruyru7focnu7fjcjksujmgwmr6vpbvq
  Time Zone:                  UTC
  Work Requests:
    Operation Id:      ocid1.coreservicesworkrequest.oc1.ap-mumbai-1.abrg6ljrtpnjzjidageolva6ytlzjfb2lqhbbrivm4lsb67xyjzyyke6bt4a
    Operation Type:    Update Shape
    Percent Complete:  100
    Time Accepted:     2024-12-10 08:57:53.547 +0000 UTC
    Time Finished:     2024-12-10 09:14:04.572 +0000 UTC
    Time Started:      2024-12-10 08:57:57.588 +0000 UTC
    Operation Id:      ocid1.coreservicesworkrequest.oc1.ap-mumbai-1.abrg6ljrxg7gov22vlcbqbnxrkl7t7xkcfya6w6gvck344jdf5vtqgw5wzgq
    Operation Type:    Update DB System
    Percent Complete:  100
    Time Accepted:     2024-12-10 08:57:43.701 +0000 UTC
    Time Finished:     2024-12-10 09:14:22.705 +0000 UTC
    Time Started:      2024-12-10 08:57:53.873 +0000 UTC
    Operation Id:      ocid1.coreservicesworkrequest.oc1.ap-mumbai-1.abrg6ljrk2efvqjda2t7k5iaerahw7wcyz5dq2zev2k55gmq2gvsjkui7hxq
    Operation Type:    Create DB System
    Percent Complete:  100
    Time Accepted:     2024-12-10 05:19:52.499 +0000 UTC
    Time Finished:     2024-12-10 07:59:19.083 +0000 UTC
    Time Started:      2024-12-10 05:19:55.747 +0000 UTC
    Operation Id:      ocid1.coreservicesworkrequest.oc1.ap-mumbai-1.abrg6ljr4qmf6rdtcbrc5p2q7bev3igugtpgfbwc2laht22yyjzr2srrg7vq
    Operation Type:    Update DB System
    Percent Complete:  100
    Time Accepted:     2024-12-10 10:57:27.313 +0000 UTC
    Time Finished:     2024-12-10 11:15:50.597 +0000 UTC
    Time Started:      2024-12-10 10:57:45.242 +0000 UTC
    Operation Id:      ocid1.coreservicesworkrequest.oc1.ap-mumbai-1.abrg6ljr2vehqv3vgrxr5mrmd6hoqxg2zr6m5eaunv3ip6bcrubcpvhudmia
    Operation Type:    Update Shape
    Percent Complete:  100
    Time Accepted:     2024-12-10 10:57:44.95 +0000 UTC
    Time Finished:     2024-12-10 11:15:40.364 +0000 UTC
    Time Started:      2024-12-10 10:57:54.082 +0000 UTC
    Operation Id:      ocid1.coreservicesworkrequest.oc1.ap-mumbai-1.abrg6ljr36bt7ot5oq3otch4bu2axn3azkicot4zuwgwmxeupxr4siisydja
    Operation Type:    Scale Storage
    Percent Complete:  100
    Time Accepted:     2024-12-10 11:44:49.369 +0000 UTC
    Time Finished:     2024-12-10 11:58:45.01 +0000 UTC
    Time Started:      2024-12-10 11:44:55.544 +0000 UTC
    Operation Id:      ocid1.coreservicesworkrequest.oc1.ap-mumbai-1.abrg6ljrxdpmmaipuqke5yx3szyfnf2zwkfptz3jevlq3coicecfjihnm4kq
    Operation Type:    Scale Storage
    Percent Complete:  100
    Time Accepted:     2024-12-10 11:44:55.255 +0000 UTC
    Time Finished:     2024-12-10 11:58:25.229 +0000 UTC
    Time Started:      2024-12-10 11:44:57.743 +0000 UTC
Events:                <none>