-- Check the status of CDB CRD Pod(s):

% kubectl get all -n oracle-database-operator-system
NAME                                                               READY   STATUS    RESTARTS   AGE
pod/cdb-dev-ords-rs-q2b68                                          1/1     Running   0          29s
pod/oracle-database-operator-controller-manager-76cb674c5c-4nrh8   1/1     Running   0          4d10h
pod/oracle-database-operator-controller-manager-76cb674c5c-f9wsd   1/1     Running   1          4d10h
pod/oracle-database-operator-controller-manager-76cb674c5c-xsv9g   1/1     Running   2          4d10h

NAME                                                                  TYPE        CLUSTER-IP      EXTERNAL-IP   PORT(S)    AGE
service/oracle-database-operator-controller-manager-metrics-service   ClusterIP   10.96.98.47     <none>        8443/TCP   5d1h
service/oracle-database-operator-webhook-service                      ClusterIP   10.96.166.163   <none>        443/TCP    5d1h

NAME                                                          READY   UP-TO-DATE   AVAILABLE   AGE
deployment.apps/oracle-database-operator-controller-manager   3/3     3            3           5d1h

NAME                                                                     DESIRED   CURRENT   READY   AGE
replicaset.apps/cdb-dev-ords-rs                                          1         1         1       31s
replicaset.apps/oracle-database-operator-controller-manager-76cb674c5c   3         3         3       5d1h


-- .yaml file for the add replica use case:

% cat add_replica.yaml
#
# Copyright (c) 2022, Oracle and/or its affiliates. All rights reserved.
# Licensed under the Universal Permissive License v 1.0 as shown at http://oss.oracle.com/licenses/upl.
#
apiVersion: database.oracle.com/v1alpha1
kind: CDB
metadata:
  name: cdb-dev
  namespace: oracle-database-operator-system
spec:
  cdbName: "goldcdb"
  scanName: "goldhost-scan.lbsub52b3b1cae.okecluster.oraclevcn.com"
  dbServer: "goldhost1.lbsub52b3b1cae.okecluster.oraclevcn.com"
  ordsImage: phx.ocir.io/<repo_name>/oracle/ords:21.4.3
  dbPort: 1521
  replicas: 2
  serviceName: "goldcdb_phx1pw.lbsub52b3b1cae.okecluster.oraclevcn.com"
  sysAdminPwd:
    secret:
      secretName: "cdb1-secret"
      key: "sysadmin_pwd"
  ordsPwd:
    secret:
      secretName: "cdb1-secret"
      key: "ords_pwd"
  cdbAdminUser:
    secret:
      secretName: "cdb1-secret"
      key: "cdbadmin_user"
  cdbAdminPwd:
    secret:
      secretName: "cdb1-secret"
      key: "cdbadmin_pwd"
  webServerUser:
    secret:
      secretName: "cdb1-secret"
      key: "webserver_user"
  webServerPwd:
    secret:
      secretName: "cdb1-secret"
      key: "webserver_pwd"




-- Apply the .yaml file:

% kubectl apply -f add_replica.yaml
cdb.database.oracle.com/cdb-dev configured



-- Check the status of the CDB CRD Pod(s):

% kubectl get all -n oracle-database-operator-system
NAME                                                               READY   STATUS    RESTARTS   AGE
pod/cdb-dev-ords-rs-5bztb                                          1/1     Running   0          21s  << New Pod Added
pod/cdb-dev-ords-rs-q2b68                                          1/1     Running   0          7m40s
pod/oracle-database-operator-controller-manager-76cb674c5c-4nrh8   1/1     Running   0          4d10h
pod/oracle-database-operator-controller-manager-76cb674c5c-f9wsd   1/1     Running   1          4d10h
pod/oracle-database-operator-controller-manager-76cb674c5c-xsv9g   1/1     Running   2          4d10h

NAME                                                                  TYPE        CLUSTER-IP      EXTERNAL-IP   PORT(S)    AGE
service/cdb-dev-ords                                                  ClusterIP   None            <none>        <none>     6m25s
service/oracle-database-operator-controller-manager-metrics-service   ClusterIP   10.96.98.47     <none>        8443/TCP   5d2h
service/oracle-database-operator-webhook-service                      ClusterIP   10.96.166.163   <none>        443/TCP    5d2h

NAME                                                          READY   UP-TO-DATE   AVAILABLE   AGE
deployment.apps/oracle-database-operator-controller-manager   3/3     3            3           5d2h

NAME                                                                     DESIRED   CURRENT   READY   AGE
replicaset.apps/cdb-dev-ords-rs                                          2         2         2       7m42s
replicaset.apps/oracle-database-operator-controller-manager-76cb674c5c   3         3         3       5d2h





-- Logs from Oracle DB Operator Pod:

% kubectl logs -f pod/oracle-database-operator-controller-manager-76cb674c5c-f9wsd -n oracle-database-operator-system
.
.
2022-06-27T03:24:34Z	DEBUG	controller-runtime.webhook.webhooks	received request	{"webhook": "/validate-database-oracle-com-v1alpha1-cdb", "UID": "19a3fbb6-57e4-4ad2-92c9-a90bb66cefae", "kind": "database.oracle.com/v1alpha1, Kind=CDB", "resource": {"group":"database.oracle.com","version":"v1alpha1","resource":"cdbs"}}
2022-06-27T03:24:34Z	INFO	cdb-webhook	validate update	{"name": "cdb-dev"}
2022-06-27T03:24:34Z	DEBUG	controller-runtime.webhook.webhooks	wrote response	{"webhook": "/validate-database-oracle-com-v1alpha1-cdb", "code": 200, "reason": "", "UID": "19a3fbb6-57e4-4ad2-92c9-a90bb66cefae", "allowed": true}
2022-06-27T03:24:34Z	INFO	controllers.CDB	Reconcile requested	{"onpremdboperator": "oracle-database-operator-system/cdb-dev"}
2022-06-27T03:24:34Z	INFO	controllers.CDB	Res Status:	{"onpremdboperator": "oracle-database-operator-system/cdb-dev", "Name": "cdb-dev", "Phase": "Ready", "Status": "true"}
2022-06-27T03:24:34Z	INFO	controllers.CDB	Existing Replicas: 1, New Replicas: 2	{"evaluateSpecChange": "oracle-database-operator-system/cdb-dev"}
2022-06-27T03:24:34Z	INFO	controllers.CDB	Current Phase:ValidatingPods	{"onpremdboperator": "oracle-database-operator-system/cdb-dev", "Name": "cdb-dev"}
2022-06-27T03:24:34Z	INFO	controllers.CDB	Validating Pod creation for :cdb-dev	{"validateORDSPod": "oracle-database-operator-system/cdb-dev"}
2022-06-27T03:24:34Z	INFO	controller.cdb	Executing Command :	{"reconciler group": "database.oracle.com", "reconciler kind": "CDB", "name": "cdb-dev", "namespace": "oracle-database-operator-system", "ExecCommand": "oracle-database-operator-system/cdb-dev"}
2022-06-27T03:24:34Z	INFO	controller.cdb	bash -c  curl -sSkv -k -X GET https://localhost:8888/ords/_/db-api/stable/metadata-catalog/ || curl  -sSkv -X GET http://localhost:8888/ords/_/db-api/stable/metadata-catalog/ 	{"reconciler group": "database.oracle.com", "reconciler kind": "CDB", "name": "cdb-dev", "namespace": "oracle-database-operator-system", "ExecCommand": "oracle-database-operator-system/cdb-dev"}
2022-06-27T03:24:35Z	INFO	controllers.CDB	Replicas: 2	{"validateORDSPod": "oracle-database-operator-system/cdb-dev", "Ready Pods: ": 1}
2022-06-27T03:24:35Z	INFO	controllers.CDB	Reconcile queued	{"onpremdboperator": "oracle-database-operator-system/cdb-dev"}
2022-06-27T03:24:35Z	INFO	controllers.CDB	DEFER	{"onpremdboperator": "oracle-database-operator-system/cdb-dev", "Name": "cdb-dev", "Phase": "ValidatingPods", "Status": "false"}
2022-06-27T03:24:50Z	INFO	controllers.CDB	Reconcile requested	{"onpremdboperator": "oracle-database-operator-system/cdb-dev"}
2022-06-27T03:24:50Z	INFO	controllers.CDB	Res Status:	{"onpremdboperator": "oracle-database-operator-system/cdb-dev", "Name": "cdb-dev", "Phase": "ValidatingPods", "Status": "false"}
2022-06-27T03:24:50Z	INFO	controllers.CDB	Current Phase:ValidatingPods	{"onpremdboperator": "oracle-database-operator-system/cdb-dev", "Name": "cdb-dev"}
2022-06-27T03:24:50Z	INFO	controllers.CDB	Validating Pod creation for :cdb-dev	{"validateORDSPod": "oracle-database-operator-system/cdb-dev"}
2022-06-27T03:24:50Z	INFO	controller.cdb	Executing Command :	{"reconciler group": "database.oracle.com", "reconciler kind": "CDB", "name": "cdb-dev", "namespace": "oracle-database-operator-system", "ExecCommand": "oracle-database-operator-system/cdb-dev"}
2022-06-27T03:24:50Z	INFO	controller.cdb	bash -c  curl -sSkv -k -X GET https://localhost:8888/ords/_/db-api/stable/metadata-catalog/ || curl  -sSkv -X GET http://localhost:8888/ords/_/db-api/stable/metadata-catalog/ 	{"reconciler group": "database.oracle.com", "reconciler kind": "CDB", "name": "cdb-dev", "namespace": "oracle-database-operator-system", "ExecCommand": "oracle-database-operator-system/cdb-dev"}
2022-06-27T03:24:50Z	INFO	controller.cdb	Executing Command :	{"reconciler group": "database.oracle.com", "reconciler kind": "CDB", "name": "cdb-dev", "namespace": "oracle-database-operator-system", "ExecCommand": "oracle-database-operator-system/cdb-dev"}
2022-06-27T03:24:50Z	INFO	controller.cdb	bash -c  curl -sSkv -k -X GET https://localhost:8888/ords/_/db-api/stable/metadata-catalog/ || curl  -sSkv -X GET http://localhost:8888/ords/_/db-api/stable/metadata-catalog/ 	{"reconciler group": "database.oracle.com", "reconciler kind": "CDB", "name": "cdb-dev", "namespace": "oracle-database-operator-system", "ExecCommand": "oracle-database-operator-system/cdb-dev"}
2022-06-27T03:24:50Z	INFO	controllers.CDB	Replicas: 2	{"validateORDSPod": "oracle-database-operator-system/cdb-dev", "Ready Pods: ": 1}
2022-06-27T03:24:50Z	INFO	controllers.CDB	Reconcile queued	{"onpremdboperator": "oracle-database-operator-system/cdb-dev"}
2022-06-27T03:24:50Z	INFO	controllers.CDB	DEFER	{"onpremdboperator": "oracle-database-operator-system/cdb-dev", "Name": "cdb-dev", "Phase": "ValidatingPods", "Status": "false"}
2022-06-27T03:25:05Z	INFO	controllers.CDB	Reconcile requested	{"onpremdboperator": "oracle-database-operator-system/cdb-dev"}
2022-06-27T03:25:05Z	INFO	controllers.CDB	Res Status:	{"onpremdboperator": "oracle-database-operator-system/cdb-dev", "Name": "cdb-dev", "Phase": "ValidatingPods", "Status": "false"}
2022-06-27T03:25:05Z	INFO	controllers.CDB	Current Phase:ValidatingPods	{"onpremdboperator": "oracle-database-operator-system/cdb-dev", "Name": "cdb-dev"}
2022-06-27T03:25:05Z	INFO	controllers.CDB	Validating Pod creation for :cdb-dev	{"validateORDSPod": "oracle-database-operator-system/cdb-dev"}
2022-06-27T03:25:05Z	INFO	controller.cdb	Executing Command :	{"reconciler group": "database.oracle.com", "reconciler kind": "CDB", "name": "cdb-dev", "namespace": "oracle-database-operator-system", "ExecCommand": "oracle-database-operator-system/cdb-dev"}
2022-06-27T03:25:05Z	INFO	controller.cdb	bash -c  curl -sSkv -k -X GET https://localhost:8888/ords/_/db-api/stable/metadata-catalog/ || curl  -sSkv -X GET http://localhost:8888/ords/_/db-api/stable/metadata-catalog/ 	{"reconciler group": "database.oracle.com", "reconciler kind": "CDB", "name": "cdb-dev", "namespace": "oracle-database-operator-system", "ExecCommand": "oracle-database-operator-system/cdb-dev"}
2022-06-27T03:25:05Z	INFO	controller.cdb	Executing Command :	{"reconciler group": "database.oracle.com", "reconciler kind": "CDB", "name": "cdb-dev", "namespace": "oracle-database-operator-system", "ExecCommand": "oracle-database-operator-system/cdb-dev"}
2022-06-27T03:25:05Z	INFO	controller.cdb	bash -c  curl -sSkv -k -X GET https://localhost:8888/ords/_/db-api/stable/metadata-catalog/ || curl  -sSkv -X GET http://localhost:8888/ords/_/db-api/stable/metadata-catalog/ 	{"reconciler group": "database.oracle.com", "reconciler kind": "CDB", "name": "cdb-dev", "namespace": "oracle-database-operator-system", "ExecCommand": "oracle-database-operator-system/cdb-dev"}
2022-06-27T03:25:06Z	INFO	controllers.CDB	DEFER	{"onpremdboperator": "oracle-database-operator-system/cdb-dev", "Name": "cdb-dev", "Phase": "CreatingService", "Status": "false"}
2022-06-27T03:25:21Z	INFO	controllers.CDB	Reconcile requested	{"onpremdboperator": "oracle-database-operator-system/cdb-dev"}
2022-06-27T03:25:21Z	INFO	controllers.CDB	Res Status:	{"onpremdboperator": "oracle-database-operator-system/cdb-dev", "Name": "cdb-dev", "Phase": "CreatingService", "Status": "false"}
2022-06-27T03:25:21Z	INFO	controllers.CDB	Current Phase:CreatingService	{"onpremdboperator": "oracle-database-operator-system/cdb-dev", "Name": "cdb-dev"}
2022-06-27T03:25:21Z	INFO	controllers.CDB	ORDS Cluster Service already exists	{"createORDSSVC": "oracle-database-operator-system/cdb-dev"}
2022-06-27T03:25:21Z	INFO	controllers.CDB	DEFER	{"onpremdboperator": "oracle-database-operator-system/cdb-dev", "Name": "cdb-dev", "Phase": "Ready", "Status": "false"}
2022-06-27T03:25:36Z	INFO	controllers.CDB	Reconcile requested	{"onpremdboperator": "oracle-database-operator-system/cdb-dev"}
2022-06-27T03:25:36Z	INFO	controllers.CDB	Res Status:	{"onpremdboperator": "oracle-database-operator-system/cdb-dev", "Name": "cdb-dev", "Phase": "Ready", "Status": "false"}
2022-06-27T03:25:36Z	INFO	controllers.CDB	Current Phase:Ready	{"onpremdboperator": "oracle-database-operator-system/cdb-dev", "Name": "cdb-dev"}
2022-06-27T03:25:36Z	INFO	controllers.CDB	DEFER	{"onpremdboperator": "oracle-database-operator-system/cdb-dev", "Name": "cdb-dev", "Phase": "Ready", "Status": "true"}



-- Logs of the newly added CDB CRD Pod:

% kubectl logs -f pod/cdb-dev-ords-rs-5bztb -n oracle-database-operator-system

Retrieving information.
Requires to login with administrator privileges to verify Oracle REST Data Services schema.

Connecting to database user: SYS AS SYSDBA url: jdbc:oracle:thin:@//goldhost1.lbsub52b3b1cae.okecluster.oraclevcn.com:1521/goldcdb_phx1pw.lbsub52b3b1cae.okecluster.oraclevcn.com

Retrieving information..
Completed verifying Oracle REST Data Services schema version 21.4.3.r1170405.
2022-06-27T03:24:40.351Z INFO        reloaded pools: []
2022-06-27T03:24:40.353Z INFO        Oracle REST Data Services schema version 21.4.3.r1170405 is installed.
spawn java -jar /opt/oracle/ords/ords.war user sql_admin SQL Administrator
Enter a password for user sql_admin:
Confirm password for user sql_admin:
2022-06-27T03:24:42.034Z INFO        Created user: sql_admin in file: /opt/oracle/ords/config/ords/credentials
2022-06-27T03:24:43.666Z INFO        Modified: /opt/oracle/ords/config/ords/conf/apex_pu.xml, updated properties: database.api.admin.enabled, db.cdb.adminUser, db.cdb.adminUser.password
2022-06-27T03:24:45.455Z INFO        HTTP and HTTP/2 cleartext listening on host: localhost port: 8888
2022-06-27T03:24:45.520Z INFO        The document root is serving static resources located in: /opt/oracle/ords/doc_root
2022-06-27T03:24:47.515Z INFO        Configuration properties for: |apex|pu|
db.servicename=goldcdb_phx1pw.lbsub52b3b1cae.okecluster.oraclevcn.com
db.hostname=goldhost1.lbsub52b3b1cae.okecluster.oraclevcn.com
database.api.admin.enabled=true
db.password=******
db.cdb.adminUser.password=******
database.api.enabled=true
db.cdb.adminUser=C##DBAPI_CDB_ADMIN as SYSDBA
db.username=ORDS_PUBLIC_USER
restEnabledSql.active=true
resource.templates.enabled=true
db.port=1521
feature.sdw=true
db.connectionType=basic

2022-06-27T03:24:47.517Z WARNING     *** jdbc.MaxLimit in configuration |apex|pu| is using a value of 10, this setting may not be sized adequately for a production environment ***
2022-06-27T03:24:47.517Z WARNING     *** jdbc.InitialLimit in configuration |apex|pu| is using a value of 3, this setting may not be sized adequately for a production environment ***
2022-06-27T03:24:51.761Z INFO        Oracle REST Data Services initialized
Oracle REST Data Services version : 21.4.3.r1170405
Oracle REST Data Services server info: jetty/9.4.44.v20210927
