-- Check the existing PDB CRD resources:

% kubectl get pdbs -A
NAMESPACE                         NAME         CONNECT STRING                                                           CDB NAME   PDB NAME      PDB STATE    PDB SIZE   STATUS   MESSAGE
oracle-database-operator-system   pdb1         goldhost-scan.lbsub52b3b1cae.okecluster.oraclevcn.com:1521/pdbnew        goldcdb    pdbnew        READ WRITE   1G         Ready    Success
oracle-database-operator-system   pdb1-clone   goldhost-scan.lbsub52b3b1cae.okecluster.oraclevcn.com:1521/pdbnewclone   goldcdb    pdbnewclone   READ WRITE              Ready    Success


-- Also check from the database as well:

SQL> show pdbs

    CON_ID CON_NAME			  OPEN MODE  RESTRICTED
---------- ------------------------------ ---------- ----------
	 2 PDB$SEED			  READ WRITE NO
	 3 PDBNEW			  READ WRITE NO
	 4 PDBNEWCLONE			  READ WRITE NO



% cat modify_pdb_close.yaml
#
# Copyright (c) 2022, Oracle and/or its affiliates. All rights reserved.
# Licensed under the Universal Permissive License v 1.0 as shown at http://oss.oracle.com/licenses/upl.
#
apiVersion: database.oracle.com/v1alpha1
kind: PDB
metadata:
  name: pdb1-clone
  namespace: oracle-database-operator-system
  labels:
    cdb: cdb-dev
spec:
  cdbResName: "cdb-dev"
  cdbName: "goldcdb"
  pdbName: "pdbnewclone"
  pdbState: "CLOSE"
  modifyOption: "IMMEDIATE"
  action: "Modify"


% kubectl apply -f modify_pdb_close.yaml
pdb.database.oracle.com/pdb1-clone configured



% kubectl logs -f pod/oracle-database-operator-controller-manager-76cb674c5c-f9wsd -n oracle-database-operator-system
.
.
2022-06-27T04:19:36Z	DEBUG	controller-runtime.webhook.webhooks	received request	{"webhook": "/mutate-database-oracle-com-v1alpha1-pdb", "UID": "24842cc8-0047-46cc-86a5-2782a95e3e36", "kind": "database.oracle.com/v1alpha1, Kind=PDB", "resource": {"group":"database.oracle.com","version":"v1alpha1","resource":"pdbs"}}
2022-06-27T04:19:36Z	INFO	pdb-webhook	Setting default values in PDB spec for : pdb1-clone
2022-06-27T04:19:36Z	DEBUG	controller-runtime.webhook.webhooks	wrote response	{"webhook": "/mutate-database-oracle-com-v1alpha1-pdb", "code": 200, "reason": "", "UID": "24842cc8-0047-46cc-86a5-2782a95e3e36", "allowed": true}
2022-06-27T04:19:36Z	INFO	controllers.PDB	Reconcile requested	{"onpremdboperator": "oracle-database-operator-system/pdb1-clone"}
2022-06-27T04:19:36Z	INFO	controllers.PDB	Validating PDB phase for: pdb1-clone	{"validatePhase": "oracle-database-operator-system/pdb1-clone", "Action": "MODIFY"}
2022-06-27T04:19:36Z	INFO	controllers.PDB	Validation complete	{"validatePhase": "oracle-database-operator-system/pdb1-clone"}
2022-06-27T04:19:36Z	INFO	controllers.PDB	PDB:	{"onpremdboperator": "oracle-database-operator-system/pdb1-clone", "Name": "pdb1-clone", "Phase": "Modifying", "Status": "false"}
2022-06-27T04:19:36Z	INFO	controllers.PDB	Found CR for CDB	{"getCDBResource": "oracle-database-operator-system/pdb1-clone", "Name": "cdb-dev", "CR Name": "cdb-dev"}
2022-06-27T04:19:36Z	INFO	controllers.PDB	Issuing REST call	{"callAPI": "oracle-database-operator-system/pdb1-clone", "URL": "http://cdb-dev-ords:8888/ords/_/db-api/latest/database/pdbs/pdbnewclone/status", "Action": "GET"}
2022-06-27T04:19:36Z	INFO	controllers.PDB	Found CR for CDB	{"getCDBResource": "oracle-database-operator-system/pdb1-clone", "Name": "cdb-dev", "CR Name": "cdb-dev"}
2022-06-27T04:19:38Z	INFO	controllers.PDB	Successfully obtained PDB state	{"getPDBState": "oracle-database-operator-system/pdb1-clone", "PDB Name": "pdbnewclone", "State": "READ WRITE"}
2022-06-27T04:19:38Z	INFO	controllers.PDB	Found CR for CDB	{"getCDBResource": "oracle-database-operator-system/pdb1-clone", "Name": "cdb-dev", "CR Name": "cdb-dev"}
2022-06-27T04:19:38Z	INFO	controllers.PDB	Issuing REST call	{"callAPI": "oracle-database-operator-system/pdb1-clone", "URL": "http://cdb-dev-ords:8888/ords/_/db-api/latest/database/pdbs/pdbnewclone/status", "Action": "POST"}
2022-06-27T04:19:38Z	INFO	controllers.PDB	Found CR for CDB	{"getCDBResource": "oracle-database-operator-system/pdb1-clone", "Name": "cdb-dev", "CR Name": "cdb-dev"}
2022-06-27T04:19:39Z	INFO	controllers.PDB	Successfully modified PDB state	{"modifyPDB": "oracle-database-operator-system/pdb1-clone", "PDB Name": "pdbnewclone"}
2022-06-27T04:19:39Z	INFO	controllers.PDB	Found CR for CDB	{"getCDBResource": "oracle-database-operator-system/pdb1-clone", "Name": "cdb-dev", "CR Name": "cdb-dev"}
2022-06-27T04:19:39Z	DEBUG	events	Normal	{"object": {"kind":"PDB","namespace":"oracle-database-operator-system","name":"pdb1-clone","uid":"309dd711-198b-45b6-a34b-da5069af70fb","apiVersion":"database.oracle.com/v1alpha1","resourceVersion":"101462484"}, "reason": "Modified", "message": "PDB 'pdbnewclone' modified successfully"}
2022-06-27T04:19:39Z	INFO	controllers.PDB	Issuing REST call	{"callAPI": "oracle-database-operator-system/pdb1-clone", "URL": "http://cdb-dev-ords:8888/ords/_/db-api/latest/database/pdbs/pdbnewclone/status", "Action": "GET"}
2022-06-27T04:19:39Z	INFO	controllers.PDB	Found CR for CDB	{"getCDBResource": "oracle-database-operator-system/pdb1-clone", "Name": "cdb-dev", "CR Name": "cdb-dev"}
2022-06-27T04:19:39Z	INFO	controllers.PDB	Successfully obtained PDB state	{"getPDBState": "oracle-database-operator-system/pdb1-clone", "PDB Name": "pdbnewclone", "State": "MOUNTED"}
2022-06-27T04:19:39Z	INFO	controllers.PDB	Reconcile completed	{"onpremdboperator": "oracle-database-operator-system/pdb1-clone"}



SQL> show pdbs

    CON_ID CON_NAME			  OPEN MODE  RESTRICTED
---------- ------------------------------ ---------- ----------
	 2 PDB$SEED			  READ WRITE NO
	 3 PDBNEW			  READ WRITE NO
	 4 PDBNEWCLONE			  MOUNTED


-- Check the .yaml file to be used to delete a PDB:

% cat delete_pdb.yaml
#
# Copyright (c) 2022, Oracle and/or its affiliates. All rights reserved.
# Licensed under the Universal Permissive License v 1.0 as shown at http://oss.oracle.com/licenses/upl.
#
apiVersion: database.oracle.com/v1alpha1
kind: PDB
metadata:
  name: pdb1-clone
  namespace: oracle-database-operator-system
  labels:
    cdb: cdb-dev
spec:
  cdbResName: "cdb-dev"
  pdbName: "pdbnewclone"
  action: "Delete"
  dropAction: "INCLUDING"



-- Apply the .yaml file:

% kubectl apply -f delete_pdb.yaml
pdb.database.oracle.com/pdb1-clone configured


-- Monitor the Oracle DB Operator Pod logs:

% kubectl logs -f pod/oracle-database-operator-controller-manager-76cb674c5c-f9wsd -n oracle-database-operator-system
.
.
2022-06-27T04:21:37Z	DEBUG	controller-runtime.webhook.webhooks	received request	{"webhook": "/validate-database-oracle-com-v1alpha1-pdb", "UID": "64148dda-d0df-4e03-88e3-98b1ce7b7aaf", "kind": "database.oracle.com/v1alpha1, Kind=PDB", "resource": {"group":"database.oracle.com","version":"v1alpha1","resource":"pdbs"}}
2022-06-27T04:21:37Z	INFO	pdb-webhook	ValidateUpdate-Validating PDB spec for : pdb1-clone
2022-06-27T04:21:37Z	INFO	pdb-webhook	validateCommon	{"name": "pdb1-clone"}
2022-06-27T04:21:37Z	INFO	pdb-webhook	Valdiating PDB Resource Action : DELETE
2022-06-27T04:21:37Z	DEBUG	controller-runtime.webhook.webhooks	wrote response	{"webhook": "/validate-database-oracle-com-v1alpha1-pdb", "code": 200, "reason": "", "UID": "64148dda-d0df-4e03-88e3-98b1ce7b7aaf", "allowed": true}
2022-06-27T04:21:37Z	INFO	controllers.PDB	Reconcile requested	{"onpremdboperator": "oracle-database-operator-system/pdb1-clone"}
2022-06-27T04:21:37Z	INFO	controllers.PDB	Validating PDB phase for: pdb1-clone	{"validatePhase": "oracle-database-operator-system/pdb1-clone", "Action": "DELETE"}
2022-06-27T04:21:37Z	INFO	controllers.PDB	Validation complete	{"validatePhase": "oracle-database-operator-system/pdb1-clone"}
2022-06-27T04:21:37Z	INFO	controllers.PDB	PDB:	{"onpremdboperator": "oracle-database-operator-system/pdb1-clone", "Name": "pdb1-clone", "Phase": "Deleting", "Status": "false"}
2022-06-27T04:21:37Z	INFO	controllers.PDB	Found CR for CDB	{"getCDBResource": "oracle-database-operator-system/pdb1-clone", "Name": "cdb-dev", "CR Name": "cdb-dev"}
2022-06-27T04:21:37Z	INFO	controllers.PDB	Issuing REST call	{"callAPI": "oracle-database-operator-system/pdb1-clone", "URL": "http://cdb-dev-ords:8888/ords/_/db-api/latest/database/pdbs/pdbnewclone/", "Action": "DELETE"}
2022-06-27T04:21:37Z	INFO	controllers.PDB	Found CR for CDB	{"getCDBResource": "oracle-database-operator-system/pdb1-clone", "Name": "cdb-dev", "CR Name": "cdb-dev"}
2022-06-27T04:21:39Z	INFO	controllers.PDB	Successfully dropped PDB	{"deletePDBInstance": "oracle-database-operator-system/pdb1-clone", "PDB Name": "pdbnewclone"}
2022-06-27T04:21:39Z	INFO	controllers.PDB	Removing finalizer	{"deletePDB": "oracle-database-operator-system/pdb1-clone"}
2022-06-27T04:21:39Z	DEBUG	controller-runtime.webhook.webhooks	received request	{"webhook": "/validate-database-oracle-com-v1alpha1-pdb", "UID": "15bd320b-3f9f-46a7-8493-c586310b7d84", "kind": "database.oracle.com/v1alpha1, Kind=PDB", "resource": {"group":"database.oracle.com","version":"v1alpha1","resource":"pdbs"}}
2022-06-27T04:21:39Z	INFO	pdb-webhook	ValidateUpdate-Validating PDB spec for : pdb1-clone
2022-06-27T04:21:39Z	INFO	pdb-webhook	validateCommon	{"name": "pdb1-clone"}
2022-06-27T04:21:39Z	INFO	pdb-webhook	Valdiating PDB Resource Action : DELETE
2022-06-27T04:21:39Z	DEBUG	controller-runtime.webhook.webhooks	wrote response	{"webhook": "/validate-database-oracle-com-v1alpha1-pdb", "code": 200, "reason": "", "UID": "15bd320b-3f9f-46a7-8493-c586310b7d84", "allowed": true}
2022-06-27T04:21:39Z	INFO	controllers.PDB	Successfully deleted PDB resource	{"deletePDB": "oracle-database-operator-system/pdb1-clone"}
2022-06-27T04:21:39Z	INFO	controllers.PDB	Reconcile completed	{"onpremdboperator": "oracle-database-operator-system/pdb1-clone"}
2022-06-27T04:21:39Z	DEBUG	events	Normal	{"object": {"kind":"PDB","namespace":"oracle-database-operator-system","name":"pdb1-clone","uid":"309dd711-198b-45b6-a34b-da5069af70fb","apiVersion":"database.oracle.com/v1alpha1","resourceVersion":"101463106"}, "reason": "Deleted", "message": "PDB 'pdbnewclone' dropped successfully"}





-- Check the PDB CRD resources:

% kubectl get pdbs -A
NAMESPACE                         NAME          CONNECT STRING                                                            CDB NAME   PDB NAME       PDB STATE    PDB SIZE   STATUS   MESSAGE
oracle-database-operator-system   pdb1          goldhost-scan.lbsub52b3b1cae.okecluster.oraclevcn.com:1521/pdbnew         goldcdb    pdbnew         READ WRITE   1G         Ready    Success


-- Verify from the CDB:

SQL> show pdbs

    CON_ID CON_NAME			  OPEN MODE  RESTRICTED
---------- ------------------------------ ---------- ----------
	 2 PDB$SEED			  READ WRITE NO
	 3 PDBNEW			  READ WRITE NO
