/usr/bin/docker build -t oracle/ords-dboper:22.2.1 .
Sending build context to Docker daemon  280.6kB
Step 1/10 : FROM  container-registry.oracle.com/java/jdk:latest
 ---> 44b86e8925c4
Step 2/10 : ENV ORDS_HOME=/opt/oracle/ords     RUN_FILE="runOrdsSSL.sh"
 ---> Running in e22c5a03b869
Removing intermediate container e22c5a03b869
 ---> 1421497abef8
Step 3/10 : COPY   $RUN_FILE $ORDS_HOME/
 ---> d96ac1477d2d
Step 4/10 : RUN yum -y install yum-utils bind-utils tree hostname openssl net-tools zip unzip tar wget vim-minimal which sudo expect procps &&     yum-config-manager --add-repo=http://yum.oracle.com/repo/OracleLinux/OL8/oracle/software/x86_64 &&     yum -y install java-11-openjdk-devel &&     yum -y install ords &&     yum -y install iproute &&     yum clean all
 ---> Running in c08b8dac80a5
Oracle Linux 8 BaseOS Latest (x86_64)            72 MB/s |  49 MB     00:00
Oracle Linux 8 Application Stream (x86_64)       88 MB/s |  37 MB     00:00
Last metadata expiration check: 0:00:07 ago on Mon 12 Sep 2022 03:23:32 PM UTC.
Package yum-utils-4.0.21-11.0.1.el8.noarch is already installed.
Package vim-minimal-2:8.0.1763-19.0.1.el8_6.2.x86_64 is already installed.
Package procps-ng-3.3.15-6.0.1.el8.x86_64 is already installed.
Dependencies resolved.
================================================================================
 Package         Arch    Version                       Repository          Size
================================================================================
Installing:
 bind-utils      x86_64  32:9.11.36-3.el8              ol8_appstream      452 k
 expect          x86_64  5.45.4-5.el8                  ol8_baseos_latest  266 k
 hostname        x86_64  3.20-6.el8                    ol8_baseos_latest   32 k
 net-tools       x86_64  2.0-0.52.20160912git.el8      ol8_baseos_latest  322 k
 openssl         x86_64  1:1.1.1k-7.el8_6              ol8_baseos_latest  709 k
 sudo            x86_64  1.8.29-8.el8                  ol8_baseos_latest  925 k
 tar             x86_64  2:1.30-5.el8                  ol8_baseos_latest  838 k
 tree            x86_64  1.7.0-15.el8                  ol8_baseos_latest   59 k
 unzip           x86_64  6.0-46.0.1.el8                ol8_baseos_latest  196 k
 wget            x86_64  1.19.5-10.0.1.el8             ol8_appstream      734 k
 which           x86_64  2.21-17.el8                   ol8_baseos_latest   49 k
 zip             x86_64  3.0-23.el8                    ol8_baseos_latest  270 k
Upgrading:
 openssl-libs    x86_64  1:1.1.1k-7.el8_6              ol8_baseos_latest  1.5 M
 vim-minimal     x86_64  2:8.0.1763-19.0.1.el8_6.4     ol8_baseos_latest  575 k
Installing dependencies:
 bind-libs       x86_64  32:9.11.36-3.el8              ol8_appstream      175 k
 bind-libs-lite  x86_64  32:9.11.36-3.el8              ol8_appstream      1.2 M
 bind-license    noarch  32:9.11.36-3.el8              ol8_appstream      103 k
 fstrm           x86_64  0.6.1-2.el8                   ol8_appstream       29 k
 libmaxminddb    x86_64  1.2.0-10.el8                  ol8_appstream       33 k
 libmetalink     x86_64  0.1.3-7.el8                   ol8_baseos_latest   32 k
 protobuf-c      x86_64  1.3.0-6.el8                   ol8_appstream       37 k
 python3-bind    noarch  32:9.11.36-3.el8              ol8_appstream      150 k
 python3-ply     noarch  3.9-9.el8                     ol8_baseos_latest  111 k
 tcl             x86_64  1:8.6.8-2.el8                 ol8_baseos_latest  1.1 M

Transaction Summary
================================================================================
Install  22 Packages
Upgrade   2 Packages

Total download size: 9.7 M
Downloading Packages:
(1/24): expect-5.45.4-5.el8.x86_64.rpm          158 kB/s | 266 kB     00:01
(2/24): hostname-3.20-6.el8.x86_64.rpm           18 kB/s |  32 kB     00:01
(3/24): libmetalink-0.1.3-7.el8.x86_64.rpm       18 kB/s |  32 kB     00:01
(4/24): net-tools-2.0-0.52.20160912git.el8.x86_ 2.3 MB/s | 322 kB     00:00
(5/24): openssl-1.1.1k-7.el8_6.x86_64.rpm       4.0 MB/s | 709 kB     00:00
(6/24): python3-ply-3.9-9.el8.noarch.rpm        538 kB/s | 111 kB     00:00
(7/24): sudo-1.8.29-8.el8.x86_64.rpm            5.0 MB/s | 925 kB     00:00
(8/24): tar-1.30-5.el8.x86_64.rpm               4.2 MB/s | 838 kB     00:00
(9/24): unzip-6.0-46.0.1.el8.x86_64.rpm         3.6 MB/s | 196 kB     00:00
(10/24): tcl-8.6.8-2.el8.x86_64.rpm             4.1 MB/s | 1.1 MB     00:00
(11/24): which-2.21-17.el8.x86_64.rpm           613 kB/s |  49 kB     00:00
(12/24): tree-1.7.0-15.el8.x86_64.rpm           208 kB/s |  59 kB     00:00
(13/24): bind-libs-9.11.36-3.el8.x86_64.rpm     1.3 MB/s | 175 kB     00:00
(14/24): bind-license-9.11.36-3.el8.noarch.rpm  2.6 MB/s | 103 kB     00:00
(15/24): bind-libs-lite-9.11.36-3.el8.x86_64.rp 6.8 MB/s | 1.2 MB     00:00
(16/24): bind-utils-9.11.36-3.el8.x86_64.rpm    3.6 MB/s | 452 kB     00:00
(17/24): zip-3.0-23.el8.x86_64.rpm              804 kB/s | 270 kB     00:00
(18/24): libmaxminddb-1.2.0-10.el8.x86_64.rpm   529 kB/s |  33 kB     00:00
(19/24): fstrm-0.6.1-2.el8.x86_64.rpm           161 kB/s |  29 kB     00:00
(20/24): python3-bind-9.11.36-3.el8.noarch.rpm  2.0 MB/s | 150 kB     00:00
(21/24): protobuf-c-1.3.0-6.el8.x86_64.rpm      351 kB/s |  37 kB     00:00
(22/24): vim-minimal-8.0.1763-19.0.1.el8_6.4.x8 6.4 MB/s | 575 kB     00:00
(23/24): wget-1.19.5-10.0.1.el8.x86_64.rpm      3.3 MB/s | 734 kB     00:00
(24/24): openssl-libs-1.1.1k-7.el8_6.x86_64.rpm 6.8 MB/s | 1.5 MB     00:00
--------------------------------------------------------------------------------
Total                                           3.3 MB/s | 9.7 MB     00:02
Running transaction check
Transaction check succeeded.
Running transaction test
Transaction test succeeded.
Running transaction
  Preparing        :                                                        1/1
  Upgrading        : openssl-libs-1:1.1.1k-7.el8_6.x86_64                  1/26
  Running scriptlet: openssl-libs-1:1.1.1k-7.el8_6.x86_64                  1/26
  Installing       : protobuf-c-1.3.0-6.el8.x86_64                         2/26
  Installing       : libmaxminddb-1.2.0-10.el8.x86_64                      3/26
  Running scriptlet: libmaxminddb-1.2.0-10.el8.x86_64                      3/26
  Installing       : fstrm-0.6.1-2.el8.x86_64                              4/26
  Installing       : bind-license-32:9.11.36-3.el8.noarch                  5/26
  Installing       : bind-libs-lite-32:9.11.36-3.el8.x86_64                6/26
  Installing       : bind-libs-32:9.11.36-3.el8.x86_64                     7/26
  Upgrading        : vim-minimal-2:8.0.1763-19.0.1.el8_6.4.x86_64          8/26
  Installing       : unzip-6.0-46.0.1.el8.x86_64                           9/26
  Installing       : tcl-1:8.6.8-2.el8.x86_64                             10/26
  Running scriptlet: tcl-1:8.6.8-2.el8.x86_64                             10/26
  Installing       : python3-ply-3.9-9.el8.noarch                         11/26
  Installing       : python3-bind-32:9.11.36-3.el8.noarch                 12/26
  Installing       : libmetalink-0.1.3-7.el8.x86_64                       13/26
  Installing       : wget-1.19.5-10.0.1.el8.x86_64                        14/26
  Running scriptlet: wget-1.19.5-10.0.1.el8.x86_64                        14/26
  Installing       : bind-utils-32:9.11.36-3.el8.x86_64                   15/26
  Installing       : expect-5.45.4-5.el8.x86_64                           16/26
  Installing       : zip-3.0-23.el8.x86_64                                17/26
  Installing       : sudo-1.8.29-8.el8.x86_64                             18/26
  Running scriptlet: sudo-1.8.29-8.el8.x86_64                             18/26
  Installing       : openssl-1:1.1.1k-7.el8_6.x86_64                      19/26
  Installing       : which-2.21-17.el8.x86_64                             20/26
  Installing       : tree-1.7.0-15.el8.x86_64                             21/26
  Installing       : tar-2:1.30-5.el8.x86_64                              22/26
  Running scriptlet: tar-2:1.30-5.el8.x86_64                              22/26
  Installing       : net-tools-2.0-0.52.20160912git.el8.x86_64            23/26
  Running scriptlet: net-tools-2.0-0.52.20160912git.el8.x86_64            23/26
  Installing       : hostname-3.20-6.el8.x86_64                           24/26
  Running scriptlet: hostname-3.20-6.el8.x86_64                           24/26
  Cleanup          : vim-minimal-2:8.0.1763-19.0.1.el8_6.2.x86_64         25/26
  Cleanup          : openssl-libs-1:1.1.1k-6.el8_5.x86_64                 26/26
  Running scriptlet: openssl-libs-1:1.1.1k-6.el8_5.x86_64                 26/26
  Verifying        : expect-5.45.4-5.el8.x86_64                            1/26
  Verifying        : hostname-3.20-6.el8.x86_64                            2/26
  Verifying        : libmetalink-0.1.3-7.el8.x86_64                        3/26
  Verifying        : net-tools-2.0-0.52.20160912git.el8.x86_64             4/26
  Verifying        : openssl-1:1.1.1k-7.el8_6.x86_64                       5/26
  Verifying        : python3-ply-3.9-9.el8.noarch                          6/26
  Verifying        : sudo-1.8.29-8.el8.x86_64                              7/26
  Verifying        : tar-2:1.30-5.el8.x86_64                               8/26
  Verifying        : tcl-1:8.6.8-2.el8.x86_64                              9/26
  Verifying        : tree-1.7.0-15.el8.x86_64                             10/26
  Verifying        : unzip-6.0-46.0.1.el8.x86_64                          11/26
  Verifying        : which-2.21-17.el8.x86_64                             12/26
  Verifying        : zip-3.0-23.el8.x86_64                                13/26
  Verifying        : bind-libs-32:9.11.36-3.el8.x86_64                    14/26
  Verifying        : bind-libs-lite-32:9.11.36-3.el8.x86_64               15/26
  Verifying        : bind-license-32:9.11.36-3.el8.noarch                 16/26
  Verifying        : bind-utils-32:9.11.36-3.el8.x86_64                   17/26
  Verifying        : fstrm-0.6.1-2.el8.x86_64                             18/26
  Verifying        : libmaxminddb-1.2.0-10.el8.x86_64                     19/26
  Verifying        : protobuf-c-1.3.0-6.el8.x86_64                        20/26
  Verifying        : python3-bind-32:9.11.36-3.el8.noarch                 21/26
  Verifying        : wget-1.19.5-10.0.1.el8.x86_64                        22/26
  Verifying        : openssl-libs-1:1.1.1k-7.el8_6.x86_64                 23/26
  Verifying        : openssl-libs-1:1.1.1k-6.el8_5.x86_64                 24/26
  Verifying        : vim-minimal-2:8.0.1763-19.0.1.el8_6.4.x86_64         25/26
  Verifying        : vim-minimal-2:8.0.1763-19.0.1.el8_6.2.x86_64         26/26

Upgraded:
  openssl-libs-1:1.1.1k-7.el8_6.x86_64
  vim-minimal-2:8.0.1763-19.0.1.el8_6.4.x86_64
Installed:
  bind-libs-32:9.11.36-3.el8.x86_64
  bind-libs-lite-32:9.11.36-3.el8.x86_64
  bind-license-32:9.11.36-3.el8.noarch
  bind-utils-32:9.11.36-3.el8.x86_64
  expect-5.45.4-5.el8.x86_64
  fstrm-0.6.1-2.el8.x86_64
  hostname-3.20-6.el8.x86_64
  libmaxminddb-1.2.0-10.el8.x86_64
  libmetalink-0.1.3-7.el8.x86_64
  net-tools-2.0-0.52.20160912git.el8.x86_64
  openssl-1:1.1.1k-7.el8_6.x86_64
  protobuf-c-1.3.0-6.el8.x86_64
  python3-bind-32:9.11.36-3.el8.noarch
  python3-ply-3.9-9.el8.noarch
  sudo-1.8.29-8.el8.x86_64
  tar-2:1.30-5.el8.x86_64
  tcl-1:8.6.8-2.el8.x86_64
  tree-1.7.0-15.el8.x86_64
  unzip-6.0-46.0.1.el8.x86_64
  wget-1.19.5-10.0.1.el8.x86_64
  which-2.21-17.el8.x86_64
  zip-3.0-23.el8.x86_64

Complete!
Adding repo from: http://yum.oracle.com/repo/OracleLinux/OL8/oracle/software/x86_64
created by dnf config-manager from http://yum.o 221 kB/s |  45 kB     00:00
Dependencies resolved.
=============================================================================================
 Package                    Arch    Version                          Repository          Size
=============================================================================================
Installing:
 java-11-openjdk-devel      x86_64  1:11.0.16.1.1-1.el8_6            ol8_appstream      3.4 M
Installing dependencies:
 alsa-lib                   x86_64  1.2.6.1-3.el8                    ol8_appstream      491 k
 avahi-libs                 x86_64  0.7-20.el8                       ol8_baseos_latest   62 k
 copy-jdk-configs           noarch  4.0-2.el8                        ol8_appstream       30 k
 crypto-policies-scripts    noarch  20211116-1.gitae470d6.el8        ol8_baseos_latest   83 k
 cups-libs                  x86_64  1:2.2.6-45.el8_6.2               ol8_baseos_latest  434 k
 giflib                     x86_64  5.1.4-3.el8                      ol8_appstream       51 k
 graphite2                  x86_64  1.3.10-10.el8                    ol8_appstream      122 k
 harfbuzz                   x86_64  1.7.5-3.el8                      ol8_appstream      295 k
 java-11-openjdk            x86_64  1:11.0.16.1.1-1.el8_6            ol8_appstream      272 k
 java-11-openjdk-headless   x86_64  1:11.0.16.1.1-1.el8_6            ol8_appstream       40 M
 javapackages-filesystem    noarch  5.3.0-1.module+el8+5136+7ff78f74 ol8_appstream       30 k
 lcms2                      x86_64  2.9-2.el8                        ol8_appstream      164 k
 libX11                     x86_64  1.6.8-5.el8                      ol8_appstream      611 k
 libX11-common              noarch  1.6.8-5.el8                      ol8_appstream      158 k
 libXau                     x86_64  1.0.9-3.el8                      ol8_appstream       37 k
 libXcomposite              x86_64  0.4.4-14.el8                     ol8_appstream       28 k
 libXext                    x86_64  1.3.4-1.el8                      ol8_appstream       45 k
 libXi                      x86_64  1.7.10-1.el8                     ol8_appstream       49 k
 libXrender                 x86_64  0.9.10-7.el8                     ol8_appstream       33 k
 libXtst                    x86_64  1.2.3-7.el8                      ol8_appstream       22 k
 libfontenc                 x86_64  1.1.3-8.el8                      ol8_appstream       37 k
 libjpeg-turbo              x86_64  1.5.3-12.el8                     ol8_appstream      157 k
 libpkgconf                 x86_64  1.4.2-1.el8                      ol8_baseos_latest   35 k
 libxcb                     x86_64  1.13.1-1.el8                     ol8_appstream      231 k
 lksctp-tools               x86_64  1.0.18-3.el8                     ol8_baseos_latest  100 k
 lua                        x86_64  5.3.4-12.el8                     ol8_appstream      192 k
 nspr                       x86_64  4.32.0-1.el8_4                   ol8_appstream      142 k
 nss                        x86_64  3.67.0-7.el8_5                   ol8_appstream      741 k
 nss-softokn                x86_64  3.67.0-7.el8_5                   ol8_appstream      487 k
 nss-softokn-freebl         x86_64  3.67.0-7.el8_5                   ol8_appstream      395 k
 nss-sysinit                x86_64  3.67.0-7.el8_5                   ol8_appstream       73 k
 nss-util                   x86_64  3.67.0-7.el8_5                   ol8_appstream      137 k
 pkgconf                    x86_64  1.4.2-1.el8                      ol8_baseos_latest   38 k
 pkgconf-m4                 noarch  1.4.2-1.el8                      ol8_baseos_latest   17 k
 pkgconf-pkg-config         x86_64  1.4.2-1.el8                      ol8_baseos_latest   15 k
 ttmkfdir                   x86_64  3.0.9-54.el8                     ol8_appstream       62 k
 tzdata-java                noarch  2022c-1.el8                      ol8_appstream      186 k
 xorg-x11-font-utils        x86_64  1:7.5-41.el8                     ol8_appstream      104 k
 xorg-x11-fonts-Type1       noarch  7.5-19.el8                       ol8_appstream      522 k
Enabling module streams:
 javapackages-runtime               201801

Transaction Summary
=============================================================================================
Install  40 Packages

Total download size: 50 M
Installed size: 194 M
Downloading Packages:
(1/40): crypto-policies-scripts-20211116-1.gita 1.3 MB/s |  83 kB     00:00
(2/40): avahi-libs-0.7-20.el8.x86_64.rpm        952 kB/s |  62 kB     00:00
(3/40): libpkgconf-1.4.2-1.el8.x86_64.rpm       2.2 MB/s |  35 kB     00:00
(4/40): cups-libs-2.2.6-45.el8_6.2.x86_64.rpm   4.9 MB/s | 434 kB     00:00
(5/40): lksctp-tools-1.0.18-3.el8.x86_64.rpm    3.9 MB/s | 100 kB     00:00
(6/40): pkgconf-1.4.2-1.el8.x86_64.rpm          2.3 MB/s |  38 kB     00:00
(7/40): pkgconf-m4-1.4.2-1.el8.noarch.rpm       1.1 MB/s |  17 kB     00:00
(8/40): pkgconf-pkg-config-1.4.2-1.el8.x86_64.r 1.1 MB/s |  15 kB     00:00
(9/40): copy-jdk-configs-4.0-2.el8.noarch.rpm   1.8 MB/s |  30 kB     00:00
(10/40): giflib-5.1.4-3.el8.x86_64.rpm          3.0 MB/s |  51 kB     00:00
(11/40): alsa-lib-1.2.6.1-3.el8.x86_64.rpm       12 MB/s | 491 kB     00:00
(12/40): graphite2-1.3.10-10.el8.x86_64.rpm     5.9 MB/s | 122 kB     00:00
(13/40): harfbuzz-1.7.5-3.el8.x86_64.rpm         13 MB/s | 295 kB     00:00
(14/40): java-11-openjdk-11.0.16.1.1-1.el8_6.x8  15 MB/s | 272 kB     00:00
(15/40): javapackages-filesystem-5.3.0-1.module 2.1 MB/s |  30 kB     00:00
(16/40): lcms2-2.9-2.el8.x86_64.rpm             9.5 MB/s | 164 kB     00:00
(17/40): libX11-1.6.8-5.el8.x86_64.rpm           24 MB/s | 611 kB     00:00
(18/40): java-11-openjdk-devel-11.0.16.1.1-1.el  40 MB/s | 3.4 MB     00:00
(19/40): libX11-common-1.6.8-5.el8.noarch.rpm   8.6 MB/s | 158 kB     00:00
(20/40): libXau-1.0.9-3.el8.x86_64.rpm          2.6 MB/s |  37 kB     00:00
(21/40): libXcomposite-0.4.4-14.el8.x86_64.rpm  2.2 MB/s |  28 kB     00:00
(22/40): libXext-1.3.4-1.el8.x86_64.rpm         2.7 MB/s |  45 kB     00:00
(23/40): libXi-1.7.10-1.el8.x86_64.rpm          2.8 MB/s |  49 kB     00:00
(24/40): libXrender-0.9.10-7.el8.x86_64.rpm     2.4 MB/s |  33 kB     00:00
(25/40): libXtst-1.2.3-7.el8.x86_64.rpm         1.6 MB/s |  22 kB     00:00
(26/40): libfontenc-1.1.3-8.el8.x86_64.rpm      2.7 MB/s |  37 kB     00:00
(27/40): libjpeg-turbo-1.5.3-12.el8.x86_64.rpm  9.6 MB/s | 157 kB     00:00
(28/40): libxcb-1.13.1-1.el8.x86_64.rpm          13 MB/s | 231 kB     00:00
(29/40): lua-5.3.4-12.el8.x86_64.rpm             11 MB/s | 192 kB     00:00
(30/40): nspr-4.32.0-1.el8_4.x86_64.rpm         9.2 MB/s | 142 kB     00:00
(31/40): nss-3.67.0-7.el8_5.x86_64.rpm           31 MB/s | 741 kB     00:00
(32/40): nss-softokn-3.67.0-7.el8_5.x86_64.rpm   24 MB/s | 487 kB     00:00
(33/40): nss-softokn-freebl-3.67.0-7.el8_5.x86_  18 MB/s | 395 kB     00:00
(34/40): nss-sysinit-3.67.0-7.el8_5.x86_64.rpm  4.3 MB/s |  73 kB     00:00
(35/40): nss-util-3.67.0-7.el8_5.x86_64.rpm     8.7 MB/s | 137 kB     00:00
(36/40): ttmkfdir-3.0.9-54.el8.x86_64.rpm       4.0 MB/s |  62 kB     00:00
(37/40): tzdata-java-2022c-1.el8.noarch.rpm      12 MB/s | 186 kB     00:00
(38/40): xorg-x11-font-utils-7.5-41.el8.x86_64. 6.0 MB/s | 104 kB     00:00
(39/40): xorg-x11-fonts-Type1-7.5-19.el8.noarch  23 MB/s | 522 kB     00:00
(40/40): java-11-openjdk-headless-11.0.16.1.1-1  73 MB/s |  40 MB     00:00
--------------------------------------------------------------------------------
Total                                            71 MB/s |  50 MB     00:00
Running transaction check
Transaction check succeeded.
Running transaction test
Transaction test succeeded.
Running transaction
  Running scriptlet: copy-jdk-configs-4.0-2.el8.noarch                      1/1
  Running scriptlet: java-11-openjdk-headless-1:11.0.16.1.1-1.el8_6.x86_6   1/1
  Preparing        :                                                        1/1
  Installing       : nspr-4.32.0-1.el8_4.x86_64                            1/40
  Running scriptlet: nspr-4.32.0-1.el8_4.x86_64                            1/40
  Installing       : nss-util-3.67.0-7.el8_5.x86_64                        2/40
  Installing       : libjpeg-turbo-1.5.3-12.el8.x86_64                     3/40
  Installing       : nss-softokn-freebl-3.67.0-7.el8_5.x86_64              4/40
  Installing       : nss-softokn-3.67.0-7.el8_5.x86_64                     5/40
  Installing       : tzdata-java-2022c-1.el8.noarch                        6/40
  Installing       : ttmkfdir-3.0.9-54.el8.x86_64                          7/40
  Installing       : lua-5.3.4-12.el8.x86_64                               8/40
  Installing       : copy-jdk-configs-4.0-2.el8.noarch                     9/40
  Installing       : libfontenc-1.1.3-8.el8.x86_64                        10/40
  Installing       : libXau-1.0.9-3.el8.x86_64                            11/40
  Installing       : libxcb-1.13.1-1.el8.x86_64                           12/40
  Installing       : libX11-common-1.6.8-5.el8.noarch                     13/40
  Installing       : libX11-1.6.8-5.el8.x86_64                            14/40
  Installing       : libXext-1.3.4-1.el8.x86_64                           15/40
  Installing       : libXi-1.7.10-1.el8.x86_64                            16/40
  Installing       : libXtst-1.2.3-7.el8.x86_64                           17/40
  Installing       : libXcomposite-0.4.4-14.el8.x86_64                    18/40
  Installing       : libXrender-0.9.10-7.el8.x86_64                       19/40
  Installing       : lcms2-2.9-2.el8.x86_64                               20/40
  Running scriptlet: lcms2-2.9-2.el8.x86_64                               20/40
  Installing       : javapackages-filesystem-5.3.0-1.module+el8+5136+7f   21/40
  Installing       : graphite2-1.3.10-10.el8.x86_64                       22/40
  Installing       : harfbuzz-1.7.5-3.el8.x86_64                          23/40
  Running scriptlet: harfbuzz-1.7.5-3.el8.x86_64                          23/40
  Installing       : giflib-5.1.4-3.el8.x86_64                            24/40
  Installing       : alsa-lib-1.2.6.1-3.el8.x86_64                        25/40
  Running scriptlet: alsa-lib-1.2.6.1-3.el8.x86_64                        25/40
  Installing       : pkgconf-m4-1.4.2-1.el8.noarch                        26/40
  Installing       : lksctp-tools-1.0.18-3.el8.x86_64                     27/40
  Running scriptlet: lksctp-tools-1.0.18-3.el8.x86_64                     27/40
  Installing       : libpkgconf-1.4.2-1.el8.x86_64                        28/40
  Installing       : pkgconf-1.4.2-1.el8.x86_64                           29/40
  Installing       : pkgconf-pkg-config-1.4.2-1.el8.x86_64                30/40
  Installing       : xorg-x11-font-utils-1:7.5-41.el8.x86_64              31/40
  Installing       : xorg-x11-fonts-Type1-7.5-19.el8.noarch               32/40
  Running scriptlet: xorg-x11-fonts-Type1-7.5-19.el8.noarch               32/40
  Installing       : crypto-policies-scripts-20211116-1.gitae470d6.el8.   33/40
  Installing       : nss-sysinit-3.67.0-7.el8_5.x86_64                    34/40
  Installing       : nss-3.67.0-7.el8_5.x86_64                            35/40
  Installing       : avahi-libs-0.7-20.el8.x86_64                         36/40
  Installing       : cups-libs-1:2.2.6-45.el8_6.2.x86_64                  37/40
  Installing       : java-11-openjdk-headless-1:11.0.16.1.1-1.el8_6.x86   38/40
  Running scriptlet: java-11-openjdk-headless-1:11.0.16.1.1-1.el8_6.x86   38/40
  Installing       : java-11-openjdk-1:11.0.16.1.1-1.el8_6.x86_64         39/40
  Running scriptlet: java-11-openjdk-1:11.0.16.1.1-1.el8_6.x86_64         39/40
  Installing       : java-11-openjdk-devel-1:11.0.16.1.1-1.el8_6.x86_64   40/40
  Running scriptlet: java-11-openjdk-devel-1:11.0.16.1.1-1.el8_6.x86_64   40/40
  Running scriptlet: copy-jdk-configs-4.0-2.el8.noarch                    40/40
  Running scriptlet: crypto-policies-scripts-20211116-1.gitae470d6.el8.   40/40
  Running scriptlet: nss-3.67.0-7.el8_5.x86_64                            40/40
  Running scriptlet: java-11-openjdk-headless-1:11.0.16.1.1-1.el8_6.x86   40/40
  Running scriptlet: java-11-openjdk-1:11.0.16.1.1-1.el8_6.x86_64         40/40
  Running scriptlet: java-11-openjdk-devel-1:11.0.16.1.1-1.el8_6.x86_64   40/40
  Verifying        : avahi-libs-0.7-20.el8.x86_64                          1/40
  Verifying        : crypto-policies-scripts-20211116-1.gitae470d6.el8.    2/40
  Verifying        : cups-libs-1:2.2.6-45.el8_6.2.x86_64                   3/40
  Verifying        : libpkgconf-1.4.2-1.el8.x86_64                         4/40
  Verifying        : lksctp-tools-1.0.18-3.el8.x86_64                      5/40
  Verifying        : pkgconf-1.4.2-1.el8.x86_64                            6/40
  Verifying        : pkgconf-m4-1.4.2-1.el8.noarch                         7/40
  Verifying        : pkgconf-pkg-config-1.4.2-1.el8.x86_64                 8/40
  Verifying        : alsa-lib-1.2.6.1-3.el8.x86_64                         9/40
  Verifying        : copy-jdk-configs-4.0-2.el8.noarch                    10/40
  Verifying        : giflib-5.1.4-3.el8.x86_64                            11/40
  Verifying        : graphite2-1.3.10-10.el8.x86_64                       12/40
  Verifying        : harfbuzz-1.7.5-3.el8.x86_64                          13/40
  Verifying        : java-11-openjdk-1:11.0.16.1.1-1.el8_6.x86_64         14/40
  Verifying        : java-11-openjdk-devel-1:11.0.16.1.1-1.el8_6.x86_64   15/40
  Verifying        : java-11-openjdk-headless-1:11.0.16.1.1-1.el8_6.x86   16/40
  Verifying        : javapackages-filesystem-5.3.0-1.module+el8+5136+7f   17/40
  Verifying        : lcms2-2.9-2.el8.x86_64                               18/40
  Verifying        : libX11-1.6.8-5.el8.x86_64                            19/40
  Verifying        : libX11-common-1.6.8-5.el8.noarch                     20/40
  Verifying        : libXau-1.0.9-3.el8.x86_64                            21/40
  Verifying        : libXcomposite-0.4.4-14.el8.x86_64                    22/40
  Verifying        : libXext-1.3.4-1.el8.x86_64                           23/40
  Verifying        : libXi-1.7.10-1.el8.x86_64                            24/40
  Verifying        : libXrender-0.9.10-7.el8.x86_64                       25/40
  Verifying        : libXtst-1.2.3-7.el8.x86_64                           26/40
  Verifying        : libfontenc-1.1.3-8.el8.x86_64                        27/40
  Verifying        : libjpeg-turbo-1.5.3-12.el8.x86_64                    28/40
  Verifying        : libxcb-1.13.1-1.el8.x86_64                           29/40
  Verifying        : lua-5.3.4-12.el8.x86_64                              30/40
  Verifying        : nspr-4.32.0-1.el8_4.x86_64                           31/40
  Verifying        : nss-3.67.0-7.el8_5.x86_64                            32/40
  Verifying        : nss-softokn-3.67.0-7.el8_5.x86_64                    33/40
  Verifying        : nss-softokn-freebl-3.67.0-7.el8_5.x86_64             34/40
  Verifying        : nss-sysinit-3.67.0-7.el8_5.x86_64                    35/40
  Verifying        : nss-util-3.67.0-7.el8_5.x86_64                       36/40
  Verifying        : ttmkfdir-3.0.9-54.el8.x86_64                         37/40
  Verifying        : tzdata-java-2022c-1.el8.noarch                       38/40
  Verifying        : xorg-x11-font-utils-1:7.5-41.el8.x86_64              39/40
  Verifying        : xorg-x11-fonts-Type1-7.5-19.el8.noarch               40/40

Installed:
  alsa-lib-1.2.6.1-3.el8.x86_64
  avahi-libs-0.7-20.el8.x86_64
  copy-jdk-configs-4.0-2.el8.noarch
  crypto-policies-scripts-20211116-1.gitae470d6.el8.noarch
  cups-libs-1:2.2.6-45.el8_6.2.x86_64
  giflib-5.1.4-3.el8.x86_64
  graphite2-1.3.10-10.el8.x86_64
  harfbuzz-1.7.5-3.el8.x86_64
  java-11-openjdk-1:11.0.16.1.1-1.el8_6.x86_64
  java-11-openjdk-devel-1:11.0.16.1.1-1.el8_6.x86_64
  java-11-openjdk-headless-1:11.0.16.1.1-1.el8_6.x86_64
  javapackages-filesystem-5.3.0-1.module+el8+5136+7ff78f74.noarch
  lcms2-2.9-2.el8.x86_64
  libX11-1.6.8-5.el8.x86_64
  libX11-common-1.6.8-5.el8.noarch
  libXau-1.0.9-3.el8.x86_64
  libXcomposite-0.4.4-14.el8.x86_64
  libXext-1.3.4-1.el8.x86_64
  libXi-1.7.10-1.el8.x86_64
  libXrender-0.9.10-7.el8.x86_64
  libXtst-1.2.3-7.el8.x86_64
  libfontenc-1.1.3-8.el8.x86_64
  libjpeg-turbo-1.5.3-12.el8.x86_64
  libpkgconf-1.4.2-1.el8.x86_64
  libxcb-1.13.1-1.el8.x86_64
  lksctp-tools-1.0.18-3.el8.x86_64
  lua-5.3.4-12.el8.x86_64
  nspr-4.32.0-1.el8_4.x86_64
  nss-3.67.0-7.el8_5.x86_64
  nss-softokn-3.67.0-7.el8_5.x86_64
  nss-softokn-freebl-3.67.0-7.el8_5.x86_64
  nss-sysinit-3.67.0-7.el8_5.x86_64
  nss-util-3.67.0-7.el8_5.x86_64
  pkgconf-1.4.2-1.el8.x86_64
  pkgconf-m4-1.4.2-1.el8.noarch
  pkgconf-pkg-config-1.4.2-1.el8.x86_64
  ttmkfdir-3.0.9-54.el8.x86_64
  tzdata-java-2022c-1.el8.noarch
  xorg-x11-font-utils-1:7.5-41.el8.x86_64
  xorg-x11-fonts-Type1-7.5-19.el8.noarch

Complete!
Last metadata expiration check: 0:00:10 ago on Mon 12 Sep 2022 03:23:49 PM UTC.
Dependencies resolved.
==============================================================================================
 Package
        Arch    Version      Repository                                                   Size
==============================================================================================
Installing:
 ords   noarch  22.2.1-2.el8 yum.oracle.com_repo_OracleLinux_OL8_oracle_software_x86_64   83 M
Installing dependencies:
 lsof   x86_64  4.93.2-1.el8 ol8_baseos_latest                                           253 k

Transaction Summary
==============================================================================================
Install  2 Packages

Total download size: 83 M
Installed size: 87 M
Downloading Packages:
(1/2): lsof-4.93.2-1.el8.x86_64.rpm             3.0 MB/s | 253 kB     00:00
(2/2): ords-22.2.1-2.el8.noarch.rpm              56 MB/s |  83 MB     00:01
--------------------------------------------------------------------------------
Total                                            56 MB/s |  83 MB     00:01
Running transaction check
Transaction check succeeded.
Running transaction test
Transaction test succeeded.
Running transaction
  Preparing        :                                                        1/1
  Installing       : lsof-4.93.2-1.el8.x86_64                               1/2
  Running scriptlet: ords-22.2.1-2.el8.noarch                               2/2
  Installing       : ords-22.2.1-2.el8.noarch                               2/2
  Running scriptlet: ords-22.2.1-2.el8.noarch                               2/2
INFO: Before starting ORDS service, run the below command as user oracle:
         ords --config /etc/ords/config install

  Verifying        : lsof-4.93.2-1.el8.x86_64                               1/2
  Verifying        : ords-22.2.1-2.el8.noarch                               2/2

Installed:
  lsof-4.93.2-1.el8.x86_64               ords-22.2.1-2.el8.noarch

Complete!
Last metadata expiration check: 0:00:15 ago on Mon 12 Sep 2022 03:23:49 PM UTC.
Package iproute-5.15.0-4.el8.x86_64 is already installed.
Dependencies resolved.
Nothing to do.
Complete!
24 files removed
Removing intermediate container c08b8dac80a5
 ---> bb1a717f3e6e
Step 5/10 : RUN mkdir -p  $ORDS_HOME/doc_root                                  &&     mkdir -p  $ORDS_HOME/error                                     &&     mkdir -p  $ORDS_HOME/secrets                                   &&     chmod ug+x $ORDS_HOME/*.sh                                     &&     groupadd -g 54322 dba                                          &&     usermod -u 54321 -d /home/oracle -g dba -m -s /bin/bash oracle &&     chown -R oracle:dba $ORDS_HOME                                 &&     echo "oracle  ALL=(ALL)       NOPASSWD: ALL" >> /etc/sudoers
 ---> Running in 0103c070f4b6
Removing intermediate container 0103c070f4b6
 ---> 089d06d9b198
Step 6/10 : USER oracle
 ---> Running in 51b1846c8c6f
Removing intermediate container 51b1846c8c6f
 ---> 6c7b115954a4
Step 7/10 : WORKDIR /home/oracle
 ---> Running in 5862e2bc8df9
Removing intermediate container 5862e2bc8df9
 ---> 28543543a88c
Step 8/10 : VOLUME ["$ORDS_HOME/config/ords"]
 ---> Running in 465398d6f2bb
Removing intermediate container 465398d6f2bb
 ---> 4037eb7f2f12
Step 9/10 : EXPOSE 8888
 ---> Running in 2813ab5473f6
Removing intermediate container 2813ab5473f6
 ---> 3410f1be2fff
Step 10/10 : CMD $ORDS_HOME/$RUN_FILE
 ---> Running in 0a9a72408177
Removing intermediate container 0a9a72408177
 ---> 2ef5dc95701b
Successfully built 2ef5dc95701b
Successfully tagged oracle/ords-dboper:22.2.1

