-- Check the status of the PDB CRD Resources:

% kubectl get pdbs -A
No resources found



-- Verify from the CDB:

SQL> show pdbs

    CON_ID CON_NAME       OPEN MODE  RESTRICTED
---------- ------------------------------ ---------- ----------
   2 PDB$SEED       READ WRITE NO



-- Confirm the availability of the required .xml file:

[oracle@goldhost1 ~]$ ls -lrt /tmp/pdbnewclone.xml
-rw-r--r-- 1 oracle asmadmin 9920 Jun 27 06:26 /tmp/pdbnewclone.xml


-- Use the below .yaml file for the plug in operation:

% cat plug_pdb.yaml
#
# Copyright (c) 2022, Oracle and/or its affiliates. All rights reserved.
# Licensed under the Universal Permissive License v 1.0 as shown at http://oss.oracle.com/licenses/upl.
#
apiVersion: database.oracle.com/v1alpha1
kind: PDB
metadata:
  name: pdb1
  namespace: oracle-database-operator-system
  labels:
    cdb: cdb-dev
spec:
  cdbResName: "cdb-dev"
  cdbName: "goldcdb"
  pdbName: "pdbnew"
  xmlFileName: "/tmp/pdbnewclone.xml"
  fileNameConversions: "NONE"
  sourceFileNameConversions: "NONE"
  copyAction: "MOVE"
  totalSize: "1G"
  tempSize: "100M"
  action: "Plug"



-- Apply the .yaml file:

% kubectl apply -f plug_pdb.yaml
pdb.database.oracle.com/pdb1 created


-- Monitor the logs from the Oracle DB Operator Pod:

% kubectl logs -f pod/oracle-database-operator-controller-manager-76cb674c5c-f9wsd -n oracle-database-operator-system
.
.
2022-06-27T04:28:36Z	DEBUG	controller-runtime.webhook.webhooks	received request	{"webhook": "/validate-database-oracle-com-v1alpha1-pdb", "UID": "bfad69af-36be-4792-87e3-639323300167", "kind": "database.oracle.com/v1alpha1, Kind=PDB", "resource": {"group":"database.oracle.com","version":"v1alpha1","resource":"pdbs"}}
2022-06-27T04:28:36Z	INFO	pdb-webhook	ValidateCreate-Validating PDB spec for : pdb1
2022-06-27T04:28:36Z	INFO	pdb-webhook	validateCommon	{"name": "pdb1"}
2022-06-27T04:28:36Z	INFO	pdb-webhook	Valdiating PDB Resource Action : PLUG
2022-06-27T04:28:36Z	INFO	pdb-webhook	PDB Resource : pdb1 successfully validated for Action : PLUG
2022-06-27T04:28:36Z	DEBUG	controller-runtime.webhook.webhooks	wrote response	{"webhook": "/validate-database-oracle-com-v1alpha1-pdb", "code": 200, "reason": "", "UID": "bfad69af-36be-4792-87e3-639323300167", "allowed": true}
2022-06-27T04:28:36Z	INFO	controllers.PDB	Reconcile requested	{"onpremdboperator": "oracle-database-operator-system/pdb1"}
2022-06-27T04:28:36Z	INFO	controllers.PDB	Adding finalizer	{"managePDBDeletion": "oracle-database-operator-system/pdb1"}
2022-06-27T04:28:36Z	INFO	controllers.PDB	Found PDB: pdb1	{"checkDuplicatePDB": "oracle-database-operator-system/pdb1"}
2022-06-27T04:28:36Z	INFO	controllers.PDB	Validating PDB phase for: pdb1	{"validatePhase": "oracle-database-operator-system/pdb1", "Action": "PLUG"}
2022-06-27T04:28:36Z	INFO	controllers.PDB	Validation complete	{"validatePhase": "oracle-database-operator-system/pdb1"}
2022-06-27T04:28:36Z	INFO	controllers.PDB	PDB:	{"onpremdboperator": "oracle-database-operator-system/pdb1", "Name": "pdb1", "Phase": "Plugging", "Status": "false"}
2022-06-27T04:28:36Z	INFO	controllers.PDB	Found CR for CDB	{"getCDBResource": "oracle-database-operator-system/pdb1", "Name": "cdb-dev", "CR Name": "cdb-dev"}
2022-06-27T04:28:36Z	INFO	controllers.PDB	Issuing REST call	{"callAPI": "oracle-database-operator-system/pdb1", "URL": "http://cdb-dev-ords:8888/ords/_/db-api/latest/database/pdbs/", "Action": "POST"}
2022-06-27T04:28:36Z	INFO	controllers.PDB	Found CR for CDB	{"getCDBResource": "oracle-database-operator-system/pdb1", "Name": "cdb-dev", "CR Name": "cdb-dev"}
2022-06-27T04:29:07Z	INFO	controllers.PDB	Successfully plugged PDB	{"plugPDB": "oracle-database-operator-system/pdb1", "PDB Name": "pdbnew"}
2022-06-27T04:29:07Z	INFO	controllers.PDB	Found CR for CDB	{"getCDBResource": "oracle-database-operator-system/pdb1", "Name": "cdb-dev", "CR Name": "cdb-dev"}
2022-06-27T04:29:07Z	DEBUG	events	Normal	{"object": {"kind":"PDB","namespace":"oracle-database-operator-system","name":"pdb1","uid":"dd9bef3c-e493-4d5a-ae82-b24cbf5d0be3","apiVersion":"database.oracle.com/v1alpha1","resourceVersion":"101465242"}, "reason": "Created", "message": "PDB 'pdbnew' plugged successfully"}
2022-06-27T04:29:07Z	INFO	controllers.PDB	Issuing REST call	{"callAPI": "oracle-database-operator-system/pdb1", "URL": "http://cdb-dev-ords:8888/ords/_/db-api/latest/database/pdbs/pdbnew/status", "Action": "GET"}
2022-06-27T04:29:07Z	INFO	controllers.PDB	Found CR for CDB	{"getCDBResource": "oracle-database-operator-system/pdb1", "Name": "cdb-dev", "CR Name": "cdb-dev"}
2022-06-27T04:29:07Z	INFO	controllers.PDB	Successfully obtained PDB state	{"getPDBState": "oracle-database-operator-system/pdb1", "PDB Name": "pdbnew", "State": "READ WRITE"}
2022-06-27T04:29:07Z	INFO	controllers.PDB	Reconcile completed	{"onpremdboperator": "oracle-database-operator-system/pdb1"}



-- Confirm the PDB CRD resource has been created and the PDB has been plugged in to the target CDB:

% kubectl get pdbs -A
NAMESPACE                         NAME          CONNECT STRING                                                            CDB NAME   PDB NAME       PDB STATE    PDB SIZE   STATUS   MESSAGE
oracle-database-operator-system   pdb1          goldhost-scan.lbsub52b3b1cae.okecluster.oraclevcn.com:1521/pdbnew         goldcdb    pdbnew         READ WRITE   1G         Ready    Success


SQL> show pdbs

    CON_ID CON_NAME       OPEN MODE  RESTRICTED
---------- ------------------------------ ---------- ----------
   2 PDB$SEED       READ WRITE NO
   4 PDBNEW       READ WRITE NO
