-- Check the status of the PDB CRD resource:

% kubectl get pdbs -A
NAMESPACE                         NAME          CONNECT STRING                                                            CDB NAME   PDB NAME       PDB STATE    PDB SIZE   STATUS   MESSAGE
oracle-database-operator-system   pdb1          goldhost-scan.lbsub52b3b1cae.okecluster.oraclevcn.com:1521/pdbnew         goldcdb    pdbnew         READ WRITE   1G         Ready    Success


-- Verify the status from the CDB:

SQL> show pdbs

    CON_ID CON_NAME       OPEN MODE  RESTRICTED
---------- ------------------------------ ---------- ----------
   2 PDB$SEED       READ WRITE NO
   3 PDBNEW       READ WRITE NO


-- Use the below .yaml file to close the PDB:

% cat modify_pdb_close.yaml
#
# Copyright (c) 2022, Oracle and/or its affiliates. All rights reserved.
# Licensed under the Universal Permissive License v 1.0 as shown at http://oss.oracle.com/licenses/upl.
#
apiVersion: database.oracle.com/v1alpha1
kind: PDB
metadata:
  name: pdb1
  namespace: oracle-database-operator-system
  labels:
    cdb: cdb-dev
spec:
  cdbResName: "cdb-dev"
  cdbName: "goldcdb"
  pdbName: "pdbnew"
  pdbState: "CLOSE"
  modifyOption: "IMMEDIATE"
  action: "Modify"


-- Apply the .yaml file:

% kubectl apply -f modify_pdb_close.yaml
pdb.database.oracle.com/pdb1 configured


-- Monitor the Oracle DB Operator Pod logs:

% kubectl logs -f pod/oracle-database-operator-controller-manager-76cb674c5c-f9wsd -n oracle-database-operator-system
.
.
2022-06-27T04:25:00Z	DEBUG	controller-runtime.webhook.webhooks	received request	{"webhook": "/mutate-database-oracle-com-v1alpha1-pdb", "UID": "1623a6e2-d7dc-4b0f-8aa8-efada76cac13", "kind": "database.oracle.com/v1alpha1, Kind=PDB", "resource": {"group":"database.oracle.com","version":"v1alpha1","resource":"pdbs"}}
2022-06-27T04:25:00Z	INFO	pdb-webhook	Setting default values in PDB spec for : pdb1
2022-06-27T04:25:00Z	DEBUG	controller-runtime.webhook.webhooks	wrote response	{"webhook": "/mutate-database-oracle-com-v1alpha1-pdb", "code": 200, "reason": "", "UID": "1623a6e2-d7dc-4b0f-8aa8-efada76cac13", "allowed": true}
2022-06-27T04:25:00Z	INFO	controllers.PDB	Reconcile requested	{"onpremdboperator": "oracle-database-operator-system/pdb1"}
2022-06-27T04:25:00Z	INFO	controllers.PDB	Validating PDB phase for: pdb1	{"validatePhase": "oracle-database-operator-system/pdb1", "Action": "MODIFY"}
2022-06-27T04:25:00Z	INFO	controllers.PDB	Validation complete	{"validatePhase": "oracle-database-operator-system/pdb1"}
2022-06-27T04:25:00Z	INFO	controllers.PDB	PDB:	{"onpremdboperator": "oracle-database-operator-system/pdb1", "Name": "pdb1", "Phase": "Modifying", "Status": "false"}
2022-06-27T04:25:00Z	INFO	controllers.PDB	Found CR for CDB	{"getCDBResource": "oracle-database-operator-system/pdb1", "Name": "cdb-dev", "CR Name": "cdb-dev"}
2022-06-27T04:25:00Z	INFO	controllers.PDB	Issuing REST call	{"callAPI": "oracle-database-operator-system/pdb1", "URL": "http://cdb-dev-ords:8888/ords/_/db-api/latest/database/pdbs/pdbnew/status", "Action": "GET"}
2022-06-27T04:25:00Z	INFO	controllers.PDB	Found CR for CDB	{"getCDBResource": "oracle-database-operator-system/pdb1", "Name": "cdb-dev", "CR Name": "cdb-dev"}
2022-06-27T04:25:00Z	INFO	controllers.PDB	Successfully obtained PDB state	{"getPDBState": "oracle-database-operator-system/pdb1", "PDB Name": "pdbnew", "State": "READ WRITE"}
2022-06-27T04:25:00Z	INFO	controllers.PDB	Found CR for CDB	{"getCDBResource": "oracle-database-operator-system/pdb1", "Name": "cdb-dev", "CR Name": "cdb-dev"}
2022-06-27T04:25:01Z	INFO	controllers.PDB	Issuing REST call	{"callAPI": "oracle-database-operator-system/pdb1", "URL": "http://cdb-dev-ords:8888/ords/_/db-api/latest/database/pdbs/pdbnew/status", "Action": "POST"}
2022-06-27T04:25:01Z	INFO	controllers.PDB	Found CR for CDB	{"getCDBResource": "oracle-database-operator-system/pdb1", "Name": "cdb-dev", "CR Name": "cdb-dev"}
2022-06-27T04:25:02Z	INFO	controllers.PDB	Successfully modified PDB state	{"modifyPDB": "oracle-database-operator-system/pdb1", "PDB Name": "pdbnew"}
2022-06-27T04:25:02Z	INFO	controllers.PDB	Found CR for CDB	{"getCDBResource": "oracle-database-operator-system/pdb1", "Name": "cdb-dev", "CR Name": "cdb-dev"}
2022-06-27T04:25:02Z	DEBUG	events	Normal	{"object": {"kind":"PDB","namespace":"oracle-database-operator-system","name":"pdb1","uid":"447346c7-cfb0-43ed-abb2-a0fac844a3e4","apiVersion":"database.oracle.com/v1alpha1","resourceVersion":"101464133"}, "reason": "Modified", "message": "PDB 'pdbnew' modified successfully"}
2022-06-27T04:25:02Z	INFO	controllers.PDB	Issuing REST call	{"callAPI": "oracle-database-operator-system/pdb1", "URL": "http://cdb-dev-ords:8888/ords/_/db-api/latest/database/pdbs/pdbnew/status", "Action": "GET"}
2022-06-27T04:25:02Z	INFO	controllers.PDB	Found CR for CDB	{"getCDBResource": "oracle-database-operator-system/pdb1", "Name": "cdb-dev", "CR Name": "cdb-dev"}
2022-06-27T04:25:02Z	INFO	controllers.PDB	Successfully obtained PDB state	{"getPDBState": "oracle-database-operator-system/pdb1", "PDB Name": "pdbnew", "State": "MOUNTED"}
2022-06-27T04:25:02Z	INFO	controllers.PDB	Reconcile completed	{"onpremdboperator": "oracle-database-operator-system/pdb1"}



-- Confirm the PDB is now in MOUNT status:

% kubectl get pdbs -A
NAMESPACE                         NAME          CONNECT STRING                                                            CDB NAME   PDB NAME       PDB STATE    PDB SIZE   STATUS   MESSAGE
oracle-database-operator-system   pdb1          goldhost-scan.lbsub52b3b1cae.okecluster.oraclevcn.com:1521/pdbnew         goldcdb    pdbnew         MOUNTED      1G         Ready    Success


SQL> show pdbs

    CON_ID CON_NAME       OPEN MODE  RESTRICTED
---------- ------------------------------ ---------- ----------
   2 PDB$SEED       READ WRITE NO
   3 PDBNEW       MOUNTED




-- Use the below .yaml file to unplug the PDB:

% cat unplug_pdb.yaml
#
# Copyright (c) 2022, Oracle and/or its affiliates. All rights reserved.
# Licensed under the Universal Permissive License v 1.0 as shown at http://oss.oracle.com/licenses/upl.
#
apiVersion: database.oracle.com/v1alpha1
kind: PDB
metadata:
  name: pdb1
  namespace: oracle-database-operator-system
  labels:
    cdb: cdb-dev
spec:
  cdbResName: "cdb-dev"
  cdbName: "goldcdb"
  pdbName: "pdbnew"
  xmlFileName: "/tmp/pdbnewclone.xml"
  action: "Unplug"


-- Apply the .yaml file:

% kubectl apply -f unplug_pdb.yaml
pdb.database.oracle.com/pdb1 configured


-- Monitor the Oracle DB Operator Pod logs:

% kubectl logs -f pod/oracle-database-operator-controller-manager-76cb674c5c-f9wsd -n oracle-database-operator-system
.
.
2022-06-27T04:26:10Z	DEBUG	controller-runtime.webhook.webhooks	received request	{"webhook": "/mutate-database-oracle-com-v1alpha1-pdb", "UID": "0f292426-8839-46b6-ba30-b3ffeee7e644", "kind": "database.oracle.com/v1alpha1, Kind=PDB", "resource": {"group":"database.oracle.com","version":"v1alpha1","resource":"pdbs"}}
2022-06-27T04:26:10Z	INFO	pdb-webhook	Setting default values in PDB spec for : pdb1
2022-06-27T04:26:10Z	DEBUG	controller-runtime.webhook.webhooks	wrote response	{"webhook": "/mutate-database-oracle-com-v1alpha1-pdb", "code": 200, "reason": "", "UID": "0f292426-8839-46b6-ba30-b3ffeee7e644", "allowed": true}
2022-06-27T04:26:10Z	INFO	controllers.PDB	Reconcile requested	{"onpremdboperator": "oracle-database-operator-system/pdb1"}
2022-06-27T04:26:10Z	INFO	controllers.PDB	Validating PDB phase for: pdb1	{"validatePhase": "oracle-database-operator-system/pdb1", "Action": "UNPLUG"}
2022-06-27T04:26:10Z	INFO	controllers.PDB	Validation complete	{"validatePhase": "oracle-database-operator-system/pdb1"}
2022-06-27T04:26:10Z	INFO	controllers.PDB	PDB:	{"onpremdboperator": "oracle-database-operator-system/pdb1", "Name": "pdb1", "Phase": "Unplugging", "Status": "false"}
2022-06-27T04:26:10Z	INFO	controllers.PDB	Found CR for CDB	{"getCDBResource": "oracle-database-operator-system/pdb1", "Name": "cdb-dev", "CR Name": "cdb-dev"}
2022-06-27T04:26:10Z	INFO	controllers.PDB	Issuing REST call	{"callAPI": "oracle-database-operator-system/pdb1", "URL": "http://cdb-dev-ords:8888/ords/_/db-api/latest/database/pdbs/pdbnew/", "Action": "POST"}
2022-06-27T04:26:10Z	INFO	controllers.PDB	Found CR for CDB	{"getCDBResource": "oracle-database-operator-system/pdb1", "Name": "cdb-dev", "CR Name": "cdb-dev"}
2022-06-27T04:26:18Z	INFO	controllers.PDB	Removing finalizer	{"unplugPDB": "oracle-database-operator-system/pdb1"}
2022-06-27T04:26:19Z	DEBUG	controller-runtime.webhook.webhooks	received request	{"webhook": "/validate-database-oracle-com-v1alpha1-pdb", "UID": "ce9e1a52-a372-4e3b-b148-c1e31bcb26f8", "kind": "database.oracle.com/v1alpha1, Kind=PDB", "resource": {"group":"database.oracle.com","version":"v1alpha1","resource":"pdbs"}}
2022-06-27T04:26:19Z	INFO	pdb-webhook	ValidateUpdate-Validating PDB spec for : pdb1
2022-06-27T04:26:19Z	INFO	pdb-webhook	validateCommon	{"name": "pdb1"}
2022-06-27T04:26:19Z	INFO	pdb-webhook	Valdiating PDB Resource Action : UNPLUG
2022-06-27T04:26:19Z	DEBUG	controller-runtime.webhook.webhooks	wrote response	{"webhook": "/validate-database-oracle-com-v1alpha1-pdb", "code": 200, "reason": "", "UID": "ce9e1a52-a372-4e3b-b148-c1e31bcb26f8", "allowed": true}
2022-06-27T04:26:19Z	INFO	controllers.PDB	Successfully unplugged PDB resource	{"unplugPDB": "oracle-database-operator-system/pdb1"}
2022-06-27T04:26:19Z	INFO	controllers.PDB	Reconcile completed	{"onpremdboperator": "oracle-database-operator-system/pdb1"}
2022-06-27T04:26:19Z	DEBUG	events	Normal	{"object": {"kind":"PDB","namespace":"oracle-database-operator-system","name":"pdb1","uid":"447346c7-cfb0-43ed-abb2-a0fac844a3e4","apiVersion":"database.oracle.com/v1alpha1","resourceVersion":"101464533"}, "reason": "Unplugged", "message": "PDB 'pdbnew' unplugged successfully"}



-- Confirm the PDB has been unplugged:

% kubectl get pdbs -A
No resources found


SQL> show pdbs

    CON_ID CON_NAME       OPEN MODE  RESTRICTED
---------- ------------------------------ ---------- ----------
   2 PDB$SEED       READ WRITE NO



-- Confirm the .xml file generated in the CDB host:

[oracle@goldhost1 ~]$ ls -lrt /tmp/pdbnewclone.xml
-rw-r--r-- 1 oracle asmadmin 9920 Jun 27 06:26 /tmp/pdbnewclone.xml
